[0.030s] Invoking command in '/root/ros2_ws/build/my_robot_motion_planning': CMAKE_PREFIX_PATH=/opt/ros/humble /usr/bin/cmake --build /root/ros2_ws/build/my_robot_motion_planning -- -j12 -l12
[0.045s] -- Found ament_cmake: 1.3.6 (/opt/ros/humble/share/ament_cmake/cmake)
[0.126s] -- Override CMake install command with custom implementation using symlinks instead of copying resources
[0.130s] -- Found rclcpp: 16.0.7 (/opt/ros/humble/share/rclcpp/cmake)
[0.147s] -- Found rosidl_generator_c: 3.1.5 (/opt/ros/humble/share/rosidl_generator_c/cmake)
[0.149s] -- Found rosidl_adapter: 3.1.5 (/opt/ros/humble/share/rosidl_adapter/cmake)
[0.152s] -- Found rosidl_generator_cpp: 3.1.5 (/opt/ros/humble/share/rosidl_generator_cpp/cmake)
[0.158s] -- Using all available rosidl_typesupport_c: rosidl_typesupport_fastrtps_c;rosidl_typesupport_introspection_c
[0.166s] -- Using all available rosidl_typesupport_cpp: rosidl_typesupport_fastrtps_cpp;rosidl_typesupport_introspection_cpp
[0.199s] -- Found rmw_implementation_cmake: 6.1.1 (/opt/ros/humble/share/rmw_implementation_cmake/cmake)
[0.199s] -- Found rmw_fastrtps_cpp: 6.2.5 (/opt/ros/humble/share/rmw_fastrtps_cpp/cmake)
[0.270s] -- Using RMW implementation 'rmw_fastrtps_cpp' as default
[0.360s] -- Found nav_msgs: 4.2.3 (/opt/ros/humble/share/nav_msgs/cmake)
[0.433s] -- Found tf2: 0.25.5 (/opt/ros/humble/share/tf2/cmake)
[0.438s] -- Found tf2_geometry_msgs: 0.25.5 (/opt/ros/humble/share/tf2_geometry_msgs/cmake)
[0.440s] -- Found eigen3_cmake_module: 0.1.1 (/opt/ros/humble/share/eigen3_cmake_module/cmake)
[0.441s] -- Ensuring Eigen3 include directory is part of orocos-kdl CMake target
[0.638s] [31mCMake Error at CMakeLists.txt:51 (target_link_libraries):
[0.638s]   The plain signature for target_link_libraries has already been used with
[0.638s]   the target "my_motion_planner".  All uses of target_link_libraries with a
[0.638s]   target must be either all-keyword or all-plain.
[0.638s] 
[0.638s]   The uses of the plain signature are here:
[0.638s] 
[0.638s]    * CMakeLists.txt:50 (target_link_libraries)
[0.638s] 
[0.638s] 
[0.638s] [0m
[0.638s] -- Found ament_lint_auto: 0.12.9 (/opt/ros/humble/share/ament_lint_auto/cmake)
[0.700s] -- Added test 'cppcheck' to perform static code analysis on C / C++ code
[0.701s] -- Configured cppcheck include dirs: 
[0.701s] -- Configured cppcheck exclude dirs and/or files: 
[0.705s] -- Added test 'flake8' to check Python code syntax and style conventions
[0.712s] -- Added test 'lint_cmake' to check CMake code style
[0.716s] -- Added test 'pep257' to check Python code against some of the docstring style conventions in PEP 257
[0.741s] -- Added test 'uncrustify' to check C / C++ code style
[0.741s] -- Configured uncrustify additional arguments: 
[0.744s] -- Added test 'xmllint' to check XML markup files
[0.745s] -- Configuring incomplete, errors occurred!
[0.745s] See also "/root/ros2_ws/build/my_robot_motion_planning/CMakeFiles/CMakeOutput.log".
[0.750s] gmake: *** [Makefile:267: cmake_check_build_system] Error 1
[0.751s] Invoked command in '/root/ros2_ws/build/my_robot_motion_planning' returned '2': CMAKE_PREFIX_PATH=/opt/ros/humble /usr/bin/cmake --build /root/ros2_ws/build/my_robot_motion_planning -- -j12 -l12
