[0.043s] Invoking command in '/root/ros2_ws/build/my_robot_motion_planning': CMAKE_PREFIX_PATH=${CMAKE_PREFIX_PATH}:/opt/ros/humble /usr/bin/cmake --build /root/ros2_ws/build/my_robot_motion_planning -- -j12 -l12
[0.081s] [35m[1mConsolidate compiler generated dependencies of target my_motion_planner[0m
[0.104s] [ 50%] [32mBuilding CXX object CMakeFiles/my_motion_planner.dir/src/mp.cpp.o[0m
[2.930s] [01m[K/root/ros2_ws/src/mp.cpp:[m[K In function ‘[01m[Kint main(int, char**)[m[K’:
[2.930s] [01m[K/root/ros2_ws/src/mp.cpp:133:12:[m[K [01;35m[Kwarning: [m[Kunused variable ‘[01m[Kocct[m[K’ [[01;35m[K]8;;https://gcc.gnu.org/onlinedocs/gcc/Warning-Options.html#index-Wunused-variable-Wunused-variable]8;;[m[K]
[2.930s]   133 |     double [01;35m[Kocct[m[K=config["occupied_thresh"].as<double>();
[2.930s]       |            [01;35m[K^~~~[m[K
[4.784s] [100%] [32m[1mLinking CXX executable my_motion_planner[0m
[7.016s] [100%] Built target my_motion_planner
[7.026s] Invoked command in '/root/ros2_ws/build/my_robot_motion_planning' returned '0': CMAKE_PREFIX_PATH=${CMAKE_PREFIX_PATH}:/opt/ros/humble /usr/bin/cmake --build /root/ros2_ws/build/my_robot_motion_planning -- -j12 -l12
[7.053s] Invoking command in '/root/ros2_ws/build/my_robot_motion_planning': CMAKE_PREFIX_PATH=${CMAKE_PREFIX_PATH}:/opt/ros/humble /usr/bin/cmake --install /root/ros2_ws/build/my_robot_motion_planning
[7.057s] -- Install configuration: ""
[7.057s] -- Execute custom install script
[7.058s] -- Up-to-date symlink: /root/ros2_ws/install/my_robot_motion_planning/share/my_robot_motion_planning/launch/LAUNCH.py
[7.058s] -- Up-to-date symlink: /root/ros2_ws/install/my_robot_motion_planning/share/ament_index/resource_index/package_run_dependencies/my_robot_motion_planning
[7.058s] -- Up-to-date symlink: /root/ros2_ws/install/my_robot_motion_planning/share/ament_index/resource_index/parent_prefix_path/my_robot_motion_planning
[7.058s] -- Up-to-date symlink: /root/ros2_ws/install/my_robot_motion_planning/share/my_robot_motion_planning/environment/ament_prefix_path.sh
[7.058s] -- Up-to-date symlink: /root/ros2_ws/install/my_robot_motion_planning/share/my_robot_motion_planning/environment/ament_prefix_path.dsv
[7.058s] -- Up-to-date symlink: /root/ros2_ws/install/my_robot_motion_planning/share/my_robot_motion_planning/environment/path.sh
[7.058s] -- Up-to-date symlink: /root/ros2_ws/install/my_robot_motion_planning/share/my_robot_motion_planning/environment/path.dsv
[7.058s] -- Up-to-date symlink: /root/ros2_ws/install/my_robot_motion_planning/share/my_robot_motion_planning/local_setup.bash
[7.058s] -- Up-to-date symlink: /root/ros2_ws/install/my_robot_motion_planning/share/my_robot_motion_planning/local_setup.sh
[7.058s] -- Up-to-date symlink: /root/ros2_ws/install/my_robot_motion_planning/share/my_robot_motion_planning/local_setup.zsh
[7.058s] -- Up-to-date symlink: /root/ros2_ws/install/my_robot_motion_planning/share/my_robot_motion_planning/local_setup.dsv
[7.058s] -- Symlinking: /root/ros2_ws/install/my_robot_motion_planning/share/my_robot_motion_planning/package.dsv
[7.065s] -- Up-to-date symlink: /root/ros2_ws/install/my_robot_motion_planning/share/ament_index/resource_index/packages/my_robot_motion_planning
[7.065s] -- Up-to-date symlink: /root/ros2_ws/install/my_robot_motion_planning/share/my_robot_motion_planning/cmake/my_robot_motion_planningConfig.cmake
[7.065s] -- Up-to-date symlink: /root/ros2_ws/install/my_robot_motion_planning/share/my_robot_motion_planning/cmake/my_robot_motion_planningConfig-version.cmake
[7.065s] -- Up-to-date symlink: /root/ros2_ws/install/my_robot_motion_planning/share/my_robot_motion_planning/package.xml
[7.067s] Invoked command in '/root/ros2_ws/build/my_robot_motion_planning' returned '0': CMAKE_PREFIX_PATH=${CMAKE_PREFIX_PATH}:/opt/ros/humble /usr/bin/cmake --install /root/ros2_ws/build/my_robot_motion_planning
