[0.038s] Invoking command in '/root/Downloads/navigation2-main/nav2_map_server/build/nav2_map_server': CMAKE_PREFIX_PATH=${CMAKE_PREFIX_PATH}:/opt/ros/humble /usr/bin/cmake --build /root/Downloads/navigation2-main/nav2_map_server/build/nav2_map_server -- -j12 -l12
[0.072s] [ 11%] Built target gtest
[0.072s] [ 11%] Built target gtest_main
[0.073s] [ 19%] Built target map_io
[0.087s] [ 27%] Built target test_map_saver_cli
[0.089s] [ 44%] Built target test_map_saver_publisher
[0.089s] [ 44%] Built target test_map_io
[0.090s] [ 55%] Built target map_server_core
[0.110s] [ 61%] Built target map_saver_cli
[0.111s] [ 69%] Built target test_map_server_node
[0.112s] [ 80%] Built target map_server
[0.112s] [ 80%] Built target map_saver_server
[0.112s] [ 86%] Built target costmap_filter_info_server
[0.114s] [ 91%] Built target test_costmap_filter_info_server
[0.115s] [100%] Built target test_map_saver_node
[0.124s] Invoked command in '/root/Downloads/navigation2-main/nav2_map_server/build/nav2_map_server' returned '0': CMAKE_PREFIX_PATH=${CMAKE_PREFIX_PATH}:/opt/ros/humble /usr/bin/cmake --build /root/Downloads/navigation2-main/nav2_map_server/build/nav2_map_server -- -j12 -l12
[0.165s] Invoking command in '/root/Downloads/navigation2-main/nav2_map_server/build/nav2_map_server': CMAKE_PREFIX_PATH=${CMAKE_PREFIX_PATH}:/opt/ros/humble /usr/bin/cmake --install /root/Downloads/navigation2-main/nav2_map_server/build/nav2_map_server
[0.169s] -- Install configuration: "Release"
[0.169s] -- Up-to-date: /root/Downloads/navigation2-main/nav2_map_server/install/nav2_map_server/lib/libmap_server_core.so
[0.169s] -- Up-to-date: /root/Downloads/navigation2-main/nav2_map_server/install/nav2_map_server/lib/libmap_io.so
[0.169s] -- Up-to-date: /root/Downloads/navigation2-main/nav2_map_server/install/nav2_map_server/lib/nav2_map_server/map_server
[0.170s] -- Up-to-date: /root/Downloads/navigation2-main/nav2_map_server/install/nav2_map_server/lib/nav2_map_server/map_saver_cli
[0.170s] -- Up-to-date: /root/Downloads/navigation2-main/nav2_map_server/install/nav2_map_server/lib/nav2_map_server/map_saver_server
[0.170s] -- Up-to-date: /root/Downloads/navigation2-main/nav2_map_server/install/nav2_map_server/lib/nav2_map_server/costmap_filter_info_server
[0.170s] -- Up-to-date: /root/Downloads/navigation2-main/nav2_map_server/install/nav2_map_server/include/
[0.170s] -- Up-to-date: /root/Downloads/navigation2-main/nav2_map_server/install/nav2_map_server/include//nav2_map_server
[0.170s] -- Up-to-date: /root/Downloads/navigation2-main/nav2_map_server/install/nav2_map_server/include//nav2_map_server/map_server.hpp
[0.170s] -- Up-to-date: /root/Downloads/navigation2-main/nav2_map_server/install/nav2_map_server/include//nav2_map_server/map_mode.hpp
[0.170s] -- Up-to-date: /root/Downloads/navigation2-main/nav2_map_server/install/nav2_map_server/include//nav2_map_server/costmap_filter_info_server.hpp
[0.170s] -- Up-to-date: /root/Downloads/navigation2-main/nav2_map_server/install/nav2_map_server/include//nav2_map_server/map_saver.hpp
[0.170s] -- Up-to-date: /root/Downloads/navigation2-main/nav2_map_server/install/nav2_map_server/include//nav2_map_server/map_io.hpp
[0.170s] -- Up-to-date: /root/Downloads/navigation2-main/nav2_map_server/install/nav2_map_server/share/nav2_map_server/launch
[0.170s] -- Up-to-date: /root/Downloads/navigation2-main/nav2_map_server/install/nav2_map_server/share/nav2_map_server/launch/map_saver_server.launch.py
[0.171s] -- Up-to-date: /root/Downloads/navigation2-main/nav2_map_server/install/nav2_map_server/share/nav2_map_server/launch/log
[0.171s] -- Up-to-date: /root/Downloads/navigation2-main/nav2_map_server/install/nav2_map_server/share/nav2_map_server/launch/log/build_2023-12-28_12-59-38
[0.171s] -- Up-to-date: /root/Downloads/navigation2-main/nav2_map_server/install/nav2_map_server/share/nav2_map_server/launch/log/build_2023-12-28_12-59-38/logger_all.log
[0.171s] -- Up-to-date: /root/Downloads/navigation2-main/nav2_map_server/install/nav2_map_server/share/nav2_map_server/launch/log/build_2023-12-28_12-59-38/events.log
[0.171s] -- Up-to-date: /root/Downloads/navigation2-main/nav2_map_server/install/nav2_map_server/share/nav2_map_server/launch/log/latest_build
[0.171s] -- Up-to-date: /root/Downloads/navigation2-main/nav2_map_server/install/nav2_map_server/share/nav2_map_server/launch/log/COLCON_IGNORE
[0.171s] -- Up-to-date: /root/Downloads/navigation2-main/nav2_map_server/install/nav2_map_server/share/nav2_map_server/launch/log/latest
[0.171s] -- Up-to-date: /root/Downloads/navigation2-main/nav2_map_server/install/nav2_map_server/share/nav2_map_server/launch/install
[0.171s] -- Up-to-date: /root/Downloads/navigation2-main/nav2_map_server/install/nav2_map_server/share/nav2_map_server/launch/install/local_setup.bash
[0.171s] -- Up-to-date: /root/Downloads/navigation2-main/nav2_map_server/install/nav2_map_server/share/nav2_map_server/launch/install/_local_setup_util_ps1.py
[0.171s] -- Up-to-date: /root/Downloads/navigation2-main/nav2_map_server/install/nav2_map_server/share/nav2_map_server/launch/install/_local_setup_util_sh.py
[0.171s] -- Up-to-date: /root/Downloads/navigation2-main/nav2_map_server/install/nav2_map_server/share/nav2_map_server/launch/install/local_setup.zsh
[0.171s] -- Up-to-date: /root/Downloads/navigation2-main/nav2_map_server/install/nav2_map_server/share/nav2_map_server/launch/install/.colcon_install_layout
[0.171s] -- Up-to-date: /root/Downloads/navigation2-main/nav2_map_server/install/nav2_map_server/share/nav2_map_server/launch/install/setup.zsh
[0.172s] -- Up-to-date: /root/Downloads/navigation2-main/nav2_map_server/install/nav2_map_server/share/nav2_map_server/launch/install/setup.ps1
[0.172s] -- Up-to-date: /root/Downloads/navigation2-main/nav2_map_server/install/nav2_map_server/share/nav2_map_server/launch/install/local_setup.ps1
[0.172s] -- Up-to-date: /root/Downloads/navigation2-main/nav2_map_server/install/nav2_map_server/share/nav2_map_server/launch/install/setup.bash
[0.172s] -- Up-to-date: /root/Downloads/navigation2-main/nav2_map_server/install/nav2_map_server/share/nav2_map_server/launch/install/local_setup.sh
[0.172s] -- Up-to-date: /root/Downloads/navigation2-main/nav2_map_server/install/nav2_map_server/share/nav2_map_server/launch/install/setup.sh
[0.172s] -- Up-to-date: /root/Downloads/navigation2-main/nav2_map_server/install/nav2_map_server/share/nav2_map_server/launch/install/COLCON_IGNORE
[0.172s] -- Up-to-date: /root/Downloads/navigation2-main/nav2_map_server/install/nav2_map_server/share/nav2_map_server/launch/build
[0.172s] -- Up-to-date: /root/Downloads/navigation2-main/nav2_map_server/install/nav2_map_server/share/nav2_map_server/launch/build/.built_by
[0.172s] -- Up-to-date: /root/Downloads/navigation2-main/nav2_map_server/install/nav2_map_server/share/nav2_map_server/launch/build/COLCON_IGNORE
[0.172s] -- Up-to-date: /root/Downloads/navigation2-main/nav2_map_server/install/nav2_map_server/share/nav2_map_server/launch
[0.173s] -- Up-to-date: /root/Downloads/navigation2-main/nav2_map_server/install/nav2_map_server/share/nav2_map_server/launch/map_saver_server.launch.py
[0.173s] -- Up-to-date: /root/Downloads/navigation2-main/nav2_map_server/install/nav2_map_server/share/nav2_map_server/launch/log
[0.173s] -- Up-to-date: /root/Downloads/navigation2-main/nav2_map_server/install/nav2_map_server/share/nav2_map_server/launch/log/build_2023-12-28_12-59-38
[0.173s] -- Up-to-date: /root/Downloads/navigation2-main/nav2_map_server/install/nav2_map_server/share/nav2_map_server/launch/log/build_2023-12-28_12-59-38/logger_all.log
[0.173s] -- Up-to-date: /root/Downloads/navigation2-main/nav2_map_server/install/nav2_map_server/share/nav2_map_server/launch/log/build_2023-12-28_12-59-38/events.log
[0.173s] -- Up-to-date: /root/Downloads/navigation2-main/nav2_map_server/install/nav2_map_server/share/nav2_map_server/launch/log/latest_build
[0.173s] -- Up-to-date: /root/Downloads/navigation2-main/nav2_map_server/install/nav2_map_server/share/nav2_map_server/launch/log/COLCON_IGNORE
[0.173s] -- Up-to-date: /root/Downloads/navigation2-main/nav2_map_server/install/nav2_map_server/share/nav2_map_server/launch/log/latest
[0.173s] -- Up-to-date: /root/Downloads/navigation2-main/nav2_map_server/install/nav2_map_server/share/nav2_map_server/launch/install
[0.173s] -- Up-to-date: /root/Downloads/navigation2-main/nav2_map_server/install/nav2_map_server/share/nav2_map_server/launch/install/local_setup.bash
[0.173s] -- Up-to-date: /root/Downloads/navigation2-main/nav2_map_server/install/nav2_map_server/share/nav2_map_server/launch/install/_local_setup_util_ps1.py
[0.173s] -- Up-to-date: /root/Downloads/navigation2-main/nav2_map_server/install/nav2_map_server/share/nav2_map_server/launch/install/_local_setup_util_sh.py
[0.173s] -- Up-to-date: /root/Downloads/navigation2-main/nav2_map_server/install/nav2_map_server/share/nav2_map_server/launch/install/local_setup.zsh
[0.173s] -- Up-to-date: /root/Downloads/navigation2-main/nav2_map_server/install/nav2_map_server/share/nav2_map_server/launch/install/.colcon_install_layout
[0.173s] -- Up-to-date: /root/Downloads/navigation2-main/nav2_map_server/install/nav2_map_server/share/nav2_map_server/launch/install/setup.zsh
[0.173s] -- Up-to-date: /root/Downloads/navigation2-main/nav2_map_server/install/nav2_map_server/share/nav2_map_server/launch/install/setup.ps1
[0.173s] -- Up-to-date: /root/Downloads/navigation2-main/nav2_map_server/install/nav2_map_server/share/nav2_map_server/launch/install/local_setup.ps1
[0.173s] -- Up-to-date: /root/Downloads/navigation2-main/nav2_map_server/install/nav2_map_server/share/nav2_map_server/launch/install/setup.bash
[0.173s] -- Up-to-date: /root/Downloads/navigation2-main/nav2_map_server/install/nav2_map_server/share/nav2_map_server/launch/install/local_setup.sh
[0.173s] -- Up-to-date: /root/Downloads/navigation2-main/nav2_map_server/install/nav2_map_server/share/nav2_map_server/launch/install/setup.sh
[0.173s] -- Up-to-date: /root/Downloads/navigation2-main/nav2_map_server/install/nav2_map_server/share/nav2_map_server/launch/install/COLCON_IGNORE
[0.173s] -- Up-to-date: /root/Downloads/navigation2-main/nav2_map_server/install/nav2_map_server/share/nav2_map_server/launch/build
[0.173s] -- Up-to-date: /root/Downloads/navigation2-main/nav2_map_server/install/nav2_map_server/share/nav2_map_server/launch/build/.built_by
[0.173s] -- Up-to-date: /root/Downloads/navigation2-main/nav2_map_server/install/nav2_map_server/share/nav2_map_server/launch/build/COLCON_IGNORE
[0.173s] -- Up-to-date: /root/Downloads/navigation2-main/nav2_map_server/install/nav2_map_server/share/nav2_map_server/environment/library_path.sh
[0.173s] -- Up-to-date: /root/Downloads/navigation2-main/nav2_map_server/install/nav2_map_server/share/nav2_map_server/environment/library_path.dsv
[0.173s] -- Up-to-date: /root/Downloads/navigation2-main/nav2_map_server/install/nav2_map_server/share/ament_index/resource_index/package_run_dependencies/nav2_map_server
[0.173s] -- Up-to-date: /root/Downloads/navigation2-main/nav2_map_server/install/nav2_map_server/share/ament_index/resource_index/parent_prefix_path/nav2_map_server
[0.173s] -- Up-to-date: /root/Downloads/navigation2-main/nav2_map_server/install/nav2_map_server/share/nav2_map_server/environment/ament_prefix_path.sh
[0.173s] -- Up-to-date: /root/Downloads/navigation2-main/nav2_map_server/install/nav2_map_server/share/nav2_map_server/environment/ament_prefix_path.dsv
[0.173s] -- Up-to-date: /root/Downloads/navigation2-main/nav2_map_server/install/nav2_map_server/share/nav2_map_server/environment/path.sh
[0.174s] -- Up-to-date: /root/Downloads/navigation2-main/nav2_map_server/install/nav2_map_server/share/nav2_map_server/environment/path.dsv
[0.174s] -- Up-to-date: /root/Downloads/navigation2-main/nav2_map_server/install/nav2_map_server/share/nav2_map_server/local_setup.bash
[0.174s] -- Up-to-date: /root/Downloads/navigation2-main/nav2_map_server/install/nav2_map_server/share/nav2_map_server/local_setup.sh
[0.174s] -- Up-to-date: /root/Downloads/navigation2-main/nav2_map_server/install/nav2_map_server/share/nav2_map_server/local_setup.zsh
[0.174s] -- Up-to-date: /root/Downloads/navigation2-main/nav2_map_server/install/nav2_map_server/share/nav2_map_server/local_setup.dsv
[0.174s] -- Installing: /root/Downloads/navigation2-main/nav2_map_server/install/nav2_map_server/share/nav2_map_server/package.dsv
[0.174s] -- Up-to-date: /root/Downloads/navigation2-main/nav2_map_server/install/nav2_map_server/share/ament_index/resource_index/packages/nav2_map_server
[0.174s] -- Up-to-date: /root/Downloads/navigation2-main/nav2_map_server/install/nav2_map_server/share/ament_index/resource_index/rclcpp_components/nav2_map_server
[0.174s] -- Up-to-date: /root/Downloads/navigation2-main/nav2_map_server/install/nav2_map_server/share/nav2_map_server/cmake/ament_cmake_export_include_directories-extras.cmake
[0.174s] -- Up-to-date: /root/Downloads/navigation2-main/nav2_map_server/install/nav2_map_server/share/nav2_map_server/cmake/ament_cmake_export_libraries-extras.cmake
[0.174s] -- Up-to-date: /root/Downloads/navigation2-main/nav2_map_server/install/nav2_map_server/share/nav2_map_server/cmake/ament_cmake_export_dependencies-extras.cmake
[0.174s] -- Up-to-date: /root/Downloads/navigation2-main/nav2_map_server/install/nav2_map_server/share/nav2_map_server/cmake/nav2_map_serverConfig.cmake
[0.174s] -- Up-to-date: /root/Downloads/navigation2-main/nav2_map_server/install/nav2_map_server/share/nav2_map_server/cmake/nav2_map_serverConfig-version.cmake
[0.174s] -- Up-to-date: /root/Downloads/navigation2-main/nav2_map_server/install/nav2_map_server/share/nav2_map_server/package.xml
[0.174s] Invoked command in '/root/Downloads/navigation2-main/nav2_map_server/build/nav2_map_server' returned '0': CMAKE_PREFIX_PATH=${CMAKE_PREFIX_PATH}:/opt/ros/humble /usr/bin/cmake --install /root/Downloads/navigation2-main/nav2_map_server/build/nav2_map_server
