[0.035s] Invoking command in '/root/ros2_ws/build/my_robot_motion_planning': CMAKE_PREFIX_PATH=/opt/ros/humble /usr/bin/cmake --build /root/ros2_ws/build/my_robot_motion_planning -- -j12 -l12
[0.065s] [35m[1mConsolidate compiler generated dependencies of target my_motion_planner[0m
[0.080s] [ 50%] [32mBuilding CXX object CMakeFiles/my_motion_planner.dir/src/mp.cpp.o[0m
[2.693s] [01m[K/root/ros2_ws/src/mp.cpp:[m[K In function ‘[01m[Kvoid plan(const SharedPtr&, const SharedPtr&)[m[K’:
[2.693s] [01m[K/root/ros2_ws/src/mp.cpp:129:51:[m[K [01;31m[Kerror: [m[K‘[01m[Kusing PathPtr = class std::shared_ptr<ompl::base::Path>[m[K’ {aka ‘[01m[Kclass std::shared_ptr<ompl::base::Path>[m[K’} has no member named ‘[01m[KgetStateCount[m[K’
[2.693s]   129 |         for (std::size_t i = 0; i < solution_path.[01;31m[KgetStateCount[m[K(); ++i)
[2.693s]       |                                                   [01;31m[K^~~~~~~~~~~~~[m[K
[2.693s] [01m[K/root/ros2_ws/src/mp.cpp:131:52:[m[K [01;31m[Kerror: [m[K‘[01m[Kusing PathPtr = class std::shared_ptr<ompl::base::Path>[m[K’ {aka ‘[01m[Kclass std::shared_ptr<ompl::base::Path>[m[K’} has no member named ‘[01m[KgetState[m[K’
[2.693s]   131 |             const ob::State* state = solution_path.[01;31m[KgetState[m[K(i);
[2.693s]       |                                                    [01;31m[K^~~~~~~~[m[K
[2.693s] [01m[K/root/ros2_ws/src/mp.cpp:139:37:[m[K [01;31m[Kerror: [m[K‘[01m[Ktf2[m[K’ has not been declared
[2.693s]   139 |             pose.pose.orientation = [01;31m[Ktf2[m[K::toMsg(tf2::Quaternion(tf2::Vector3(0, 0, 1), rot->value));
[2.693s]       |                                     [01;31m[K^~~[m[K
[2.693s] [01m[K/root/ros2_ws/src/mp.cpp:139:48:[m[K [01;31m[Kerror: [m[K‘[01m[Ktf2[m[K’ has not been declared
[2.693s]   139 |             pose.pose.orientation = tf2::toMsg([01;31m[Ktf2[m[K::Quaternion(tf2::Vector3(0, 0, 1), rot->value));
[2.693s]       |                                                [01;31m[K^~~[m[K
[2.693s] [01m[K/root/ros2_ws/src/mp.cpp:139:64:[m[K [01;31m[Kerror: [m[K‘[01m[Ktf2[m[K’ has not been declared
[2.693s]   139 |             pose.pose.orientation = tf2::toMsg(tf2::Quaternion([01;31m[Ktf2[m[K::Vector3(0, 0, 1), rot->value));
[2.694s]       |                                                                [01;31m[K^~~[m[K
[2.697s] [01m[K/root/ros2_ws/src/mp.cpp:[m[K In function ‘[01m[Kvoid planWithSimpleSetup(const SharedPtr&, const SharedPtr&)[m[K’:
[2.697s] [01m[K/root/ros2_ws/src/mp.cpp:210:37:[m[K [01;31m[Kerror: [m[K‘[01m[Ktf2[m[K’ has not been declared
[2.697s]   210 |             pose.pose.orientation = [01;31m[Ktf2[m[K::toMsg(tf2::Quaternion(tf2::Vector3(0, 0, 1), rot->value));
[2.697s]       |                                     [01;31m[K^~~[m[K
[2.697s] [01m[K/root/ros2_ws/src/mp.cpp:210:48:[m[K [01;31m[Kerror: [m[K‘[01m[Ktf2[m[K’ has not been declared
[2.697s]   210 |             pose.pose.orientation = tf2::toMsg([01;31m[Ktf2[m[K::Quaternion(tf2::Vector3(0, 0, 1), rot->value));
[2.697s]       |                                                [01;31m[K^~~[m[K
[2.697s] [01m[K/root/ros2_ws/src/mp.cpp:210:64:[m[K [01;31m[Kerror: [m[K‘[01m[Ktf2[m[K’ has not been declared
[2.697s]   210 |             pose.pose.orientation = tf2::toMsg(tf2::Quaternion([01;31m[Ktf2[m[K::Vector3(0, 0, 1), rot->value));
[2.697s]       |                                                                [01;31m[K^~~[m[K
[3.608s] gmake[2]: *** [CMakeFiles/my_motion_planner.dir/build.make:76: CMakeFiles/my_motion_planner.dir/src/mp.cpp.o] Error 1
[3.608s] gmake[1]: *** [CMakeFiles/Makefile2:137: CMakeFiles/my_motion_planner.dir/all] Error 2
[3.608s] gmake: *** [Makefile:146: all] Error 2
[3.611s] Invoked command in '/root/ros2_ws/build/my_robot_motion_planning' returned '2': CMAKE_PREFIX_PATH=/opt/ros/humble /usr/bin/cmake --build /root/ros2_ws/build/my_robot_motion_planning -- -j12 -l12
