[0.033s] Invoking command in '/root/ros2_ws/build/my_robot_motion_planning': CMAKE_PREFIX_PATH=/opt/ros/humble /usr/bin/cmake --build /root/ros2_ws/build/my_robot_motion_planning -- -j12 -l12
[0.047s] -- Found ament_cmake: 1.3.6 (/opt/ros/humble/share/ament_cmake/cmake)
[0.139s] -- Found rclcpp: 16.0.7 (/opt/ros/humble/share/rclcpp/cmake)
[0.174s] -- Found rosidl_generator_c: 3.1.5 (/opt/ros/humble/share/rosidl_generator_c/cmake)
[0.178s] -- Found rosidl_adapter: 3.1.5 (/opt/ros/humble/share/rosidl_adapter/cmake)
[0.185s] -- Found rosidl_generator_cpp: 3.1.5 (/opt/ros/humble/share/rosidl_generator_cpp/cmake)
[0.195s] -- Using all available rosidl_typesupport_c: rosidl_typesupport_fastrtps_c;rosidl_typesupport_introspection_c
[0.210s] -- Using all available rosidl_typesupport_cpp: rosidl_typesupport_fastrtps_cpp;rosidl_typesupport_introspection_cpp
[0.264s] -- Found rmw_implementation_cmake: 6.1.1 (/opt/ros/humble/share/rmw_implementation_cmake/cmake)
[0.266s] -- Found rmw_fastrtps_cpp: 6.2.5 (/opt/ros/humble/share/rmw_fastrtps_cpp/cmake)
[0.339s] -- Found OpenSSL: /usr/lib/x86_64-linux-gnu/libcrypto.so (found version "3.0.2")  
[0.361s] -- Found FastRTPS: /opt/ros/humble/include  
[0.393s] -- Using RMW implementation 'rmw_fastrtps_cpp' as default
[0.401s] -- Looking for pthread.h
[0.453s] -- Looking for pthread.h - found
[0.453s] -- Performing Test CMAKE_HAVE_LIBC_PTHREAD
[0.503s] -- Performing Test CMAKE_HAVE_LIBC_PTHREAD - Success
[0.504s] -- Found Threads: TRUE  
[0.622s] -- Found ament_lint_auto: 0.12.9 (/opt/ros/humble/share/ament_lint_auto/cmake)
[0.686s] -- Added test 'cppcheck' to perform static code analysis on C / C++ code
[0.686s] -- Configured cppcheck include dirs: 
[0.686s] -- Configured cppcheck exclude dirs and/or files: 
[0.688s] -- Added test 'flake8' to check Python code syntax and style conventions
[0.693s] -- Added test 'lint_cmake' to check CMake code style
[0.695s] -- Added test 'pep257' to check Python code against some of the docstring style conventions in PEP 257
[0.713s] -- Added test 'uncrustify' to check C / C++ code style
[0.713s] -- Configured uncrustify additional arguments: 
[0.715s] -- Added test 'xmllint' to check XML markup files
[0.716s] -- Configuring done
[0.747s] -- Generating done
[0.747s] -- Build files have been written to: /root/ros2_ws/build/my_robot_motion_planning
[0.767s] [35m[1mConsolidate compiler generated dependencies of target my_motion_planner[0m
[0.780s] [ 50%] [32mBuilding CXX object CMakeFiles/my_motion_planner.dir/src/mp.cpp.o[0m
[1.163s] [01m[K/root/ros2_ws/src/mp.cpp:12:10:[m[K [01;31m[Kfatal error: [m[Knav_msgs/msg/path.hpp: No such file or directory
[1.163s]    12 | #include [01;31m[K"nav_msgs/msg/path.hpp"[m[K
[1.163s]       |          [01;31m[K^~~~~~~~~~~~~~~~~~~~~~~[m[K
[1.163s] compilation terminated.
[1.169s] gmake[2]: *** [CMakeFiles/my_motion_planner.dir/build.make:76: CMakeFiles/my_motion_planner.dir/src/mp.cpp.o] Error 1
[1.169s] gmake[1]: *** [CMakeFiles/Makefile2:137: CMakeFiles/my_motion_planner.dir/all] Error 2
[1.169s] gmake: *** [Makefile:146: all] Error 2
[1.172s] Invoked command in '/root/ros2_ws/build/my_robot_motion_planning' returned '2': CMAKE_PREFIX_PATH=/opt/ros/humble /usr/bin/cmake --build /root/ros2_ws/build/my_robot_motion_planning -- -j12 -l12
