[01m[K/root/ros2_ws/src/mp.cpp:[m[K In function ‘[01m[Kvoid plan(const SharedPtr&, const SharedPtr&)[m[K’:
[01m[K/root/ros2_ws/src/mp.cpp:147:37:[m[K [01;31m[Kerror: [m[K‘[01m[Ktf2[m[K’ has not been declared
  147 |             pose.pose.orientation = [01;31m[Ktf2[m[K::toMsg(tf2::Quaternion(tf2::Vector3(0, 0, 1), rot->value));
      |                                     [01;31m[K^~~[m[K
[01m[K/root/ros2_ws/src/mp.cpp:147:48:[m[K [01;31m[Kerror: [m[K‘[01m[Ktf2[m[K’ has not been declared
  147 |             pose.pose.orientation = tf2::toMsg([01;31m[Ktf2[m[K::Quaternion(tf2::Vector3(0, 0, 1), rot->value));
      |                                                [01;31m[K^~~[m[K
[01m[K/root/ros2_ws/src/mp.cpp:147:64:[m[K [01;31m[Kerror: [m[K‘[01m[Ktf2[m[K’ has not been declared
  147 |             pose.pose.orientation = tf2::toMsg(tf2::Quaternion([01;31m[Ktf2[m[K::Vector3(0, 0, 1), rot->value));
      |                                                                [01;31m[K^~~[m[K
[01m[K/root/ros2_ws/src/mp.cpp:52:115:[m[K [01;35m[Kwarning: [m[Kunused parameter ‘[01m[Knode[m[K’ [[01;35m[K]8;;https://gcc.gnu.org/onlinedocs/gcc/Warning-Options.html#index-Wunused-parameter-Wunused-parameter]8;;[m[K]
   52 | s::msg::Path>::SharedPtr& path_publisher,[01;35m[Kconst rclcpp::Node::SharedPtr& node[m[K)
      |                                          [01;35m[K~~~~~~~~~~~~~~~~~~~~~~~~~~~~~~~^~~~[m[K

[01m[K/root/ros2_ws/src/mp.cpp:[m[K In function ‘[01m[Kvoid planWithSimpleSetup(const SharedPtr&, const SharedPtr&)[m[K’:
[01m[K/root/ros2_ws/src/mp.cpp:208:51:[m[K [01;31m[Kerror: [m[Kbase operand of ‘[01m[K->[m[K’ has non-pointer type ‘[01m[Kompl::geometric::PathGeometric[m[K’
  208 |          for (std::size_t i = 0; i < solution_path[01;31m[K->[m[KgetStateCount(); ++i)
      |                                                   [01;31m[K^~[m[K
[01m[K/root/ros2_ws/src/mp.cpp:210:51:[m[K [01;31m[Kerror: [m[Kbase operand of ‘[01m[K->[m[K’ has non-pointer type ‘[01m[Kompl::geometric::PathGeometric[m[K’
  210 |             const ob::State* state = solution_path[01;31m[K->[m[KgetState(i);
      |                                                   [01;31m[K^~[m[K
[01m[K/root/ros2_ws/src/mp.cpp:218:37:[m[K [01;31m[Kerror: [m[K‘[01m[Ktf2[m[K’ has not been declared
  218 |             pose.pose.orientation = [01;31m[Ktf2[m[K::toMsg(tf2::Quaternion(tf2::Vector3(0, 0, 1), rot->value));
      |                                     [01;31m[K^~~[m[K
[01m[K/root/ros2_ws/src/mp.cpp:218:48:[m[K [01;31m[Kerror: [m[K‘[01m[Ktf2[m[K’ has not been declared
  218 |             pose.pose.orientation = tf2::toMsg([01;31m[Ktf2[m[K::Quaternion(tf2::Vector3(0, 0, 1), rot->value));
      |                                                [01;31m[K^~~[m[K
[01m[K/root/ros2_ws/src/mp.cpp:218:64:[m[K [01;31m[Kerror: [m[K‘[01m[Ktf2[m[K’ has not been declared
  218 |             pose.pose.orientation = tf2::toMsg(tf2::Quaternion([01;31m[Ktf2[m[K::Vector3(0, 0, 1), rot->value));
      |                                                                [01;31m[K^~~[m[K
gmake[2]: *** [CMakeFiles/my_motion_planner.dir/build.make:76: CMakeFiles/my_motion_planner.dir/src/mp.cpp.o] Error 1
gmake[1]: *** [CMakeFiles/Makefile2:137: CMakeFiles/my_motion_planner.dir/all] Error 2
gmake: *** [Makefile:146: all] Error 2
