[0.040s] Invoking command in '/root/ros2_ws/build/my_robot_motion_planning': CMAKE_PREFIX_PATH=${CMAKE_PREFIX_PATH}:/opt/ros/humble /usr/bin/cmake --build /root/ros2_ws/build/my_robot_motion_planning -- -j12 -l12
[0.069s] [35m[1mConsolidate compiler generated dependencies of target my_motion_planner[0m
[0.087s] [ 50%] [32mBuilding CXX object CMakeFiles/my_motion_planner.dir/src/mp.cpp.o[0m
[4.407s] [100%] [32m[1mLinking CXX executable my_motion_planner[0m
[6.303s] [100%] Built target my_motion_planner
[6.313s] Invoked command in '/root/ros2_ws/build/my_robot_motion_planning' returned '0': CMAKE_PREFIX_PATH=${CMAKE_PREFIX_PATH}:/opt/ros/humble /usr/bin/cmake --build /root/ros2_ws/build/my_robot_motion_planning -- -j12 -l12
[6.339s] Invoking command in '/root/ros2_ws/build/my_robot_motion_planning': CMAKE_PREFIX_PATH=${CMAKE_PREFIX_PATH}:/opt/ros/humble /usr/bin/cmake --install /root/ros2_ws/build/my_robot_motion_planning
[6.343s] -- Install configuration: ""
[6.343s] -- Execute custom install script
[6.344s] -- Up-to-date symlink: /root/ros2_ws/install/my_robot_motion_planning/share/my_robot_motion_planning/launch/LAUNCH.py
[6.344s] -- Up-to-date symlink: /root/ros2_ws/install/my_robot_motion_planning/share/ament_index/resource_index/package_run_dependencies/my_robot_motion_planning
[6.344s] -- Up-to-date symlink: /root/ros2_ws/install/my_robot_motion_planning/share/ament_index/resource_index/parent_prefix_path/my_robot_motion_planning
[6.344s] -- Up-to-date symlink: /root/ros2_ws/install/my_robot_motion_planning/share/my_robot_motion_planning/environment/ament_prefix_path.sh
[6.344s] -- Up-to-date symlink: /root/ros2_ws/install/my_robot_motion_planning/share/my_robot_motion_planning/environment/ament_prefix_path.dsv
[6.344s] -- Up-to-date symlink: /root/ros2_ws/install/my_robot_motion_planning/share/my_robot_motion_planning/environment/path.sh
[6.344s] -- Up-to-date symlink: /root/ros2_ws/install/my_robot_motion_planning/share/my_robot_motion_planning/environment/path.dsv
[6.344s] -- Up-to-date symlink: /root/ros2_ws/install/my_robot_motion_planning/share/my_robot_motion_planning/local_setup.bash
[6.344s] -- Up-to-date symlink: /root/ros2_ws/install/my_robot_motion_planning/share/my_robot_motion_planning/local_setup.sh
[6.344s] -- Up-to-date symlink: /root/ros2_ws/install/my_robot_motion_planning/share/my_robot_motion_planning/local_setup.zsh
[6.344s] -- Up-to-date symlink: /root/ros2_ws/install/my_robot_motion_planning/share/my_robot_motion_planning/local_setup.dsv
[6.344s] -- Symlinking: /root/ros2_ws/install/my_robot_motion_planning/share/my_robot_motion_planning/package.dsv
[6.349s] -- Up-to-date symlink: /root/ros2_ws/install/my_robot_motion_planning/share/ament_index/resource_index/packages/my_robot_motion_planning
[6.349s] -- Up-to-date symlink: /root/ros2_ws/install/my_robot_motion_planning/share/my_robot_motion_planning/cmake/my_robot_motion_planningConfig.cmake
[6.350s] -- Up-to-date symlink: /root/ros2_ws/install/my_robot_motion_planning/share/my_robot_motion_planning/cmake/my_robot_motion_planningConfig-version.cmake
[6.350s] -- Up-to-date symlink: /root/ros2_ws/install/my_robot_motion_planning/share/my_robot_motion_planning/package.xml
[6.351s] Invoked command in '/root/ros2_ws/build/my_robot_motion_planning' returned '0': CMAKE_PREFIX_PATH=${CMAKE_PREFIX_PATH}:/opt/ros/humble /usr/bin/cmake --install /root/ros2_ws/build/my_robot_motion_planning
