[0.034s] Invoking command in '/root/ros2_ws/build/my_robot_motion_planning': CMAKE_PREFIX_PATH=/opt/ros/humble /usr/bin/cmake --build /root/ros2_ws/build/my_robot_motion_planning -- -j12 -l12
[0.066s] [35m[1mConsolidate compiler generated dependencies of target my_motion_planner[0m
[0.084s] [ 50%] [32mBuilding CXX object CMakeFiles/my_motion_planner.dir/src/mp.cpp.o[0m
[4.581s] [100%] [32m[1mLinking CXX executable my_motion_planner[0m
[6.659s] [100%] Built target my_motion_planner
[6.669s] Invoked command in '/root/ros2_ws/build/my_robot_motion_planning' returned '0': CMAKE_PREFIX_PATH=/opt/ros/humble /usr/bin/cmake --build /root/ros2_ws/build/my_robot_motion_planning -- -j12 -l12
[6.689s] Invoking command in '/root/ros2_ws/build/my_robot_motion_planning': CMAKE_PREFIX_PATH=/opt/ros/humble /usr/bin/cmake --install /root/ros2_ws/build/my_robot_motion_planning
[6.693s] -- Install configuration: ""
[6.693s] -- Execute custom install script
[6.693s] -- Up-to-date symlink: /root/ros2_ws/install/my_robot_motion_planning/share/my_robot_motion_planning/launch/LAUNCH.py
[6.693s] -- Up-to-date symlink: /root/ros2_ws/install/my_robot_motion_planning/share/ament_index/resource_index/package_run_dependencies/my_robot_motion_planning
[6.693s] -- Up-to-date symlink: /root/ros2_ws/install/my_robot_motion_planning/share/ament_index/resource_index/parent_prefix_path/my_robot_motion_planning
[6.693s] -- Up-to-date symlink: /root/ros2_ws/install/my_robot_motion_planning/share/my_robot_motion_planning/environment/ament_prefix_path.sh
[6.693s] -- Up-to-date symlink: /root/ros2_ws/install/my_robot_motion_planning/share/my_robot_motion_planning/environment/ament_prefix_path.dsv
[6.693s] -- Up-to-date symlink: /root/ros2_ws/install/my_robot_motion_planning/share/my_robot_motion_planning/environment/path.sh
[6.694s] -- Up-to-date symlink: /root/ros2_ws/install/my_robot_motion_planning/share/my_robot_motion_planning/environment/path.dsv
[6.694s] -- Up-to-date symlink: /root/ros2_ws/install/my_robot_motion_planning/share/my_robot_motion_planning/local_setup.bash
[6.694s] -- Up-to-date symlink: /root/ros2_ws/install/my_robot_motion_planning/share/my_robot_motion_planning/local_setup.sh
[6.694s] -- Up-to-date symlink: /root/ros2_ws/install/my_robot_motion_planning/share/my_robot_motion_planning/local_setup.zsh
[6.694s] -- Up-to-date symlink: /root/ros2_ws/install/my_robot_motion_planning/share/my_robot_motion_planning/local_setup.dsv
[6.694s] -- Symlinking: /root/ros2_ws/install/my_robot_motion_planning/share/my_robot_motion_planning/package.dsv
[6.700s] -- Up-to-date symlink: /root/ros2_ws/install/my_robot_motion_planning/share/ament_index/resource_index/packages/my_robot_motion_planning
[6.700s] -- Up-to-date symlink: /root/ros2_ws/install/my_robot_motion_planning/share/my_robot_motion_planning/cmake/my_robot_motion_planningConfig.cmake
[6.700s] -- Up-to-date symlink: /root/ros2_ws/install/my_robot_motion_planning/share/my_robot_motion_planning/cmake/my_robot_motion_planningConfig-version.cmake
[6.700s] -- Up-to-date symlink: /root/ros2_ws/install/my_robot_motion_planning/share/my_robot_motion_planning/package.xml
[6.702s] Invoked command in '/root/ros2_ws/build/my_robot_motion_planning' returned '0': CMAKE_PREFIX_PATH=/opt/ros/humble /usr/bin/cmake --install /root/ros2_ws/build/my_robot_motion_planning
