-- The C compiler identification is GNU 11.4.0
-- The CXX compiler identification is GNU 11.4.0
-- Detecting C compiler ABI info
-- Detecting C compiler ABI info - done
-- Check for working C compiler: /usr/bin/cc - skipped
-- Detecting C compile features
-- Detecting C compile features - done
-- Detecting CXX compiler ABI info
-- Detecting CXX compiler ABI info - done
-- Check for working CXX compiler: /usr/bin/c++ - skipped
-- Detecting CXX compile features
-- Detecting CXX compile features - done
-- Found ompl: /opt/ros/humble/include/ompl-1.6;/usr/include;/usr/include/eigen3  
-- Found ament_cmake: 1.3.6 (/opt/ros/humble/share/ament_cmake/cmake)
-- Found Python3: /usr/bin/python3.10 (found version "3.10.12") found components: Interpreter 
-- Found OpenCV: /usr/local (found version "4.8.0") 
-- Found ament_lint_auto: 0.12.9 (/opt/ros/humble/share/ament_lint_auto/cmake)
-- Added test 'cppcheck' to perform static code analysis on C / C++ code
-- Configured cppcheck include dirs: 
-- Configured cppcheck exclude dirs and/or files: 
-- Added test 'flake8' to check Python code syntax and style conventions
-- Added test 'lint_cmake' to check CMake code style
-- Added test 'pep257' to check Python code against some of the docstring style conventions in PEP 257
-- Added test 'uncrustify' to check C / C++ code style
-- Configured uncrustify additional arguments: 
-- Added test 'xmllint' to check XML markup files
-- Configuring done
-- Generating done
-- Build files have been written to: /root/ros2_ws/build/my_robot_motion_planning
[ 50%] [32mBuilding CXX object CMakeFiles/my_motion_planner.dir/src/mp.cpp.o[0m
[100%] [32m[1mLinking CXX executable my_motion_planner[0m
[100%] Built target my_motion_planner
-- Install configuration: ""
-- Up-to-date: /root/ros2_ws/install/my_robot_motion_planning/share/my_robot_motion_planning/launch
-- Up-to-date: /root/ros2_ws/install/my_robot_motion_planning/share/my_robot_motion_planning/launch/LAUNCH.py
-- Installing: /root/ros2_ws/install/my_robot_motion_planning/share/ament_index/resource_index/package_run_dependencies/my_robot_motion_planning
-- Installing: /root/ros2_ws/install/my_robot_motion_planning/share/ament_index/resource_index/parent_prefix_path/my_robot_motion_planning
-- Installing: /root/ros2_ws/install/my_robot_motion_planning/share/my_robot_motion_planning/environment/ament_prefix_path.sh
-- Installing: /root/ros2_ws/install/my_robot_motion_planning/share/my_robot_motion_planning/environment/ament_prefix_path.dsv
-- Installing: /root/ros2_ws/install/my_robot_motion_planning/share/my_robot_motion_planning/environment/path.sh
-- Installing: /root/ros2_ws/install/my_robot_motion_planning/share/my_robot_motion_planning/environment/path.dsv
-- Installing: /root/ros2_ws/install/my_robot_motion_planning/share/my_robot_motion_planning/local_setup.bash
-- Installing: /root/ros2_ws/install/my_robot_motion_planning/share/my_robot_motion_planning/local_setup.sh
-- Installing: /root/ros2_ws/install/my_robot_motion_planning/share/my_robot_motion_planning/local_setup.zsh
-- Installing: /root/ros2_ws/install/my_robot_motion_planning/share/my_robot_motion_planning/local_setup.dsv
-- Installing: /root/ros2_ws/install/my_robot_motion_planning/share/my_robot_motion_planning/package.dsv
-- Installing: /root/ros2_ws/install/my_robot_motion_planning/share/ament_index/resource_index/packages/my_robot_motion_planning
-- Installing: /root/ros2_ws/install/my_robot_motion_planning/share/my_robot_motion_planning/cmake/my_robot_motion_planningConfig.cmake
-- Installing: /root/ros2_ws/install/my_robot_motion_planning/share/my_robot_motion_planning/cmake/my_robot_motion_planningConfig-version.cmake
-- Up-to-date: /root/ros2_ws/install/my_robot_motion_planning/share/my_robot_motion_planning/package.xml
