[0.041s] Invoking command in '/root/ros2_ws/build/my_robot_motion_planning': CMAKE_PREFIX_PATH=${CMAKE_PREFIX_PATH}:/opt/ros/humble /usr/bin/cmake --build /root/ros2_ws/build/my_robot_motion_planning -- -j12 -l12
[0.060s] -- Found ament_cmake: 1.3.6 (/opt/ros/humble/share/ament_cmake/cmake)
[0.150s] -- Override CMake install command with custom implementation using symlinks instead of copying resources
[0.154s] -- Found rclcpp: 16.0.7 (/opt/ros/humble/share/rclcpp/cmake)
[0.172s] -- Found rosidl_generator_c: 3.1.5 (/opt/ros/humble/share/rosidl_generator_c/cmake)
[0.173s] -- Found rosidl_adapter: 3.1.5 (/opt/ros/humble/share/rosidl_adapter/cmake)
[0.177s] -- Found rosidl_generator_cpp: 3.1.5 (/opt/ros/humble/share/rosidl_generator_cpp/cmake)
[0.183s] -- Using all available rosidl_typesupport_c: rosidl_typesupport_fastrtps_c;rosidl_typesupport_introspection_c
[0.192s] -- Using all available rosidl_typesupport_cpp: rosidl_typesupport_fastrtps_cpp;rosidl_typesupport_introspection_cpp
[0.227s] -- Found rmw_implementation_cmake: 6.1.1 (/opt/ros/humble/share/rmw_implementation_cmake/cmake)
[0.228s] -- Found rmw_fastrtps_cpp: 6.2.5 (/opt/ros/humble/share/rmw_fastrtps_cpp/cmake)
[0.304s] -- Using RMW implementation 'rmw_fastrtps_cpp' as default
[0.400s] -- Found nav_msgs: 4.2.3 (/opt/ros/humble/share/nav_msgs/cmake)
[0.475s] -- Found tf2: 0.25.5 (/opt/ros/humble/share/tf2/cmake)
[0.480s] -- Found tf2_geometry_msgs: 0.25.5 (/opt/ros/humble/share/tf2_geometry_msgs/cmake)
[0.482s] -- Found eigen3_cmake_module: 0.1.1 (/opt/ros/humble/share/eigen3_cmake_module/cmake)
[0.483s] -- Ensuring Eigen3 include directory is part of orocos-kdl CMake target
[0.682s] -- Found ament_lint_auto: 0.12.9 (/opt/ros/humble/share/ament_lint_auto/cmake)
[0.762s] -- Added test 'cppcheck' to perform static code analysis on C / C++ code
[0.762s] -- Configured cppcheck include dirs: /root/ros2_ws/SYSTEM
[0.762s] -- Configured cppcheck exclude dirs and/or files: 
[0.767s] -- Added test 'flake8' to check Python code syntax and style conventions
[0.775s] -- Added test 'lint_cmake' to check CMake code style
[0.779s] -- Added test 'pep257' to check Python code against some of the docstring style conventions in PEP 257
[0.816s] -- Added test 'uncrustify' to check C / C++ code style
[0.816s] -- Configured uncrustify additional arguments: 
[0.822s] -- Added test 'xmllint' to check XML markup files
[0.823s] -- Configuring done
[0.894s] -- Generating done
[0.895s] -- Build files have been written to: /root/ros2_ws/build/my_robot_motion_planning
[0.921s] [35m[1mConsolidate compiler generated dependencies of target my_motion_planner[0m
[0.940s] [100%] Built target my_motion_planner
[0.947s] Invoked command in '/root/ros2_ws/build/my_robot_motion_planning' returned '0': CMAKE_PREFIX_PATH=${CMAKE_PREFIX_PATH}:/opt/ros/humble /usr/bin/cmake --build /root/ros2_ws/build/my_robot_motion_planning -- -j12 -l12
[0.967s] Invoking command in '/root/ros2_ws/build/my_robot_motion_planning': CMAKE_PREFIX_PATH=${CMAKE_PREFIX_PATH}:/opt/ros/humble /usr/bin/cmake --install /root/ros2_ws/build/my_robot_motion_planning
[0.971s] -- Install configuration: ""
[0.972s] -- Execute custom install script
[0.972s] -- Up-to-date symlink: /root/ros2_ws/install/my_robot_motion_planning/share/my_robot_motion_planning/launch/LAUNCH.py
[0.972s] [31mCMake Error at ament_cmake_symlink_install/ament_cmake_symlink_install.cmake:100 (message):
[0.972s]   ament_cmake_symlink_install_directory() can't find '/root/ros2_ws/libexec/'
[0.972s] Call Stack (most recent call first):
[0.972s]   ament_cmake_symlink_install/ament_cmake_symlink_install.cmake:317 (ament_cmake_symlink_install_directory)
[0.972s]   cmake_install.cmake:46 (include)
[0.972s] 
[0.973s] [0m
[0.974s] Invoked command in '/root/ros2_ws/build/my_robot_motion_planning' returned '1': CMAKE_PREFIX_PATH=${CMAKE_PREFIX_PATH}:/opt/ros/humble /usr/bin/cmake --install /root/ros2_ws/build/my_robot_motion_planning
