2023-12-27 16:28:12.720 [info] Extension host with pid 8391 started
2023-12-27 16:28:12.915 [info] ExtensionService#_doActivateExtension vscode.git-base, startup: true, activationEvent: '*', root cause: vscode.git
2023-12-27 16:28:13.099 [info] ExtensionService#_doActivateExtension vscode.git, startup: true, activationEvent: '*'
2023-12-27 16:28:13.163 [info] ExtensionService#_doActivateExtension vscode.github, startup: true, activationEvent: '*'
2023-12-27 16:28:13.235 [info] Eager extensions activated
2023-12-27 16:28:13.251 [info] ExtensionService#_doActivateExtension vscode.debug-auto-launch, startup: false, activationEvent: 'onStartupFinished'
2023-12-27 16:28:13.255 [info] ExtensionService#_doActivateExtension vscode.merge-conflict, startup: false, activationEvent: 'onStartupFinished'
2023-12-27 16:28:20.464 [info] Extension host terminating: renderer closed the MessagePort
2023-12-27 16:28:20.475 [info] Extension host with pid 8391 exiting with code 0
2023-12-27 16:28:21.108 [info] Extension host with pid 8495 started
2023-12-27 16:28:21.108 [info] Skipping acquiring lock for /root/ros2_ws/src/map_prov/tmp/User/workspaceStorage/d3c7039dc4f3aea61f49414fac31189f.
2023-12-27 16:28:21.138 [info] ExtensionService#_doActivateExtension vscode.git-base, startup: true, activationEvent: '*'
2023-12-27 16:28:21.146 [info] ExtensionService#_doActivateExtension vscode.github, startup: true, activationEvent: '*'
2023-12-27 16:28:21.192 [info] Eager extensions activated
2023-12-27 16:28:21.197 [info] ExtensionService#_doActivateExtension vscode.debug-auto-launch, startup: false, activationEvent: 'onStartupFinished'
2023-12-27 16:28:21.198 [info] ExtensionService#_doActivateExtension vscode.merge-conflict, startup: false, activationEvent: 'onStartupFinished'
2023-12-27 16:28:23.161 [info] ExtensionService#_doActivateExtension vscode.git, startup: false, activationEvent: 'api', root cause: vscode.github
2023-12-27 16:28:23.222 [info] ExtensionService#_doActivateExtension ms-vscode.cmake-tools, startup: false, activationEvent: 'workspaceContains:CMakeLists.txt'
2023-12-27 16:28:23.321 [info] ExtensionService#_doActivateExtension ms-vscode.cpptools, startup: false, activationEvent: 'workspaceContains:/.vscode/c_cpp_properties.json'
2023-12-27 16:28:23.787 [info] ExtensionService#_doActivateExtension vscode.extension-editing, startup: false, activationEvent: 'onLanguage:json'
2023-12-27 16:28:23.801 [info] ExtensionService#_doActivateExtension vscode.json-language-features, startup: false, activationEvent: 'onLanguage:json'
2023-12-27 16:28:23.842 [info] ExtensionService#_doActivateExtension vscode.npm, startup: false, activationEvent: 'onLanguage:json'
2023-12-27 16:28:23.862 [info] ExtensionService#_doActivateExtension vscode.emmet, startup: false, activationEvent: 'onLanguage'
2023-12-27 16:28:23.918 [info] ExtensionService#_doActivateExtension vscode.typescript-language-features, startup: false, activationEvent: 'onLanguage:jsonc'
2023-12-27 16:29:38.283 [info] ExtensionService#_doActivateExtension twxs.cmake, startup: false, activationEvent: 'onLanguage:cmake'
