[0.772s] DEBUG:colcon:Command line arguments: ['/usr/bin/colcon', 'build']
[0.772s] DEBUG:colcon:Parsed command line arguments: Namespace(log_base=None, log_level=None, verb_name='build', build_base='build', install_base='install', merge_install=False, symlink_install=False, test_result_base=None, continue_on_error=False, executor='parallel', parallel_workers=12, event_handlers=None, ignore_user_meta=False, metas=['./colcon.meta'], base_paths=['.'], packages_ignore=None, packages_ignore_regex=None, paths=None, packages_up_to=None, packages_up_to_regex=None, packages_above=None, packages_above_and_dependencies=None, packages_above_depth=None, packages_select_by_dep=None, packages_skip_by_dep=None, packages_skip_up_to=None, packages_select_build_failed=False, packages_skip_build_finished=False, packages_select_test_failures=False, packages_skip_test_passed=False, packages_select=None, packages_skip=None, packages_select_regex=None, packages_skip_regex=None, packages_start=None, packages_end=None, allow_overriding=[], cmake_args=None, cmake_target=None, cmake_target_skip_unavailable=False, cmake_clean_cache=False, cmake_clean_first=False, cmake_force_configure=False, ament_cmake_args=None, catkin_cmake_args=None, catkin_skip_building_tests=False, verb_parser=<colcon_defaults.argument_parser.defaults.DefaultArgumentsDecorator object at 0x7f18412a8790>, verb_extension=<colcon_core.verb.build.BuildVerb object at 0x7f184153c3a0>, main=<bound method BuildVerb.main of <colcon_core.verb.build.BuildVerb object at 0x7f184153c3a0>>)
[0.810s] Level 1:colcon.colcon_core.package_discovery:discover_packages(colcon_meta) check parameters
[0.810s] Level 1:colcon.colcon_core.package_discovery:discover_packages(recursive) check parameters
[0.810s] Level 1:colcon.colcon_core.package_discovery:discover_packages(ignore) check parameters
[0.810s] Level 1:colcon.colcon_core.package_discovery:discover_packages(path) check parameters
[0.810s] Level 1:colcon.colcon_core.package_discovery:discover_packages(colcon_meta) discover
[0.810s] Level 1:colcon.colcon_core.package_discovery:discover_packages(recursive) discover
[0.810s] INFO:colcon.colcon_core.package_discovery:Crawling recursively for packages in '/root/ros2_ws'
[0.811s] Level 1:colcon.colcon_core.package_identification:_identify(.) by extensions ['ignore', 'ignore_ament_install']
[0.811s] Level 1:colcon.colcon_core.package_identification:_identify(.) by extension 'ignore'
[0.811s] Level 1:colcon.colcon_core.package_identification:_identify(.) by extension 'ignore_ament_install'
[0.811s] Level 1:colcon.colcon_core.package_identification:_identify(.) by extensions ['colcon_pkg']
[0.811s] Level 1:colcon.colcon_core.package_identification:_identify(.) by extension 'colcon_pkg'
[0.811s] Level 1:colcon.colcon_core.package_identification:_identify(.) by extensions ['colcon_meta']
[0.811s] Level 1:colcon.colcon_core.package_identification:_identify(.) by extension 'colcon_meta'
[0.811s] Level 1:colcon.colcon_core.package_identification:_identify(.) by extensions ['ros']
[0.811s] Level 1:colcon.colcon_core.package_identification:_identify(.) by extension 'ros'
[0.823s] DEBUG:colcon.colcon_core.package_identification:Package '.' with type 'ros.ament_cmake' and name 'my_robot_motion_planning'
[0.823s] Level 1:colcon.colcon_core.package_discovery:discover_packages(recursive) using defaults
[0.823s] Level 1:colcon.colcon_core.package_discovery:discover_packages(ignore) discover
[0.823s] Level 1:colcon.colcon_core.package_discovery:discover_packages(ignore) using defaults
[0.823s] Level 1:colcon.colcon_core.package_discovery:discover_packages(path) discover
[0.823s] Level 1:colcon.colcon_core.package_discovery:discover_packages(path) using defaults
[0.891s] Level 1:colcon.colcon_core.package_discovery:discover_packages(prefix_path) check parameters
[0.891s] Level 1:colcon.colcon_core.package_discovery:discover_packages(prefix_path) discover
[0.914s] DEBUG:colcon.colcon_installed_package_information.package_discovery:Found 1 installed packages in /root/ros2_ws/install
[0.925s] DEBUG:colcon.colcon_installed_package_information.package_discovery:Found 409 installed packages in /opt/ros/humble
[0.927s] Level 1:colcon.colcon_core.package_discovery:discover_packages(prefix_path) using defaults
[1.027s] Level 5:colcon.colcon_core.verb:set package 'my_robot_motion_planning' build argument 'cmake_args' from command line to 'None'
[1.027s] Level 5:colcon.colcon_core.verb:set package 'my_robot_motion_planning' build argument 'cmake_target' from command line to 'None'
[1.027s] Level 5:colcon.colcon_core.verb:set package 'my_robot_motion_planning' build argument 'cmake_target_skip_unavailable' from command line to 'False'
[1.027s] Level 5:colcon.colcon_core.verb:set package 'my_robot_motion_planning' build argument 'cmake_clean_cache' from command line to 'False'
[1.027s] Level 5:colcon.colcon_core.verb:set package 'my_robot_motion_planning' build argument 'cmake_clean_first' from command line to 'False'
[1.027s] Level 5:colcon.colcon_core.verb:set package 'my_robot_motion_planning' build argument 'cmake_force_configure' from command line to 'False'
[1.027s] Level 5:colcon.colcon_core.verb:set package 'my_robot_motion_planning' build argument 'ament_cmake_args' from command line to 'None'
[1.027s] Level 5:colcon.colcon_core.verb:set package 'my_robot_motion_planning' build argument 'catkin_cmake_args' from command line to 'None'
[1.027s] Level 5:colcon.colcon_core.verb:set package 'my_robot_motion_planning' build argument 'catkin_skip_building_tests' from command line to 'False'
[1.027s] DEBUG:colcon.colcon_core.verb:Building package 'my_robot_motion_planning' with the following arguments: {'ament_cmake_args': None, 'build_base': '/root/ros2_ws/build/my_robot_motion_planning', 'catkin_cmake_args': None, 'catkin_skip_building_tests': False, 'cmake_args': None, 'cmake_clean_cache': False, 'cmake_clean_first': False, 'cmake_force_configure': False, 'cmake_target': None, 'cmake_target_skip_unavailable': False, 'install_base': '/root/ros2_ws/install/my_robot_motion_planning', 'merge_install': False, 'path': '/root/ros2_ws', 'symlink_install': False, 'test_result_base': None}
[1.038s] INFO:colcon.colcon_core.executor:Executing jobs using 'parallel' executor
[1.050s] DEBUG:colcon.colcon_parallel_executor.executor.parallel:run_until_complete
[1.050s] INFO:colcon.colcon_ros.task.ament_cmake.build:Building ROS package in '/root/ros2_ws' with build type 'ament_cmake'
[1.050s] INFO:colcon.colcon_cmake.task.cmake.build:Building CMake package in '/root/ros2_ws'
[1.065s] INFO:colcon.colcon_core.plugin_system:Skipping extension 'colcon_core.shell.bat': Not used on non-Windows systems
[1.065s] INFO:colcon.colcon_core.shell:Skip shell extension 'powershell' for command environment: Not usable outside of PowerShell
[1.065s] DEBUG:colcon.colcon_core.shell:Skip shell extension 'dsv' for command environment
[1.108s] DEBUG:colcon.colcon_core.event_handler.log_command:Invoking command in '/root/ros2_ws/build/my_robot_motion_planning': CMAKE_PREFIX_PATH=${CMAKE_PREFIX_PATH}:/opt/ros/humble /usr/bin/cmake --build /root/ros2_ws/build/my_robot_motion_planning -- -j12 -l12
[1.203s] DEBUG:colcon.colcon_core.event_handler.log_command:Invoked command in '/root/ros2_ws/build/my_robot_motion_planning' returned '0': CMAKE_PREFIX_PATH=${CMAKE_PREFIX_PATH}:/opt/ros/humble /usr/bin/cmake --build /root/ros2_ws/build/my_robot_motion_planning -- -j12 -l12
[1.239s] DEBUG:colcon.colcon_core.event_handler.log_command:Invoking command in '/root/ros2_ws/build/my_robot_motion_planning': CMAKE_PREFIX_PATH=${CMAKE_PREFIX_PATH}:/opt/ros/humble /usr/bin/cmake --install /root/ros2_ws/build/my_robot_motion_planning
[1.263s] Level 1:colcon.colcon_core.environment:create_environment_scripts_only(my_robot_motion_planning)
[1.263s] DEBUG:colcon.colcon_core.event_handler.log_command:Invoked command in '/root/ros2_ws/build/my_robot_motion_planning' returned '0': CMAKE_PREFIX_PATH=${CMAKE_PREFIX_PATH}:/opt/ros/humble /usr/bin/cmake --install /root/ros2_ws/build/my_robot_motion_planning
[1.279s] Level 1:colcon.colcon_core.environment:checking '/root/ros2_ws/install/my_robot_motion_planning' for CMake module files
[1.280s] Level 1:colcon.colcon_core.environment:checking '/root/ros2_ws/install/my_robot_motion_planning' for CMake config files
[1.280s] Level 1:colcon.colcon_core.shell:create_environment_hook('my_robot_motion_planning', 'cmake_prefix_path')
[1.291s] INFO:colcon.colcon_core.shell:Creating environment hook '/root/ros2_ws/install/my_robot_motion_planning/share/my_robot_motion_planning/hook/cmake_prefix_path.ps1'
[1.291s] INFO:colcon.colcon_core.shell:Creating environment descriptor '/root/ros2_ws/install/my_robot_motion_planning/share/my_robot_motion_planning/hook/cmake_prefix_path.dsv'
[1.292s] INFO:colcon.colcon_core.shell:Creating environment hook '/root/ros2_ws/install/my_robot_motion_planning/share/my_robot_motion_planning/hook/cmake_prefix_path.sh'
[1.292s] Level 1:colcon.colcon_core.environment:checking '/root/ros2_ws/install/my_robot_motion_planning/lib'
[1.292s] Level 1:colcon.colcon_core.environment:checking '/root/ros2_ws/install/my_robot_motion_planning/bin'
[1.292s] Level 1:colcon.colcon_core.environment:checking '/root/ros2_ws/install/my_robot_motion_planning/lib/pkgconfig/my_robot_motion_planning.pc'
[1.293s] Level 1:colcon.colcon_core.environment:checking '/root/ros2_ws/install/my_robot_motion_planning/lib/python3.10/site-packages'
[1.293s] Level 1:colcon.colcon_core.environment:checking '/root/ros2_ws/install/my_robot_motion_planning/bin'
[1.303s] INFO:colcon.colcon_core.shell:Creating package script '/root/ros2_ws/install/my_robot_motion_planning/share/my_robot_motion_planning/package.ps1'
[1.304s] INFO:colcon.colcon_core.shell:Creating package descriptor '/root/ros2_ws/install/my_robot_motion_planning/share/my_robot_motion_planning/package.dsv'
[1.305s] INFO:colcon.colcon_core.shell:Creating package script '/root/ros2_ws/install/my_robot_motion_planning/share/my_robot_motion_planning/package.sh'
[1.305s] INFO:colcon.colcon_core.shell:Creating package script '/root/ros2_ws/install/my_robot_motion_planning/share/my_robot_motion_planning/package.bash'
[1.306s] INFO:colcon.colcon_core.shell:Creating package script '/root/ros2_ws/install/my_robot_motion_planning/share/my_robot_motion_planning/package.zsh'
[1.306s] Level 1:colcon.colcon_core.environment:create_file_with_runtime_dependencies(/root/ros2_ws/install/my_robot_motion_planning/share/colcon-core/packages/my_robot_motion_planning)
[1.342s] Level 1:colcon.colcon_core.environment:create_environment_scripts_only(my_robot_motion_planning)
[1.355s] Level 1:colcon.colcon_core.environment:checking '/root/ros2_ws/install/my_robot_motion_planning' for CMake module files
[1.355s] Level 1:colcon.colcon_core.environment:checking '/root/ros2_ws/install/my_robot_motion_planning' for CMake config files
[1.355s] Level 1:colcon.colcon_core.shell:create_environment_hook('my_robot_motion_planning', 'cmake_prefix_path')
[1.369s] INFO:colcon.colcon_core.shell:Creating environment hook '/root/ros2_ws/install/my_robot_motion_planning/share/my_robot_motion_planning/hook/cmake_prefix_path.ps1'
[1.369s] INFO:colcon.colcon_core.shell:Creating environment descriptor '/root/ros2_ws/install/my_robot_motion_planning/share/my_robot_motion_planning/hook/cmake_prefix_path.dsv'
[1.370s] INFO:colcon.colcon_core.shell:Creating environment hook '/root/ros2_ws/install/my_robot_motion_planning/share/my_robot_motion_planning/hook/cmake_prefix_path.sh'
[1.370s] Level 1:colcon.colcon_core.environment:checking '/root/ros2_ws/install/my_robot_motion_planning/lib'
[1.370s] Level 1:colcon.colcon_core.environment:checking '/root/ros2_ws/install/my_robot_motion_planning/bin'
[1.370s] Level 1:colcon.colcon_core.environment:checking '/root/ros2_ws/install/my_robot_motion_planning/lib/pkgconfig/my_robot_motion_planning.pc'
[1.370s] Level 1:colcon.colcon_core.environment:checking '/root/ros2_ws/install/my_robot_motion_planning/lib/python3.10/site-packages'
[1.371s] Level 1:colcon.colcon_core.environment:checking '/root/ros2_ws/install/my_robot_motion_planning/bin'
[1.381s] INFO:colcon.colcon_core.shell:Creating package script '/root/ros2_ws/install/my_robot_motion_planning/share/my_robot_motion_planning/package.ps1'
[1.381s] INFO:colcon.colcon_core.shell:Creating package descriptor '/root/ros2_ws/install/my_robot_motion_planning/share/my_robot_motion_planning/package.dsv'
[1.382s] INFO:colcon.colcon_core.shell:Creating package script '/root/ros2_ws/install/my_robot_motion_planning/share/my_robot_motion_planning/package.sh'
[1.382s] INFO:colcon.colcon_core.shell:Creating package script '/root/ros2_ws/install/my_robot_motion_planning/share/my_robot_motion_planning/package.bash'
[1.382s] INFO:colcon.colcon_core.shell:Creating package script '/root/ros2_ws/install/my_robot_motion_planning/share/my_robot_motion_planning/package.zsh'
[1.382s] Level 1:colcon.colcon_core.environment:create_file_with_runtime_dependencies(/root/ros2_ws/install/my_robot_motion_planning/share/colcon-core/packages/my_robot_motion_planning)
[1.383s] DEBUG:colcon.colcon_parallel_executor.executor.parallel:closing loop
[1.383s] DEBUG:colcon.colcon_parallel_executor.executor.parallel:loop closed
[1.383s] DEBUG:colcon.colcon_parallel_executor.executor.parallel:run_until_complete finished with '0'
[1.383s] DEBUG:colcon.colcon_core.event_reactor:joining thread
[1.412s] INFO:colcon.colcon_core.plugin_system:Skipping extension 'colcon_notification.desktop_notification.terminal_notifier': Not used on non-Darwin systems
[1.412s] INFO:colcon.colcon_core.plugin_system:Skipping extension 'colcon_notification.desktop_notification.win32': Not used on non-Windows systems
[1.412s] INFO:colcon.colcon_notification.desktop_notification:Sending desktop notification using 'notify2'
[1.428s] DEBUG:colcon.colcon_core.event_reactor:joined thread
[1.440s] INFO:colcon.colcon_core.shell:Creating prefix script '/root/ros2_ws/install/local_setup.ps1'
[1.441s] INFO:colcon.colcon_core.shell:Creating prefix util module '/root/ros2_ws/install/_local_setup_util_ps1.py'
[1.442s] INFO:colcon.colcon_core.shell:Creating prefix chain script '/root/ros2_ws/install/setup.ps1'
[1.453s] INFO:colcon.colcon_core.shell:Creating prefix script '/root/ros2_ws/install/local_setup.sh'
[1.454s] INFO:colcon.colcon_core.shell:Creating prefix util module '/root/ros2_ws/install/_local_setup_util_sh.py'
[1.454s] INFO:colcon.colcon_core.shell:Creating prefix chain script '/root/ros2_ws/install/setup.sh'
[1.466s] INFO:colcon.colcon_core.shell:Creating prefix script '/root/ros2_ws/install/local_setup.bash'
[1.466s] INFO:colcon.colcon_core.shell:Creating prefix chain script '/root/ros2_ws/install/setup.bash'
[1.478s] INFO:colcon.colcon_core.shell:Creating prefix script '/root/ros2_ws/install/local_setup.zsh'
[1.478s] INFO:colcon.colcon_core.shell:Creating prefix chain script '/root/ros2_ws/install/setup.zsh'
