[0.031s] Invoking command in '/root/ros2_ws/build/my_robot_motion_planning': CMAKE_PREFIX_PATH=/opt/ros/humble /usr/bin/cmake --build /root/ros2_ws/build/my_robot_motion_planning -- -j12 -l12
[0.048s] -- Found ament_cmake: 1.3.5 (/opt/ros/humble/share/ament_cmake/cmake)
[0.139s] -- OpenCV_INCLUDE_DIRS: /usr/local/include/opencv4
[0.139s] -- OpenCV_LIBS: opencv_calib3d;opencv_core;opencv_dnn;opencv_features2d;opencv_flann;opencv_gapi;opencv_highgui;opencv_imgcodecs;opencv_imgproc;opencv_ml;opencv_objdetect;opencv_photo;opencv_stitching;opencv_video;opencv_videoio
[0.140s] -- Found ament_lint_auto: 0.12.8 (/opt/ros/humble/share/ament_lint_auto/cmake)
[0.188s] -- Added test 'cppcheck' to perform static code analysis on C / C++ code
[0.189s] -- Configured cppcheck include dirs: 
[0.189s] -- Configured cppcheck exclude dirs and/or files: 
[0.190s] -- Added test 'flake8' to check Python code syntax and style conventions
[0.193s] -- Added test 'lint_cmake' to check CMake code style
[0.194s] -- Added test 'pep257' to check Python code against some of the docstring style conventions in PEP 257
[0.205s] -- Added test 'uncrustify' to check C / C++ code style
[0.205s] -- Configured uncrustify additional arguments: 
[0.207s] -- Added test 'xmllint' to check XML markup files
[0.207s] -- Configuring done
[0.212s] -- Generating done
[0.212s] -- Build files have been written to: /root/ros2_ws/build/my_robot_motion_planning
[0.229s] [35m[1mConsolidate compiler generated dependencies of target my_motion_planner[0m
[0.238s] [ 50%] [32m[1mLinking CXX executable my_motion_planner[0m
[0.252s] /usr/bin/ld: cannot find -l{OpenCV4_LIBS}: No such file or directory
[0.264s] collect2: error: ld returned 1 exit status
[0.266s] gmake[2]: *** [CMakeFiles/my_motion_planner.dir/build.make:102: my_motion_planner] Error 1
[0.266s] gmake[1]: *** [CMakeFiles/Makefile2:137: CMakeFiles/my_motion_planner.dir/all] Error 2
[0.266s] gmake: *** [Makefile:146: all] Error 2
[0.268s] Invoked command in '/root/ros2_ws/build/my_robot_motion_planning' returned '2': CMAKE_PREFIX_PATH=/opt/ros/humble /usr/bin/cmake --build /root/ros2_ws/build/my_robot_motion_planning -- -j12 -l12
