[0.039s] Invoking command in '/root/ros2_ws/build/my_robot_motion_planning': CMAKE_PREFIX_PATH=${CMAKE_PREFIX_PATH}:/opt/ros/humble /usr/bin/cmake --build /root/ros2_ws/build/my_robot_motion_planning -- -j12 -l12
[0.054s] -- Found ament_cmake: 1.3.5 (/opt/ros/humble/share/ament_cmake/cmake)
[0.142s] [31mCMake Error at CMakeLists.txt:17 (install):
[0.142s]   install DIRECTORY given no DESTINATION!
[0.142s] 
[0.142s] [0m
[0.142s] -- Found ament_lint_auto: 0.12.8 (/opt/ros/humble/share/ament_lint_auto/cmake)
[0.184s] -- Added test 'cppcheck' to perform static code analysis on C / C++ code
[0.184s] -- Configured cppcheck include dirs: 
[0.184s] -- Configured cppcheck exclude dirs and/or files: 
[0.185s] -- Added test 'flake8' to check Python code syntax and style conventions
[0.186s] -- Added test 'lint_cmake' to check CMake code style
[0.186s] -- Added test 'pep257' to check Python code against some of the docstring style conventions in PEP 257
[0.190s] -- Added test 'uncrustify' to check C / C++ code style
[0.190s] -- Configured uncrustify additional arguments: 
[0.191s] -- Added test 'xmllint' to check XML markup files
[0.191s] -- Configuring incomplete, errors occurred!
[0.191s] See also "/root/ros2_ws/build/my_robot_motion_planning/CMakeFiles/CMakeOutput.log".
[0.193s] gmake: *** [Makefile:267: cmake_check_build_system] Error 1
[0.194s] Invoked command in '/root/ros2_ws/build/my_robot_motion_planning' returned '2': CMAKE_PREFIX_PATH=${CMAKE_PREFIX_PATH}:/opt/ros/humble /usr/bin/cmake --build /root/ros2_ws/build/my_robot_motion_planning -- -j12 -l12
