[0.490s] DEBUG:colcon:Command line arguments: ['/usr/bin/colcon', 'build']
[0.490s] DEBUG:colcon:Parsed command line arguments: Namespace(log_base=None, log_level=None, verb_name='build', build_base='build', install_base='install', merge_install=False, symlink_install=False, test_result_base=None, continue_on_error=False, executor='parallel', parallel_workers=12, event_handlers=None, ignore_user_meta=False, metas=['./colcon.meta'], base_paths=['.'], packages_ignore=None, packages_ignore_regex=None, paths=None, packages_up_to=None, packages_up_to_regex=None, packages_above=None, packages_above_and_dependencies=None, packages_above_depth=None, packages_select_by_dep=None, packages_skip_by_dep=None, packages_skip_up_to=None, packages_select_build_failed=False, packages_skip_build_finished=False, packages_select_test_failures=False, packages_skip_test_passed=False, packages_select=None, packages_skip=None, packages_select_regex=None, packages_skip_regex=None, packages_start=None, packages_end=None, allow_overriding=[], cmake_args=None, cmake_target=None, cmake_target_skip_unavailable=False, cmake_clean_cache=False, cmake_clean_first=False, cmake_force_configure=False, ament_cmake_args=None, catkin_cmake_args=None, catkin_skip_building_tests=False, verb_parser=<colcon_defaults.argument_parser.defaults.DefaultArgumentsDecorator object at 0x7ff6bec4a650>, verb_extension=<colcon_core.verb.build.BuildVerb object at 0x7ff6bec49060>, main=<bound method BuildVerb.main of <colcon_core.verb.build.BuildVerb object at 0x7ff6bec49060>>)
[0.514s] Level 1:colcon.colcon_core.package_discovery:discover_packages(colcon_meta) check parameters
[0.514s] Level 1:colcon.colcon_core.package_discovery:discover_packages(recursive) check parameters
[0.514s] Level 1:colcon.colcon_core.package_discovery:discover_packages(ignore) check parameters
[0.514s] Level 1:colcon.colcon_core.package_discovery:discover_packages(path) check parameters
[0.514s] Level 1:colcon.colcon_core.package_discovery:discover_packages(colcon_meta) discover
[0.514s] Level 1:colcon.colcon_core.package_discovery:discover_packages(recursive) discover
[0.514s] INFO:colcon.colcon_core.package_discovery:Crawling recursively for packages in '/root/ros2_ws'
[0.514s] Level 1:colcon.colcon_core.package_identification:_identify(.) by extensions ['ignore', 'ignore_ament_install']
[0.515s] Level 1:colcon.colcon_core.package_identification:_identify(.) by extension 'ignore'
[0.515s] Level 1:colcon.colcon_core.package_identification:_identify(.) by extension 'ignore_ament_install'
[0.515s] Level 1:colcon.colcon_core.package_identification:_identify(.) by extensions ['colcon_pkg']
[0.515s] Level 1:colcon.colcon_core.package_identification:_identify(.) by extension 'colcon_pkg'
[0.515s] Level 1:colcon.colcon_core.package_identification:_identify(.) by extensions ['colcon_meta']
[0.515s] Level 1:colcon.colcon_core.package_identification:_identify(.) by extension 'colcon_meta'
[0.515s] Level 1:colcon.colcon_core.package_identification:_identify(.) by extensions ['ros']
[0.515s] Level 1:colcon.colcon_core.package_identification:_identify(.) by extension 'ros'
[0.522s] DEBUG:colcon.colcon_core.package_identification:Package '.' with type 'ros.ament_cmake' and name 'my_robot_motion_planning'
[0.522s] Level 1:colcon.colcon_core.package_discovery:discover_packages(recursive) using defaults
[0.522s] Level 1:colcon.colcon_core.package_discovery:discover_packages(ignore) discover
[0.522s] Level 1:colcon.colcon_core.package_discovery:discover_packages(ignore) using defaults
[0.522s] Level 1:colcon.colcon_core.package_discovery:discover_packages(path) discover
[0.522s] Level 1:colcon.colcon_core.package_discovery:discover_packages(path) using defaults
[0.569s] Level 1:colcon.colcon_core.package_discovery:discover_packages(prefix_path) check parameters
[0.569s] Level 1:colcon.colcon_core.package_discovery:discover_packages(prefix_path) discover
[0.577s] WARNING:colcon.colcon_core.prefix_path.colcon:The path '/root/ros2_ws/src/install' in the environment variable COLCON_PREFIX_PATH doesn't exist
[0.577s] WARNING:colcon.colcon_ros.prefix_path.ament:The path '/root/ros2_ws/src/install/my_robot_motion_planning' in the environment variable AMENT_PREFIX_PATH doesn't exist
[0.577s] WARNING:colcon.colcon_ros.prefix_path.catkin:The path '/root/ros2_ws/src/install/my_robot_motion_planning' in the environment variable CMAKE_PREFIX_PATH doesn't exist
[0.585s] DEBUG:colcon.colcon_installed_package_information.package_discovery:Found 1 installed packages in /root/ros2_ws/install
[0.594s] DEBUG:colcon.colcon_installed_package_information.package_discovery:Found 410 installed packages in /opt/ros/humble
[0.609s] Level 1:colcon.colcon_core.package_discovery:discover_packages(prefix_path) using defaults
[0.664s] Level 5:colcon.colcon_core.verb:set package 'my_robot_motion_planning' build argument 'cmake_args' from command line to 'None'
[0.665s] Level 5:colcon.colcon_core.verb:set package 'my_robot_motion_planning' build argument 'cmake_target' from command line to 'None'
[0.665s] Level 5:colcon.colcon_core.verb:set package 'my_robot_motion_planning' build argument 'cmake_target_skip_unavailable' from command line to 'False'
[0.665s] Level 5:colcon.colcon_core.verb:set package 'my_robot_motion_planning' build argument 'cmake_clean_cache' from command line to 'False'
[0.665s] Level 5:colcon.colcon_core.verb:set package 'my_robot_motion_planning' build argument 'cmake_clean_first' from command line to 'False'
[0.665s] Level 5:colcon.colcon_core.verb:set package 'my_robot_motion_planning' build argument 'cmake_force_configure' from command line to 'False'
[0.665s] Level 5:colcon.colcon_core.verb:set package 'my_robot_motion_planning' build argument 'ament_cmake_args' from command line to 'None'
[0.665s] Level 5:colcon.colcon_core.verb:set package 'my_robot_motion_planning' build argument 'catkin_cmake_args' from command line to 'None'
[0.665s] Level 5:colcon.colcon_core.verb:set package 'my_robot_motion_planning' build argument 'catkin_skip_building_tests' from command line to 'False'
[0.665s] DEBUG:colcon.colcon_core.verb:Building package 'my_robot_motion_planning' with the following arguments: {'ament_cmake_args': None, 'build_base': '/root/ros2_ws/build/my_robot_motion_planning', 'catkin_cmake_args': None, 'catkin_skip_building_tests': False, 'cmake_args': None, 'cmake_clean_cache': False, 'cmake_clean_first': False, 'cmake_force_configure': False, 'cmake_target': None, 'cmake_target_skip_unavailable': False, 'install_base': '/root/ros2_ws/install/my_robot_motion_planning', 'merge_install': False, 'path': '/root/ros2_ws', 'symlink_install': False, 'test_result_base': None}
[0.671s] INFO:colcon.colcon_core.executor:Executing jobs using 'parallel' executor
[0.679s] DEBUG:colcon.colcon_parallel_executor.executor.parallel:run_until_complete
[0.679s] INFO:colcon.colcon_ros.task.ament_cmake.build:Building ROS package in '/root/ros2_ws' with build type 'ament_cmake'
[0.679s] INFO:colcon.colcon_cmake.task.cmake.build:Building CMake package in '/root/ros2_ws'
[0.688s] INFO:colcon.colcon_core.plugin_system:Skipping extension 'colcon_core.shell.bat': Not used on non-Windows systems
[0.688s] INFO:colcon.colcon_core.shell:Skip shell extension 'powershell' for command environment: Not usable outside of PowerShell
[0.688s] DEBUG:colcon.colcon_core.shell:Skip shell extension 'dsv' for command environment
[0.719s] DEBUG:colcon.colcon_core.event_handler.log_command:Invoking command in '/root/ros2_ws/build/my_robot_motion_planning': CMAKE_PREFIX_PATH=${CMAKE_PREFIX_PATH}:/opt/ros/humble /usr/bin/cmake --build /root/ros2_ws/build/my_robot_motion_planning -- -j12 -l12
[0.905s] DEBUG:colcon.colcon_core.event_handler.log_command:Invoked command in '/root/ros2_ws/build/my_robot_motion_planning' returned '0': CMAKE_PREFIX_PATH=${CMAKE_PREFIX_PATH}:/opt/ros/humble /usr/bin/cmake --build /root/ros2_ws/build/my_robot_motion_planning -- -j12 -l12
[0.924s] DEBUG:colcon.colcon_core.event_handler.log_command:Invoking command in '/root/ros2_ws/build/my_robot_motion_planning': CMAKE_PREFIX_PATH=${CMAKE_PREFIX_PATH}:/opt/ros/humble /usr/bin/cmake --install /root/ros2_ws/build/my_robot_motion_planning
[0.929s] Level 1:colcon.colcon_core.environment:create_environment_scripts_only(my_robot_motion_planning)
[0.929s] DEBUG:colcon.colcon_core.event_handler.log_command:Invoked command in '/root/ros2_ws/build/my_robot_motion_planning' returned '0': CMAKE_PREFIX_PATH=${CMAKE_PREFIX_PATH}:/opt/ros/humble /usr/bin/cmake --install /root/ros2_ws/build/my_robot_motion_planning
[0.937s] Level 1:colcon.colcon_core.environment:checking '/root/ros2_ws/install/my_robot_motion_planning' for CMake module files
[0.938s] Level 1:colcon.colcon_core.environment:checking '/root/ros2_ws/install/my_robot_motion_planning' for CMake config files
[0.938s] Level 1:colcon.colcon_core.shell:create_environment_hook('my_robot_motion_planning', 'cmake_prefix_path')
[0.945s] INFO:colcon.colcon_core.shell:Creating environment hook '/root/ros2_ws/install/my_robot_motion_planning/share/my_robot_motion_planning/hook/cmake_prefix_path.ps1'
[0.945s] INFO:colcon.colcon_core.shell:Creating environment descriptor '/root/ros2_ws/install/my_robot_motion_planning/share/my_robot_motion_planning/hook/cmake_prefix_path.dsv'
[0.945s] INFO:colcon.colcon_core.shell:Creating environment hook '/root/ros2_ws/install/my_robot_motion_planning/share/my_robot_motion_planning/hook/cmake_prefix_path.sh'
[0.946s] Level 1:colcon.colcon_core.environment:checking '/root/ros2_ws/install/my_robot_motion_planning/lib'
[0.946s] Level 1:colcon.colcon_core.environment:checking '/root/ros2_ws/install/my_robot_motion_planning/bin'
[0.946s] Level 1:colcon.colcon_core.environment:checking '/root/ros2_ws/install/my_robot_motion_planning/lib/pkgconfig/my_robot_motion_planning.pc'
[0.946s] Level 1:colcon.colcon_core.environment:checking '/root/ros2_ws/install/my_robot_motion_planning/lib/python3.10/site-packages'
[0.946s] Level 1:colcon.colcon_core.environment:checking '/root/ros2_ws/install/my_robot_motion_planning/bin'
[0.953s] INFO:colcon.colcon_core.shell:Creating package script '/root/ros2_ws/install/my_robot_motion_planning/share/my_robot_motion_planning/package.ps1'
[0.953s] INFO:colcon.colcon_core.shell:Creating package descriptor '/root/ros2_ws/install/my_robot_motion_planning/share/my_robot_motion_planning/package.dsv'
[0.953s] INFO:colcon.colcon_core.shell:Creating package script '/root/ros2_ws/install/my_robot_motion_planning/share/my_robot_motion_planning/package.sh'
[0.954s] INFO:colcon.colcon_core.shell:Creating package script '/root/ros2_ws/install/my_robot_motion_planning/share/my_robot_motion_planning/package.bash'
[0.954s] INFO:colcon.colcon_core.shell:Creating package script '/root/ros2_ws/install/my_robot_motion_planning/share/my_robot_motion_planning/package.zsh'
[0.954s] Level 1:colcon.colcon_core.environment:create_file_with_runtime_dependencies(/root/ros2_ws/install/my_robot_motion_planning/share/colcon-core/packages/my_robot_motion_planning)
[0.975s] Level 1:colcon.colcon_core.environment:create_environment_scripts_only(my_robot_motion_planning)
[0.982s] Level 1:colcon.colcon_core.environment:checking '/root/ros2_ws/install/my_robot_motion_planning' for CMake module files
[0.983s] Level 1:colcon.colcon_core.environment:checking '/root/ros2_ws/install/my_robot_motion_planning' for CMake config files
[0.983s] Level 1:colcon.colcon_core.shell:create_environment_hook('my_robot_motion_planning', 'cmake_prefix_path')
[0.992s] INFO:colcon.colcon_core.shell:Creating environment hook '/root/ros2_ws/install/my_robot_motion_planning/share/my_robot_motion_planning/hook/cmake_prefix_path.ps1'
[0.992s] INFO:colcon.colcon_core.shell:Creating environment descriptor '/root/ros2_ws/install/my_robot_motion_planning/share/my_robot_motion_planning/hook/cmake_prefix_path.dsv'
[0.993s] INFO:colcon.colcon_core.shell:Creating environment hook '/root/ros2_ws/install/my_robot_motion_planning/share/my_robot_motion_planning/hook/cmake_prefix_path.sh'
[0.993s] Level 1:colcon.colcon_core.environment:checking '/root/ros2_ws/install/my_robot_motion_planning/lib'
[0.993s] Level 1:colcon.colcon_core.environment:checking '/root/ros2_ws/install/my_robot_motion_planning/bin'
[0.993s] Level 1:colcon.colcon_core.environment:checking '/root/ros2_ws/install/my_robot_motion_planning/lib/pkgconfig/my_robot_motion_planning.pc'
[0.993s] Level 1:colcon.colcon_core.environment:checking '/root/ros2_ws/install/my_robot_motion_planning/lib/python3.10/site-packages'
[0.993s] Level 1:colcon.colcon_core.environment:checking '/root/ros2_ws/install/my_robot_motion_planning/bin'
[1.001s] INFO:colcon.colcon_core.shell:Creating package script '/root/ros2_ws/install/my_robot_motion_planning/share/my_robot_motion_planning/package.ps1'
[1.002s] INFO:colcon.colcon_core.shell:Creating package descriptor '/root/ros2_ws/install/my_robot_motion_planning/share/my_robot_motion_planning/package.dsv'
[1.002s] INFO:colcon.colcon_core.shell:Creating package script '/root/ros2_ws/install/my_robot_motion_planning/share/my_robot_motion_planning/package.sh'
[1.002s] INFO:colcon.colcon_core.shell:Creating package script '/root/ros2_ws/install/my_robot_motion_planning/share/my_robot_motion_planning/package.bash'
[1.002s] INFO:colcon.colcon_core.shell:Creating package script '/root/ros2_ws/install/my_robot_motion_planning/share/my_robot_motion_planning/package.zsh'
[1.003s] Level 1:colcon.colcon_core.environment:create_file_with_runtime_dependencies(/root/ros2_ws/install/my_robot_motion_planning/share/colcon-core/packages/my_robot_motion_planning)
[1.003s] DEBUG:colcon.colcon_parallel_executor.executor.parallel:closing loop
[1.003s] DEBUG:colcon.colcon_parallel_executor.executor.parallel:loop closed
[1.003s] DEBUG:colcon.colcon_parallel_executor.executor.parallel:run_until_complete finished with '0'
[1.003s] DEBUG:colcon.colcon_core.event_reactor:joining thread
[1.015s] INFO:colcon.colcon_core.plugin_system:Skipping extension 'colcon_notification.desktop_notification.terminal_notifier': Not used on non-Darwin systems
[1.016s] INFO:colcon.colcon_core.plugin_system:Skipping extension 'colcon_notification.desktop_notification.win32': Not used on non-Windows systems
[1.016s] INFO:colcon.colcon_notification.desktop_notification:Sending desktop notification using 'notify2'
[1.026s] DEBUG:colcon.colcon_core.event_reactor:joined thread
[1.036s] INFO:colcon.colcon_core.shell:Creating prefix script '/root/ros2_ws/install/local_setup.ps1'
[1.037s] INFO:colcon.colcon_core.shell:Creating prefix util module '/root/ros2_ws/install/_local_setup_util_ps1.py'
[1.037s] INFO:colcon.colcon_core.shell:Creating prefix chain script '/root/ros2_ws/install/setup.ps1'
[1.046s] INFO:colcon.colcon_core.shell:Creating prefix script '/root/ros2_ws/install/local_setup.sh'
[1.046s] INFO:colcon.colcon_core.shell:Creating prefix util module '/root/ros2_ws/install/_local_setup_util_sh.py'
[1.046s] INFO:colcon.colcon_core.shell:Creating prefix chain script '/root/ros2_ws/install/setup.sh'
[1.055s] INFO:colcon.colcon_core.shell:Creating prefix script '/root/ros2_ws/install/local_setup.bash'
[1.055s] INFO:colcon.colcon_core.shell:Creating prefix chain script '/root/ros2_ws/install/setup.bash'
[1.063s] INFO:colcon.colcon_core.shell:Creating prefix script '/root/ros2_ws/install/local_setup.zsh'
[1.063s] INFO:colcon.colcon_core.shell:Creating prefix chain script '/root/ros2_ws/install/setup.zsh'
