[0.031s] Invoking command in '/root/ros2_ws/build/my_robot_motion_planning': CMAKE_PREFIX_PATH=/opt/ros/humble /usr/bin/cmake --build /root/ros2_ws/build/my_robot_motion_planning -- -j12 -l12
[0.060s] [35m[1mConsolidate compiler generated dependencies of target my_motion_planner[0m
[0.075s] [ 50%] [32mBuilding CXX object CMakeFiles/my_motion_planner.dir/src/mp.cpp.o[0m
[2.655s] [01m[K/root/ros2_ws/src/mp.cpp:[m[K In function ‘[01m[Kvoid plan(const SharedPtr&, const SharedPtr&)[m[K’:
[2.656s] [01m[K/root/ros2_ws/src/mp.cpp:139:37:[m[K [01;31m[Kerror: [m[K‘[01m[Ktf2[m[K’ has not been declared
[2.656s]   139 |             pose.pose.orientation = [01;31m[Ktf2[m[K::toMsg(tf2::Quaternion(tf2::Vector3(0, 0, 1), rot->value));
[2.656s]       |                                     [01;31m[K^~~[m[K
[2.656s] [01m[K/root/ros2_ws/src/mp.cpp:139:48:[m[K [01;31m[Kerror: [m[K‘[01m[Ktf2[m[K’ has not been declared
[2.656s]   139 |             pose.pose.orientation = tf2::toMsg([01;31m[Ktf2[m[K::Quaternion(tf2::Vector3(0, 0, 1), rot->value));
[2.656s]       |                                                [01;31m[K^~~[m[K
[2.656s] [01m[K/root/ros2_ws/src/mp.cpp:139:64:[m[K [01;31m[Kerror: [m[K‘[01m[Ktf2[m[K’ has not been declared
[2.656s]   139 |             pose.pose.orientation = tf2::toMsg(tf2::Quaternion([01;31m[Ktf2[m[K::Vector3(0, 0, 1), rot->value));
[2.656s]       |                                                                [01;31m[K^~~[m[K
[2.659s] [01m[K/root/ros2_ws/src/mp.cpp:[m[K In function ‘[01m[Kvoid planWithSimpleSetup(const SharedPtr&, const SharedPtr&)[m[K’:
[2.659s] [01m[K/root/ros2_ws/src/mp.cpp:200:51:[m[K [01;31m[Kerror: [m[Kbase operand of ‘[01m[K->[m[K’ has non-pointer type ‘[01m[Kompl::geometric::PathGeometric[m[K’
[2.659s]   200 |          for (std::size_t i = 0; i < solution_path[01;31m[K->[m[KgetStateCount(); ++i)
[2.659s]       |                                                   [01;31m[K^~[m[K
[2.659s] [01m[K/root/ros2_ws/src/mp.cpp:202:51:[m[K [01;31m[Kerror: [m[Kbase operand of ‘[01m[K->[m[K’ has non-pointer type ‘[01m[Kompl::geometric::PathGeometric[m[K’
[2.659s]   202 |             const ob::State* state = solution_path[01;31m[K->[m[KgetState(i);
[2.659s]       |                                                   [01;31m[K^~[m[K
[2.660s] [01m[K/root/ros2_ws/src/mp.cpp:210:37:[m[K [01;31m[Kerror: [m[K‘[01m[Ktf2[m[K’ has not been declared
[2.660s]   210 |             pose.pose.orientation = [01;31m[Ktf2[m[K::toMsg(tf2::Quaternion(tf2::Vector3(0, 0, 1), rot->value));
[2.660s]       |                                     [01;31m[K^~~[m[K
[2.660s] [01m[K/root/ros2_ws/src/mp.cpp:210:48:[m[K [01;31m[Kerror: [m[K‘[01m[Ktf2[m[K’ has not been declared
[2.660s]   210 |             pose.pose.orientation = tf2::toMsg([01;31m[Ktf2[m[K::Quaternion(tf2::Vector3(0, 0, 1), rot->value));
[2.660s]       |                                                [01;31m[K^~~[m[K
[2.660s] [01m[K/root/ros2_ws/src/mp.cpp:210:64:[m[K [01;31m[Kerror: [m[K‘[01m[Ktf2[m[K’ has not been declared
[2.660s]   210 |             pose.pose.orientation = tf2::toMsg(tf2::Quaternion([01;31m[Ktf2[m[K::Vector3(0, 0, 1), rot->value));
[2.660s]       |                                                                [01;31m[K^~~[m[K
[3.572s] gmake[2]: *** [CMakeFiles/my_motion_planner.dir/build.make:76: CMakeFiles/my_motion_planner.dir/src/mp.cpp.o] Error 1
[3.572s] gmake[1]: *** [CMakeFiles/Makefile2:137: CMakeFiles/my_motion_planner.dir/all] Error 2
[3.572s] gmake: *** [Makefile:146: all] Error 2
[3.574s] Invoked command in '/root/ros2_ws/build/my_robot_motion_planning' returned '2': CMAKE_PREFIX_PATH=/opt/ros/humble /usr/bin/cmake --build /root/ros2_ws/build/my_robot_motion_planning -- -j12 -l12
