[0.039s] Invoking command in '/root/ros2_ws/build/my_robot_motion_planning': CMAKE_PREFIX_PATH=${CMAKE_PREFIX_PATH}:/opt/ros/humble /usr/bin/cmake --build /root/ros2_ws/build/my_robot_motion_planning -- -j12 -l12
[0.072s] [35m[1mConsolidate compiler generated dependencies of target my_motion_planner[0m
[0.092s] [ 50%] [32mBuilding CXX object CMakeFiles/my_motion_planner.dir/src/mp.cpp.o[0m
[2.640s] [01m[K/root/ros2_ws/src/mp.cpp:[m[K In function ‘[01m[Kbool isStateValid(const ompl::base::State*)[m[K’:
[2.640s] [01m[K/root/ros2_ws/src/mp.cpp:24:28:[m[K [01;31m[Kerror: [m[K‘[01m[Kendl[m[K’ was not declared in this scope; did you mean ‘[01m[Kstd::endl[m[K’?
[2.640s]    24 |         std::cout<<"Here"<<[01;31m[Kendl[m[K;
[2.640s]       |                            [01;31m[K^~~~[m[K
[2.640s]       |                            [32m[Kstd::endl[m[K
[2.640s] In file included from [01m[K/usr/include/c++/11/istream:39[m[K,
[2.640s]                  from [01m[K/usr/include/c++/11/sstream:38[m[K,
[2.640s]                  from [01m[K/opt/ros/humble/include/builtin_interfaces/builtin_interfaces/msg/detail/time__traits.hpp:10[m[K,
[2.640s]                  from [01m[K/opt/ros/humble/include/builtin_interfaces/builtin_interfaces/msg/time.hpp:9[m[K,
[2.641s]                  from [01m[K/root/ros2_ws/src/mp.cpp:1[m[K:
[2.641s] [01m[K/usr/include/c++/11/ostream:684:5:[m[K [01;36m[Knote: [m[K‘[01m[Kstd::endl[m[K’ declared here
[2.641s]   684 |     [01;36m[Kendl[m[K(basic_ostream<_CharT, _Traits>& __os)
[2.641s]       |     [01;36m[K^~~~[m[K
[3.503s] gmake[2]: *** [CMakeFiles/my_motion_planner.dir/build.make:76: CMakeFiles/my_motion_planner.dir/src/mp.cpp.o] Error 1
[3.503s] gmake[1]: *** [CMakeFiles/Makefile2:137: CMakeFiles/my_motion_planner.dir/all] Error 2
[3.503s] gmake: *** [Makefile:146: all] Error 2
[3.504s] Invoked command in '/root/ros2_ws/build/my_robot_motion_planning' returned '2': CMAKE_PREFIX_PATH=${CMAKE_PREFIX_PATH}:/opt/ros/humble /usr/bin/cmake --build /root/ros2_ws/build/my_robot_motion_planning -- -j12 -l12
