2023-12-26 13:53:37.155 [info] Added views:workbench.panel.markers.view in workbench.panel.markers
2023-12-26 13:53:37.155 [info] Added views:workbench.panel.output in workbench.panel.output
2023-12-26 13:53:37.155 [info] Added views:terminal in terminal
2023-12-26 13:53:37.155 [info] Added views:outline in workbench.view.explorer
2023-12-26 13:53:37.155 [info] Added views:workbench.scm in workbench.view.scm
2023-12-26 13:53:37.155 [info] Added views:workbench.view.search in workbench.view.search
2023-12-26 13:53:37.155 [info] Added views:timeline in workbench.view.explorer
2023-12-26 13:53:37.155 [info] Added views:workbench.explorer.emptyView in workbench.view.explorer
2023-12-26 13:53:37.274 [info] Added views:workbench.debug.variablesView,workbench.debug.watchExpressionsView,workbench.debug.callStackView,workbench.debug.breakPointsView in workbench.view.debug
2023-12-26 13:53:37.690 [info] Added views:remoteTargets in workbench.view.remote
2023-12-26 13:53:37.706 [info] Added views:~remote.forwardedPorts in ~remote.forwardedPortsContainer
2023-12-26 13:53:37.773 [info] Added views:workbench.panel.repl.view in workbench.panel.repl
2023-12-26 13:53:37.774 [info] Removed views:workbench.debug.breakPointsView,workbench.debug.callStackView,workbench.debug.watchExpressionsView,workbench.debug.variablesView from workbench.view.debug
2023-12-26 13:53:37.774 [info] Added views:workbench.debug.welcome in workbench.view.debug
2023-12-26 13:53:45.679 [info] Added views:workbench.panel.markers.view in workbench.panel.markers
2023-12-26 13:53:45.679 [info] Added views:workbench.panel.output in workbench.panel.output
2023-12-26 13:53:45.679 [info] Added views:terminal in terminal
2023-12-26 13:53:45.679 [info] Added views:outline in workbench.view.explorer
2023-12-26 13:53:45.679 [info] Added views:workbench.scm in workbench.view.scm
2023-12-26 13:53:45.679 [info] Added views:workbench.view.search in workbench.view.search
2023-12-26 13:53:45.679 [info] Added views:timeline in workbench.view.explorer
2023-12-26 13:53:45.679 [info] Added views:workbench.explorer.fileView in workbench.view.explorer
2023-12-26 13:53:45.836 [info] Added views:remoteTargets in workbench.view.remote
2023-12-26 13:53:45.983 [info] Added views:workbench.debug.variablesView,workbench.debug.watchExpressionsView,workbench.debug.callStackView,workbench.debug.breakPointsView in workbench.view.debug
2023-12-26 13:53:46.081 [info] Added views:~remote.forwardedPorts in ~remote.forwardedPortsContainer
2023-12-26 13:53:46.184 [info] Added views:workbench.panel.repl.view in workbench.panel.repl
2023-12-26 13:53:46.185 [info] Removed views:workbench.debug.breakPointsView,workbench.debug.callStackView,workbench.debug.watchExpressionsView,workbench.debug.variablesView from workbench.view.debug
2023-12-26 13:53:46.186 [info] Added views:workbench.debug.welcome in workbench.view.debug
2023-12-26 13:53:49.947 [info] Added views:cmake.projectStatus,cmake.outline in workbench.view.extension.cmake-view
2023-12-26 13:53:58.579 [info] Added views:workbench.view.testing in workbench.view.extension.test
2023-12-26 13:54:53.369 [info] Added views:workbench.debug.breakPointsView in workbench.view.debug
2023-12-26 13:54:56.015 [info] Removed views:workbench.debug.welcome from workbench.view.debug
2023-12-26 13:54:56.017 [info] Added views:workbench.debug.variablesView,workbench.debug.watchExpressionsView,workbench.debug.callStackView in workbench.view.debug
2023-12-26 13:54:56.355 [info] Removed views:workbench.debug.callStackView,workbench.debug.watchExpressionsView,workbench.debug.variablesView from workbench.view.debug
2023-12-26 13:54:56.358 [info] Added views:workbench.debug.welcome in workbench.view.debug
2023-12-26 13:55:09.571 [info] Removed views:workbench.debug.welcome from workbench.view.debug
2023-12-26 13:55:09.572 [info] Added views:workbench.debug.variablesView,workbench.debug.watchExpressionsView,workbench.debug.callStackView in workbench.view.debug
2023-12-26 13:55:09.840 [info] Removed views:workbench.debug.callStackView,workbench.debug.watchExpressionsView,workbench.debug.variablesView from workbench.view.debug
2023-12-26 13:55:09.840 [info] Added views:workbench.debug.welcome in workbench.view.debug
2023-12-26 13:55:12.795 [info] Removed views:workbench.debug.welcome from workbench.view.debug
2023-12-26 13:55:12.797 [info] Added views:workbench.debug.variablesView,workbench.debug.watchExpressionsView,workbench.debug.callStackView in workbench.view.debug
2023-12-26 13:55:13.178 [info] Removed views:workbench.debug.callStackView,workbench.debug.watchExpressionsView,workbench.debug.variablesView from workbench.view.debug
2023-12-26 13:55:13.178 [info] Added views:workbench.debug.welcome in workbench.view.debug
