2023-12-28 10:25:04.587 [info] Added views:workbench.panel.markers.view in workbench.panel.markers
2023-12-28 10:25:04.587 [info] Added views:workbench.panel.output in workbench.panel.output
2023-12-28 10:25:04.587 [info] Added views:terminal in terminal
2023-12-28 10:25:04.587 [info] Added views:outline in workbench.view.explorer
2023-12-28 10:25:04.587 [info] Added views:workbench.scm in workbench.view.scm
2023-12-28 10:25:04.587 [info] Added views:workbench.view.search in workbench.view.search
2023-12-28 10:25:04.587 [info] Added views:timeline in workbench.view.explorer
2023-12-28 10:25:04.587 [info] Added views:workbench.explorer.fileView in workbench.view.explorer
2023-12-28 10:25:04.846 [info] Added views:workbench.debug.variablesView,workbench.debug.watchExpressionsView,workbench.debug.callStackView,workbench.debug.breakPointsView in workbench.view.debug
2023-12-28 10:25:04.902 [info] Added views:remoteTargets in workbench.view.remote
2023-12-28 10:25:04.985 [info] Added views:workbench.panel.repl.view in workbench.panel.repl
2023-12-28 10:25:04.987 [info] Removed views:workbench.debug.breakPointsView,workbench.debug.callStackView,workbench.debug.watchExpressionsView,workbench.debug.variablesView from workbench.view.debug
2023-12-28 10:25:04.987 [info] Added views:workbench.debug.welcome in workbench.view.debug
2023-12-28 10:25:05.066 [info] Added views:~remote.forwardedPorts in ~remote.forwardedPortsContainer
2023-12-28 10:25:09.007 [info] Added views:cmake.projectStatus,cmake.outline in workbench.view.extension.cmake-view
2023-12-28 10:29:47.260 [info] Added views:workbench.views.extensions.installed,workbench.views.extensions.popular,extensions.recommendedList in workbench.view.extensions
2023-12-28 10:29:47.261 [info] Removed views:workbench.views.extensions.popular from workbench.view.extensions
2023-12-28 10:29:51.462 [info] Removed views:extensions.recommendedList,workbench.views.extensions.installed from workbench.view.extensions
2023-12-28 10:29:51.466 [info] Added views:workbench.views.extensions.marketplace in workbench.view.extensions
2023-12-28 10:34:18.301 [info] Removed views:workbench.views.extensions.marketplace from workbench.view.extensions
2023-12-28 10:34:18.309 [info] Added views:workbench.views.extensions.installed,extensions.recommendedList in workbench.view.extensions
2023-12-28 10:34:20.041 [info] Removed views:extensions.recommendedList,workbench.views.extensions.installed from workbench.view.extensions
2023-12-28 10:34:20.046 [info] Added views:workbench.views.extensions.marketplace in workbench.view.extensions
2023-12-28 10:34:33.409 [info] Removed views:workbench.views.extensions.marketplace from workbench.view.extensions
2023-12-28 10:34:33.414 [info] Added views:workbench.views.extensions.installed,extensions.recommendedList in workbench.view.extensions
2023-12-28 10:54:40.778 [info] Removed views:extensions.recommendedList,workbench.views.extensions.installed from workbench.view.extensions
2023-12-28 10:54:40.785 [info] Added views:workbench.views.extensions.marketplace in workbench.view.extensions
2023-12-28 11:01:43.133 [info] Added views:workbench.view.testing in workbench.view.extension.test
2023-12-28 11:53:35.006 [info] Removed views:workbench.view.testing from workbench.view.extension.test
