2023-12-27 16:28:13.237 [info] Log level: Info
2023-12-27 16:28:13.237 [info] Validating found git in: "git"
2023-12-27 16:28:13.237 [info] Using git "2.34.1" from "git"
2023-12-27 16:28:23.533 [info] Log level: Info
2023-12-27 16:28:23.533 [info] Validating found git in: "git"
2023-12-27 16:28:23.533 [info] Using git "2.34.1" from "git"
2023-12-27 16:28:23.533 [info] > git rev-parse --show-toplevel [6ms]
2023-12-27 16:28:23.533 [info] fatal: not a git repository (or any of the parent directories): .git
2023-12-27 16:28:23.594 [info] > git rev-parse --show-toplevel [55ms]
2023-12-27 16:28:23.594 [info] fatal: not a git repository (or any of the parent directories): .git
2023-12-27 16:28:23.618 [info] > git rev-parse --show-toplevel [14ms]
2023-12-27 16:28:23.618 [info] fatal: not a git repository (or any of the parent directories): .git
2023-12-27 16:28:23.630 [info] > git rev-parse --show-toplevel [6ms]
2023-12-27 16:28:23.630 [info] fatal: not a git repository (or any of the parent directories): .git
2023-12-27 16:28:23.639 [info] > git rev-parse --show-toplevel [3ms]
2023-12-27 16:28:23.639 [info] fatal: not a git repository (or any of the parent directories): .git
2023-12-27 16:28:23.690 [info] > git rev-parse --show-toplevel [46ms]
2023-12-27 16:28:23.690 [info] fatal: not a git repository (or any of the parent directories): .git
2023-12-27 16:28:23.699 [info] > git rev-parse --show-toplevel [2ms]
2023-12-27 16:28:23.699 [info] fatal: not a git repository (or any of the parent directories): .git
2023-12-27 16:28:35.376 [info] > git rev-parse --show-toplevel [1ms]
2023-12-27 16:28:35.376 [info] fatal: not a git repository (or any of the parent directories): .git
2023-12-27 16:28:38.748 [info] > git rev-parse --show-toplevel [1ms]
2023-12-27 16:28:38.748 [info] fatal: not a git repository (or any of the parent directories): .git
2023-12-27 16:29:02.467 [info] > git rev-parse --show-toplevel [2ms]
2023-12-27 16:29:02.467 [info] fatal: not a git repository (or any of the parent directories): .git
2023-12-27 16:29:38.259 [info] > git rev-parse --show-toplevel [2ms]
2023-12-27 16:29:38.259 [info] fatal: not a git repository (or any of the parent directories): .git
2023-12-27 16:29:58.090 [info] > git rev-parse --show-toplevel [1ms]
2023-12-27 16:29:58.090 [info] fatal: not a git repository (or any of the parent directories): .git
2023-12-27 16:29:59.907 [info] > git rev-parse --show-toplevel [1ms]
2023-12-27 16:29:59.907 [info] fatal: not a git repository (or any of the parent directories): .git
2023-12-27 16:31:35.880 [info] > git rev-parse --show-toplevel [0ms]
2023-12-27 16:31:35.881 [info] fatal: not a git repository (or any of the parent directories): .git
2023-12-27 16:31:37.072 [info] > git rev-parse --show-toplevel [2ms]
2023-12-27 16:31:37.072 [info] fatal: not a git repository (or any of the parent directories): .git
2023-12-27 16:31:37.851 [info] > git rev-parse --show-toplevel [1ms]
2023-12-27 16:31:37.851 [info] fatal: not a git repository (or any of the parent directories): .git
2023-12-27 16:32:18.763 [info] > git rev-parse --show-toplevel [0ms]
2023-12-27 16:32:18.763 [info] fatal: not a git repository (or any of the parent directories): .git
2023-12-27 16:32:24.547 [info] > git rev-parse --show-toplevel [1ms]
2023-12-27 16:32:24.547 [info] fatal: not a git repository (or any of the parent directories): .git
2023-12-27 16:34:12.033 [info] > git rev-parse --show-toplevel [1ms]
2023-12-27 16:34:12.033 [info] fatal: not a git repository (or any of the parent directories): .git
