2024-01-06 17:46:48.173 [info] Log level: Info
2024-01-06 17:46:48.173 [info] Validating found git in: "git"
2024-01-06 17:46:48.173 [info] Using git "2.34.1" from "git"
2024-01-06 17:47:13.625 [info] Log level: Info
2024-01-06 17:47:13.625 [info] Validating found git in: "git"
2024-01-06 17:47:13.625 [info] Using git "2.34.1" from "git"
2024-01-06 17:47:13.625 [info] > git rev-parse --show-toplevel [14ms]
2024-01-06 17:47:13.625 [info] fatal: not a git repository (or any of the parent directories): .git
2024-01-06 17:47:13.637 [info] > git rev-parse --show-toplevel [4ms]
2024-01-06 17:47:13.637 [info] fatal: not a git repository (or any of the parent directories): .git
2024-01-06 17:47:13.648 [info] > git rev-parse --show-toplevel [3ms]
2024-01-06 17:47:13.648 [info] fatal: not a git repository (or any of the parent directories): .git
2024-01-06 17:47:13.655 [info] > git rev-parse --show-toplevel [1ms]
2024-01-06 17:47:13.655 [info] fatal: not a git repository (or any of the parent directories): .git
2024-01-06 17:47:13.660 [info] > git rev-parse --show-toplevel [1ms]
2024-01-06 17:47:13.660 [info] fatal: not a git repository (or any of the parent directories): .git
2024-01-06 17:47:16.068 [info] > git rev-parse --show-toplevel [1ms]
2024-01-06 17:47:16.068 [info] fatal: not a git repository (or any of the parent directories): .git
2024-01-06 17:47:18.106 [info] > git rev-parse --show-toplevel [4ms]
2024-01-06 17:47:18.106 [info] fatal: not a git repository (or any of the parent directories): .git
