[0.040s] Invoking command in '/root/ros2_ws/build/my_robot_motion_planning': CMAKE_PREFIX_PATH=${CMAKE_PREFIX_PATH}:/opt/ros/humble /usr/bin/cmake --build /root/ros2_ws/build/my_robot_motion_planning -- -j12 -l12
[0.055s] -- Found ament_cmake: 1.3.5 (/opt/ros/humble/share/ament_cmake/cmake)
[0.143s] -- Found ament_lint_auto: 0.12.8 (/opt/ros/humble/share/ament_lint_auto/cmake)
[0.186s] -- Added test 'cppcheck' to perform static code analysis on C / C++ code
[0.186s] -- Configured cppcheck include dirs: 
[0.186s] -- Configured cppcheck exclude dirs and/or files: 
[0.186s] -- Added test 'flake8' to check Python code syntax and style conventions
[0.187s] -- Added test 'lint_cmake' to check CMake code style
[0.188s] -- Added test 'pep257' to check Python code against some of the docstring style conventions in PEP 257
[0.191s] -- Added test 'uncrustify' to check C / C++ code style
[0.192s] -- Configured uncrustify additional arguments: 
[0.192s] -- Added test 'xmllint' to check XML markup files
[0.192s] -- Configuring done
[0.195s] -- Generating done
[0.195s] -- Build files have been written to: /root/ros2_ws/build/my_robot_motion_planning
[0.209s] [35m[1mConsolidate compiler generated dependencies of target my_motion_planner[0m
[0.221s] [100%] Built target my_motion_planner
[0.229s] Invoked command in '/root/ros2_ws/build/my_robot_motion_planning' returned '0': CMAKE_PREFIX_PATH=${CMAKE_PREFIX_PATH}:/opt/ros/humble /usr/bin/cmake --build /root/ros2_ws/build/my_robot_motion_planning -- -j12 -l12
[0.247s] Invoking command in '/root/ros2_ws/build/my_robot_motion_planning': CMAKE_PREFIX_PATH=${CMAKE_PREFIX_PATH}:/opt/ros/humble /usr/bin/cmake --install /root/ros2_ws/build/my_robot_motion_planning
[0.251s] -- Install configuration: ""
[0.251s] -- Installing: /root/ros2_ws/install/my_robot_motion_planning/share/my_robot_motion_planning/launch
[0.251s] -- Installing: /root/ros2_ws/install/my_robot_motion_planning/share/my_robot_motion_planning/launch/LAUNCH.py
[0.251s] [31mCMake Error at cmake_install.cmake:46 (file):
[0.251s]   file INSTALL cannot find "/root/ros2_ws/DIRECTORY": No such file or
[0.251s]   directory.
[0.251s] 
[0.251s] [0m
[0.252s] Invoked command in '/root/ros2_ws/build/my_robot_motion_planning' returned '1': CMAKE_PREFIX_PATH=${CMAKE_PREFIX_PATH}:/opt/ros/humble /usr/bin/cmake --install /root/ros2_ws/build/my_robot_motion_planning
