2024-01-06 18:42:21.415 [info] Log level: Info
2024-01-06 18:42:21.416 [info] Validating found git in: "git"
2024-01-06 18:42:21.416 [info] Using git "2.34.1" from "git"
2024-01-06 18:42:21.416 [info] > git rev-parse --show-toplevel [4ms]
2024-01-06 18:42:21.416 [info] fatal: not a git repository (or any of the parent directories): .git
2024-01-06 18:42:21.416 [info] > git rev-parse --show-toplevel [5ms]
2024-01-06 18:42:21.416 [info] fatal: not a git repository (or any of the parent directories): .git
2024-01-06 18:42:21.416 [info] > git rev-parse --show-toplevel [21ms]
2024-01-06 18:42:21.416 [info] fatal: not a git repository (or any of the parent directories): .git
2024-01-06 18:42:21.423 [info] > git rev-parse --show-toplevel [1ms]
2024-01-06 18:42:21.423 [info] fatal: not a git repository (or any of the parent directories): .git
2024-01-06 18:42:21.429 [info] > git rev-parse --show-toplevel [0ms]
2024-01-06 18:42:21.429 [info] fatal: not a git repository (or any of the parent directories): .git
2024-01-06 18:42:21.436 [info] > git rev-parse --show-toplevel [1ms]
2024-01-06 18:42:21.436 [info] fatal: not a git repository (or any of the parent directories): .git
2024-01-06 18:42:21.444 [info] > git rev-parse --show-toplevel [1ms]
2024-01-06 18:42:21.444 [info] fatal: not a git repository (or any of the parent directories): .git
2024-01-06 18:42:21.653 [info] > git rev-parse --show-toplevel [1ms]
2024-01-06 18:42:21.654 [info] fatal: not a git repository (or any of the parent directories): .git
2024-01-06 18:42:24.163 [info] > git rev-parse --show-toplevel [1ms]
2024-01-06 18:42:24.163 [info] fatal: not a git repository (or any of the parent directories): .git
