[0.597s] DEBUG:colcon:Command line arguments: ['/usr/bin/colcon', 'build']
[0.597s] DEBUG:colcon:Parsed command line arguments: Namespace(log_base=None, log_level=None, verb_name='build', build_base='build', install_base='install', merge_install=False, symlink_install=False, test_result_base=None, continue_on_error=False, executor='parallel', parallel_workers=12, event_handlers=None, ignore_user_meta=False, metas=['./colcon.meta'], base_paths=['.'], packages_ignore=None, packages_ignore_regex=None, paths=None, packages_up_to=None, packages_up_to_regex=None, packages_above=None, packages_above_and_dependencies=None, packages_above_depth=None, packages_select_by_dep=None, packages_skip_by_dep=None, packages_skip_up_to=None, packages_select_build_failed=False, packages_skip_build_finished=False, packages_select_test_failures=False, packages_skip_test_passed=False, packages_select=None, packages_skip=None, packages_select_regex=None, packages_skip_regex=None, packages_start=None, packages_end=None, allow_overriding=[], cmake_args=None, cmake_target=None, cmake_target_skip_unavailable=False, cmake_clean_cache=False, cmake_clean_first=False, cmake_force_configure=False, ament_cmake_args=None, catkin_cmake_args=None, catkin_skip_building_tests=False, verb_parser=<colcon_defaults.argument_parser.defaults.DefaultArgumentsDecorator object at 0x7f251b7a11b0>, verb_extension=<colcon_core.verb.build.BuildVerb object at 0x7f251b76b670>, main=<bound method BuildVerb.main of <colcon_core.verb.build.BuildVerb object at 0x7f251b76b670>>)
[0.631s] Level 1:colcon.colcon_core.package_discovery:discover_packages(colcon_meta) check parameters
[0.631s] Level 1:colcon.colcon_core.package_discovery:discover_packages(recursive) check parameters
[0.631s] Level 1:colcon.colcon_core.package_discovery:discover_packages(ignore) check parameters
[0.631s] Level 1:colcon.colcon_core.package_discovery:discover_packages(path) check parameters
[0.631s] Level 1:colcon.colcon_core.package_discovery:discover_packages(colcon_meta) discover
[0.631s] Level 1:colcon.colcon_core.package_discovery:discover_packages(recursive) discover
[0.631s] INFO:colcon.colcon_core.package_discovery:Crawling recursively for packages in '/root/ros2_ws'
[0.631s] Level 1:colcon.colcon_core.package_identification:_identify(.) by extensions ['ignore', 'ignore_ament_install']
[0.631s] Level 1:colcon.colcon_core.package_identification:_identify(.) by extension 'ignore'
[0.631s] Level 1:colcon.colcon_core.package_identification:_identify(.) by extension 'ignore_ament_install'
[0.631s] Level 1:colcon.colcon_core.package_identification:_identify(.) by extensions ['colcon_pkg']
[0.631s] Level 1:colcon.colcon_core.package_identification:_identify(.) by extension 'colcon_pkg'
[0.631s] Level 1:colcon.colcon_core.package_identification:_identify(.) by extensions ['colcon_meta']
[0.631s] Level 1:colcon.colcon_core.package_identification:_identify(.) by extension 'colcon_meta'
[0.631s] Level 1:colcon.colcon_core.package_identification:_identify(.) by extensions ['ros']
[0.631s] Level 1:colcon.colcon_core.package_identification:_identify(.) by extension 'ros'
[0.639s] DEBUG:colcon.colcon_core.package_identification:Package '.' with type 'ros.ament_cmake' and name 'my_robot_motion_planning'
[0.639s] Level 1:colcon.colcon_core.package_discovery:discover_packages(recursive) using defaults
[0.639s] Level 1:colcon.colcon_core.package_discovery:discover_packages(ignore) discover
[0.639s] Level 1:colcon.colcon_core.package_discovery:discover_packages(ignore) using defaults
[0.639s] Level 1:colcon.colcon_core.package_discovery:discover_packages(path) discover
[0.639s] Level 1:colcon.colcon_core.package_discovery:discover_packages(path) using defaults
[0.687s] Level 1:colcon.colcon_core.package_discovery:discover_packages(prefix_path) check parameters
[0.687s] Level 1:colcon.colcon_core.package_discovery:discover_packages(prefix_path) discover
[0.702s] DEBUG:colcon.colcon_installed_package_information.package_discovery:Found 409 installed packages in /opt/ros/humble
[0.703s] Level 1:colcon.colcon_core.package_discovery:discover_packages(prefix_path) using defaults
[0.763s] Level 5:colcon.colcon_core.verb:set package 'my_robot_motion_planning' build argument 'cmake_args' from command line to 'None'
[0.763s] Level 5:colcon.colcon_core.verb:set package 'my_robot_motion_planning' build argument 'cmake_target' from command line to 'None'
[0.763s] Level 5:colcon.colcon_core.verb:set package 'my_robot_motion_planning' build argument 'cmake_target_skip_unavailable' from command line to 'False'
[0.763s] Level 5:colcon.colcon_core.verb:set package 'my_robot_motion_planning' build argument 'cmake_clean_cache' from command line to 'False'
[0.763s] Level 5:colcon.colcon_core.verb:set package 'my_robot_motion_planning' build argument 'cmake_clean_first' from command line to 'False'
[0.763s] Level 5:colcon.colcon_core.verb:set package 'my_robot_motion_planning' build argument 'cmake_force_configure' from command line to 'False'
[0.763s] Level 5:colcon.colcon_core.verb:set package 'my_robot_motion_planning' build argument 'ament_cmake_args' from command line to 'None'
[0.763s] Level 5:colcon.colcon_core.verb:set package 'my_robot_motion_planning' build argument 'catkin_cmake_args' from command line to 'None'
[0.763s] Level 5:colcon.colcon_core.verb:set package 'my_robot_motion_planning' build argument 'catkin_skip_building_tests' from command line to 'False'
[0.763s] DEBUG:colcon.colcon_core.verb:Building package 'my_robot_motion_planning' with the following arguments: {'ament_cmake_args': None, 'build_base': '/root/ros2_ws/build/my_robot_motion_planning', 'catkin_cmake_args': None, 'catkin_skip_building_tests': False, 'cmake_args': None, 'cmake_clean_cache': False, 'cmake_clean_first': False, 'cmake_force_configure': False, 'cmake_target': None, 'cmake_target_skip_unavailable': False, 'install_base': '/root/ros2_ws/install/my_robot_motion_planning', 'merge_install': False, 'path': '/root/ros2_ws', 'symlink_install': False, 'test_result_base': None}
[0.770s] INFO:colcon.colcon_core.executor:Executing jobs using 'parallel' executor
[0.777s] DEBUG:colcon.colcon_parallel_executor.executor.parallel:run_until_complete
[0.778s] INFO:colcon.colcon_ros.task.ament_cmake.build:Building ROS package in '/root/ros2_ws' with build type 'ament_cmake'
[0.778s] INFO:colcon.colcon_cmake.task.cmake.build:Building CMake package in '/root/ros2_ws'
[0.789s] INFO:colcon.colcon_core.plugin_system:Skipping extension 'colcon_core.shell.bat': Not used on non-Windows systems
[0.789s] INFO:colcon.colcon_core.shell:Skip shell extension 'powershell' for command environment: Not usable outside of PowerShell
[0.789s] DEBUG:colcon.colcon_core.shell:Skip shell extension 'dsv' for command environment
[0.809s] DEBUG:colcon.colcon_core.event_handler.log_command:Invoking command in '/root/ros2_ws/build/my_robot_motion_planning': CMAKE_PREFIX_PATH=/opt/ros/humble /usr/bin/cmake /root/ros2_ws -DCMAKE_INSTALL_PREFIX=/root/ros2_ws/install/my_robot_motion_planning
[1.223s] DEBUG:colcon.colcon_core.event_handler.log_command:Invoked command in '/root/ros2_ws/build/my_robot_motion_planning' returned '0': CMAKE_PREFIX_PATH=/opt/ros/humble /usr/bin/cmake /root/ros2_ws -DCMAKE_INSTALL_PREFIX=/root/ros2_ws/install/my_robot_motion_planning
[1.224s] DEBUG:colcon.colcon_core.event_handler.log_command:Invoking command in '/root/ros2_ws/build/my_robot_motion_planning': CMAKE_PREFIX_PATH=/opt/ros/humble /usr/bin/cmake --build /root/ros2_ws/build/my_robot_motion_planning -- -j12 -l12
[3.230s] DEBUG:colcon.colcon_core.event_handler.log_command:Invoked command in '/root/ros2_ws/build/my_robot_motion_planning' returned '0': CMAKE_PREFIX_PATH=/opt/ros/humble /usr/bin/cmake --build /root/ros2_ws/build/my_robot_motion_planning -- -j12 -l12
[3.249s] DEBUG:colcon.colcon_core.event_handler.log_command:Invoking command in '/root/ros2_ws/build/my_robot_motion_planning': CMAKE_PREFIX_PATH=/opt/ros/humble /usr/bin/cmake --install /root/ros2_ws/build/my_robot_motion_planning
[3.255s] Level 1:colcon.colcon_core.environment:create_environment_scripts_only(my_robot_motion_planning)
[3.255s] DEBUG:colcon.colcon_core.event_handler.log_command:Invoked command in '/root/ros2_ws/build/my_robot_motion_planning' returned '0': CMAKE_PREFIX_PATH=/opt/ros/humble /usr/bin/cmake --install /root/ros2_ws/build/my_robot_motion_planning
[3.265s] Level 1:colcon.colcon_core.environment:checking '/root/ros2_ws/install/my_robot_motion_planning' for CMake module files
[3.265s] Level 1:colcon.colcon_core.environment:checking '/root/ros2_ws/install/my_robot_motion_planning' for CMake config files
[3.265s] Level 1:colcon.colcon_core.shell:create_environment_hook('my_robot_motion_planning', 'cmake_prefix_path')
[3.272s] INFO:colcon.colcon_core.shell:Creating environment hook '/root/ros2_ws/install/my_robot_motion_planning/share/my_robot_motion_planning/hook/cmake_prefix_path.ps1'
[3.273s] INFO:colcon.colcon_core.shell:Creating environment descriptor '/root/ros2_ws/install/my_robot_motion_planning/share/my_robot_motion_planning/hook/cmake_prefix_path.dsv'
[3.273s] INFO:colcon.colcon_core.shell:Creating environment hook '/root/ros2_ws/install/my_robot_motion_planning/share/my_robot_motion_planning/hook/cmake_prefix_path.sh'
[3.274s] Level 1:colcon.colcon_core.environment:checking '/root/ros2_ws/install/my_robot_motion_planning/lib'
[3.274s] Level 1:colcon.colcon_core.environment:checking '/root/ros2_ws/install/my_robot_motion_planning/bin'
[3.274s] Level 1:colcon.colcon_core.environment:checking '/root/ros2_ws/install/my_robot_motion_planning/lib/pkgconfig/my_robot_motion_planning.pc'
[3.274s] Level 1:colcon.colcon_core.environment:checking '/root/ros2_ws/install/my_robot_motion_planning/lib/python3.10/site-packages'
[3.274s] Level 1:colcon.colcon_core.environment:checking '/root/ros2_ws/install/my_robot_motion_planning/bin'
[3.281s] INFO:colcon.colcon_core.shell:Creating package script '/root/ros2_ws/install/my_robot_motion_planning/share/my_robot_motion_planning/package.ps1'
[3.281s] INFO:colcon.colcon_core.shell:Creating package descriptor '/root/ros2_ws/install/my_robot_motion_planning/share/my_robot_motion_planning/package.dsv'
[3.282s] INFO:colcon.colcon_core.shell:Creating package script '/root/ros2_ws/install/my_robot_motion_planning/share/my_robot_motion_planning/package.sh'
[3.282s] INFO:colcon.colcon_core.shell:Creating package script '/root/ros2_ws/install/my_robot_motion_planning/share/my_robot_motion_planning/package.bash'
[3.283s] INFO:colcon.colcon_core.shell:Creating package script '/root/ros2_ws/install/my_robot_motion_planning/share/my_robot_motion_planning/package.zsh'
[3.283s] Level 1:colcon.colcon_core.environment:create_file_with_runtime_dependencies(/root/ros2_ws/install/my_robot_motion_planning/share/colcon-core/packages/my_robot_motion_planning)
[3.306s] Level 1:colcon.colcon_core.environment:create_environment_scripts_only(my_robot_motion_planning)
[3.313s] Level 1:colcon.colcon_core.environment:checking '/root/ros2_ws/install/my_robot_motion_planning' for CMake module files
[3.314s] Level 1:colcon.colcon_core.environment:checking '/root/ros2_ws/install/my_robot_motion_planning' for CMake config files
[3.314s] Level 1:colcon.colcon_core.shell:create_environment_hook('my_robot_motion_planning', 'cmake_prefix_path')
[3.321s] INFO:colcon.colcon_core.shell:Creating environment hook '/root/ros2_ws/install/my_robot_motion_planning/share/my_robot_motion_planning/hook/cmake_prefix_path.ps1'
[3.321s] INFO:colcon.colcon_core.shell:Creating environment descriptor '/root/ros2_ws/install/my_robot_motion_planning/share/my_robot_motion_planning/hook/cmake_prefix_path.dsv'
[3.321s] INFO:colcon.colcon_core.shell:Creating environment hook '/root/ros2_ws/install/my_robot_motion_planning/share/my_robot_motion_planning/hook/cmake_prefix_path.sh'
[3.321s] Level 1:colcon.colcon_core.environment:checking '/root/ros2_ws/install/my_robot_motion_planning/lib'
[3.321s] Level 1:colcon.colcon_core.environment:checking '/root/ros2_ws/install/my_robot_motion_planning/bin'
[3.321s] Level 1:colcon.colcon_core.environment:checking '/root/ros2_ws/install/my_robot_motion_planning/lib/pkgconfig/my_robot_motion_planning.pc'
[3.322s] Level 1:colcon.colcon_core.environment:checking '/root/ros2_ws/install/my_robot_motion_planning/lib/python3.10/site-packages'
[3.322s] Level 1:colcon.colcon_core.environment:checking '/root/ros2_ws/install/my_robot_motion_planning/bin'
[3.328s] INFO:colcon.colcon_core.shell:Creating package script '/root/ros2_ws/install/my_robot_motion_planning/share/my_robot_motion_planning/package.ps1'
[3.329s] INFO:colcon.colcon_core.shell:Creating package descriptor '/root/ros2_ws/install/my_robot_motion_planning/share/my_robot_motion_planning/package.dsv'
[3.329s] INFO:colcon.colcon_core.shell:Creating package script '/root/ros2_ws/install/my_robot_motion_planning/share/my_robot_motion_planning/package.sh'
[3.329s] INFO:colcon.colcon_core.shell:Creating package script '/root/ros2_ws/install/my_robot_motion_planning/share/my_robot_motion_planning/package.bash'
[3.329s] INFO:colcon.colcon_core.shell:Creating package script '/root/ros2_ws/install/my_robot_motion_planning/share/my_robot_motion_planning/package.zsh'
[3.329s] Level 1:colcon.colcon_core.environment:create_file_with_runtime_dependencies(/root/ros2_ws/install/my_robot_motion_planning/share/colcon-core/packages/my_robot_motion_planning)
[3.329s] DEBUG:colcon.colcon_parallel_executor.executor.parallel:closing loop
[3.330s] DEBUG:colcon.colcon_parallel_executor.executor.parallel:loop closed
[3.330s] DEBUG:colcon.colcon_parallel_executor.executor.parallel:run_until_complete finished with '0'
[3.330s] DEBUG:colcon.colcon_core.event_reactor:joining thread
[3.342s] INFO:colcon.colcon_core.plugin_system:Skipping extension 'colcon_notification.desktop_notification.terminal_notifier': Not used on non-Darwin systems
[3.342s] INFO:colcon.colcon_core.plugin_system:Skipping extension 'colcon_notification.desktop_notification.win32': Not used on non-Windows systems
[3.342s] INFO:colcon.colcon_notification.desktop_notification:Sending desktop notification using 'notify2'
[3.355s] DEBUG:colcon.colcon_core.event_reactor:joined thread
[3.363s] INFO:colcon.colcon_core.shell:Creating prefix script '/root/ros2_ws/install/local_setup.ps1'
[3.363s] INFO:colcon.colcon_core.shell:Creating prefix util module '/root/ros2_ws/install/_local_setup_util_ps1.py'
[3.364s] INFO:colcon.colcon_core.shell:Creating prefix chain script '/root/ros2_ws/install/setup.ps1'
[3.372s] INFO:colcon.colcon_core.shell:Creating prefix script '/root/ros2_ws/install/local_setup.sh'
[3.373s] INFO:colcon.colcon_core.shell:Creating prefix util module '/root/ros2_ws/install/_local_setup_util_sh.py'
[3.373s] INFO:colcon.colcon_core.shell:Creating prefix chain script '/root/ros2_ws/install/setup.sh'
[3.381s] INFO:colcon.colcon_core.shell:Creating prefix script '/root/ros2_ws/install/local_setup.bash'
[3.381s] INFO:colcon.colcon_core.shell:Creating prefix chain script '/root/ros2_ws/install/setup.bash'
[3.388s] INFO:colcon.colcon_core.shell:Creating prefix script '/root/ros2_ws/install/local_setup.zsh'
[3.389s] INFO:colcon.colcon_core.shell:Creating prefix chain script '/root/ros2_ws/install/setup.zsh'
