[0.042s] Invoking command in '/root/ros2_ws/build/my_robot_motion_planning': CMAKE_PREFIX_PATH=${CMAKE_PREFIX_PATH}:/opt/ros/humble /usr/bin/cmake --build /root/ros2_ws/build/my_robot_motion_planning -- -j12 -l12
[0.057s] -- Found ament_cmake: 1.3.5 (/opt/ros/humble/share/ament_cmake/cmake)
[0.143s] -- Found ament_lint_auto: 0.12.8 (/opt/ros/humble/share/ament_lint_auto/cmake)
[0.185s] -- Added test 'cppcheck' to perform static code analysis on C / C++ code
[0.185s] -- Configured cppcheck include dirs: 
[0.185s] -- Configured cppcheck exclude dirs and/or files: 
[0.186s] -- Added test 'flake8' to check Python code syntax and style conventions
[0.187s] -- Added test 'lint_cmake' to check CMake code style
[0.188s] -- Added test 'pep257' to check Python code against some of the docstring style conventions in PEP 257
[0.191s] -- Added test 'uncrustify' to check C / C++ code style
[0.191s] -- Configured uncrustify additional arguments: 
[0.192s] -- Added test 'xmllint' to check XML markup files
[0.192s] -- Configuring done
[0.194s] -- Generating done
[0.195s] -- Build files have been written to: /root/ros2_ws/build/my_robot_motion_planning
[0.208s] [35m[1mConsolidate compiler generated dependencies of target my_motion_planner[0m
[0.219s] [100%] Built target my_motion_planner
[0.228s] Invoked command in '/root/ros2_ws/build/my_robot_motion_planning' returned '0': CMAKE_PREFIX_PATH=${CMAKE_PREFIX_PATH}:/opt/ros/humble /usr/bin/cmake --build /root/ros2_ws/build/my_robot_motion_planning -- -j12 -l12
[0.247s] Invoking command in '/root/ros2_ws/build/my_robot_motion_planning': CMAKE_PREFIX_PATH=${CMAKE_PREFIX_PATH}:/opt/ros/humble /usr/bin/cmake --install /root/ros2_ws/build/my_robot_motion_planning
[0.252s] -- Install configuration: ""
[0.252s] [31mCMake Error at cmake_install.cmake:46 (file):
[0.252s]   file INSTALL cannot find "/root/ros2_ws/launch": No such file or directory.
[0.253s] 
[0.253s] [0m
[0.253s] Invoked command in '/root/ros2_ws/build/my_robot_motion_planning' returned '1': CMAKE_PREFIX_PATH=${CMAKE_PREFIX_PATH}:/opt/ros/humble /usr/bin/cmake --install /root/ros2_ws/build/my_robot_motion_planning
