[proc] Executing command: cmake --version
[proc] Executing command: cmake -E capabilities
[variant] Loaded new set of variants
[kit] Successfully loaded 1 kits from /root/.local/share/CMakeTools/cmake-tools-kits.json
[kit] Detected kits definition version change from undefined to 2. Silently scanning for kits.
[proc] Executing command: /usr/bin/c89-gcc -v
[proc] Executing command: /usr/bin/c99-gcc -v
[proc] Executing command: /usr/bin/gcc -v
[proc] Executing command: /usr/bin/gcc-11 -v
[proc] Executing command: /usr/bin/x86_64-linux-gnu-gcc -v
[proc] Executing command: /usr/bin/x86_64-linux-gnu-gcc-11 -v
[proc] Executing command: /bin/c89-gcc -v
[proc] Executing command: /bin/c99-gcc -v
[proc] Executing command: /bin/gcc -v
[proc] Executing command: /bin/gcc-11 -v
[proc] Executing command: /bin/x86_64-linux-gnu-gcc -v
[proc] Executing command: /bin/x86_64-linux-gnu-gcc-11 -v
[proc] Executing command: /usr/bin/c99-gcc -v
[proc] Executing command: /usr/bin/c89-gcc -v
[proc] Executing command: /bin/c99-gcc -v
[proc] Executing command: /bin/c89-gcc -v
[kit] Found Kit (trusted): GCC 11.4.0 x86_64-linux-gnu
[kit] Found Kit (trusted): GCC 11.4.0 x86_64-linux-gnu
[kit] Found Kit (trusted): GCC 11.4.0 x86_64-linux-gnu
[kit] Found Kit (trusted): GCC 11.4.0 x86_64-linux-gnu
[kit] Found Kit (trusted): GCC 11.4.0 x86_64-linux-gnu
[kit] Found Kit (trusted): GCC 11.4.0 x86_64-linux-gnu
[kit] Found Kit (trusted): GCC 11.4.0 x86_64-linux-gnu
[kit] Found Kit (trusted): GCC 11.4.0 x86_64-linux-gnu
[kit] Found Kit (trusted): GCC 11.4.0 x86_64-linux-gnu
[kit] Found Kit (trusted): GCC 11.4.0 x86_64-linux-gnu
[kit] Found Kit (trusted): GCC 11.4.0 x86_64-linux-gnu
[kit] Found Kit (trusted): GCC 11.4.0 x86_64-linux-gnu
[kit] Successfully loaded 1 kits from /root/.local/share/CMakeTools/cmake-tools-kits.json
[proc] Executing command: /usr/bin/cmake --version
[proc] Executing command: /usr/bin/cmake -E capabilities
[proc] Executing command: /usr/bin/gcc -v
[proc] The command: ninja --version failed with error: Error: spawn ninja ENOENT
[proc] The command: ninja-build --version failed with error: Error: spawn ninja-build ENOENT
[main] Configuring project: ros2_ws 
[proc] Executing command: /usr/bin/cmake --no-warn-unused-cli -DCMAKE_BUILD_TYPE:STRING=Debug -DCMAKE_EXPORT_COMPILE_COMMANDS:BOOL=TRUE -DCMAKE_C_COMPILER:FILEPATH=/usr/bin/gcc -DCMAKE_CXX_COMPILER:FILEPATH=/usr/bin/g++ -S/root/ros2_ws -B/root/ros2_ws/build -G "Unix Makefiles"
[cmake] Not searching for unused variables given on the command line.
[cmake] -- The C compiler identification is GNU 11.4.0
[cmake] -- The CXX compiler identification is GNU 11.4.0
[cmake] -- Detecting C compiler ABI info
[cmake] -- Detecting C compiler ABI info - done
[cmake] -- Check for working C compiler: /usr/bin/gcc - skipped
[cmake] -- Detecting C compile features
[cmake] -- Detecting C compile features - done
[cmake] -- Detecting CXX compiler ABI info
[cmake] -- Detecting CXX compiler ABI info - done
[cmake] -- Check for working CXX compiler: /usr/bin/g++ - skipped
[cmake] -- Detecting CXX compile features
[cmake] -- Detecting CXX compile features - done
[cmake] -- Found ompl: /opt/ros/humble/include/ompl-1.6;/usr/include;/usr/include/eigen3  
[cmake] -- Found ament_cmake: 1.3.6 (/opt/ros/humble/share/ament_cmake/cmake)
[cmake] -- Found Python3: /usr/bin/python3.10 (found version "3.10.12") found components: Interpreter 
[cmake] -- Found rclcpp: 16.0.7 (/opt/ros/humble/share/rclcpp/cmake)
[cmake] -- Found rosidl_generator_c: 3.1.5 (/opt/ros/humble/share/rosidl_generator_c/cmake)
[cmake] -- Found rosidl_adapter: 3.1.5 (/opt/ros/humble/share/rosidl_adapter/cmake)
[cmake] -- Found rosidl_generator_cpp: 3.1.5 (/opt/ros/humble/share/rosidl_generator_cpp/cmake)
[cmake] -- Using all available rosidl_typesupport_c: rosidl_typesupport_fastrtps_c;rosidl_typesupport_introspection_c
[cmake] -- Using all available rosidl_typesupport_cpp: rosidl_typesupport_fastrtps_cpp;rosidl_typesupport_introspection_cpp
[cmake] -- Found rmw_implementation_cmake: 6.1.1 (/opt/ros/humble/share/rmw_implementation_cmake/cmake)
[cmake] -- Found rmw_fastrtps_cpp: 6.2.5 (/opt/ros/humble/share/rmw_fastrtps_cpp/cmake)
[cmake] -- Found OpenSSL: /usr/lib/x86_64-linux-gnu/libcrypto.so (found version "3.0.2")  
[cmake] -- Found FastRTPS: /opt/ros/humble/include  
[cmake] -- Using RMW implementation 'rmw_fastrtps_cpp' as default
[cmake] -- Looking for pthread.h
[cmake] -- Looking for pthread.h - found
[cmake] -- Performing Test CMAKE_HAVE_LIBC_PTHREAD
[cmake] -- Performing Test CMAKE_HAVE_LIBC_PTHREAD - Success
[cmake] -- Found Threads: TRUE  
[cmake] -- Found nav_msgs: 4.2.3 (/opt/ros/humble/share/nav_msgs/cmake)
[cmake] -- Found OpenCV: /usr/local (found version "4.8.0") 
[cmake] -- Found tf2: 0.25.5 (/opt/ros/humble/share/tf2/cmake)
[cmake] -- Found tf2_geometry_msgs: 0.25.5 (/opt/ros/humble/share/tf2_geometry_msgs/cmake)
[cmake] -- Found eigen3_cmake_module: 0.1.1 (/opt/ros/humble/share/eigen3_cmake_module/cmake)
[cmake] -- Found Eigen3: TRUE (found version "3.4.0") 
[cmake] -- Ensuring Eigen3 include directory is part of orocos-kdl CMake target
[cmake] -- Found ament_lint_auto: 0.12.9 (/opt/ros/humble/share/ament_lint_auto/cmake)
[cmake] -- Added test 'cppcheck' to perform static code analysis on C / C++ code
[cmake] -- Configured cppcheck include dirs: /root/ros2_ws/SYSTEM
[cmake] -- Configured cppcheck exclude dirs and/or files: 
[cmake] -- Added test 'flake8' to check Python code syntax and style conventions
[cmake] -- Added test 'lint_cmake' to check CMake code style
[cmake] -- Added test 'pep257' to check Python code against some of the docstring style conventions in PEP 257
[cmake] -- Added test 'uncrustify' to check C / C++ code style
[cmake] -- Configured uncrustify additional arguments: 
[cmake] -- Added test 'xmllint' to check XML markup files
[cmake] -- Configuring done
[cmake] -- Generating done
[cmake] -- Build files have been written to: /root/ros2_ws/build
[main] Configuring project: ros2_ws 
[proc] Executing command: /usr/bin/cmake --no-warn-unused-cli -DCMAKE_BUILD_TYPE:STRING=Debug -DCMAKE_EXPORT_COMPILE_COMMANDS:BOOL=TRUE -DCMAKE_C_COMPILER:FILEPATH=/usr/bin/gcc -DCMAKE_CXX_COMPILER:FILEPATH=/usr/bin/g++ -S/root/ros2_ws -B/root/ros2_ws/build -G "Unix Makefiles"
[cmake] Not searching for unused variables given on the command line.
[cmake] -- Found ament_cmake: 1.3.6 (/opt/ros/humble/share/ament_cmake/cmake)
[cmake] -- Found rclcpp: 16.0.7 (/opt/ros/humble/share/rclcpp/cmake)
[cmake] -- Found rosidl_generator_c: 3.1.5 (/opt/ros/humble/share/rosidl_generator_c/cmake)
[cmake] -- Found rosidl_adapter: 3.1.5 (/opt/ros/humble/share/rosidl_adapter/cmake)
[cmake] -- Found rosidl_generator_cpp: 3.1.5 (/opt/ros/humble/share/rosidl_generator_cpp/cmake)
[cmake] -- Using all available rosidl_typesupport_c: rosidl_typesupport_fastrtps_c;rosidl_typesupport_introspection_c
[cmake] -- Using all available rosidl_typesupport_cpp: rosidl_typesupport_fastrtps_cpp;rosidl_typesupport_introspection_cpp
[cmake] -- Found rmw_implementation_cmake: 6.1.1 (/opt/ros/humble/share/rmw_implementation_cmake/cmake)
[cmake] -- Found rmw_fastrtps_cpp: 6.2.5 (/opt/ros/humble/share/rmw_fastrtps_cpp/cmake)
[cmake] -- Using RMW implementation 'rmw_fastrtps_cpp' as default
[cmake] -- Found nav_msgs: 4.2.3 (/opt/ros/humble/share/nav_msgs/cmake)
[cmake] -- Found tf2: 0.25.5 (/opt/ros/humble/share/tf2/cmake)
[cmake] -- Found tf2_geometry_msgs: 0.25.5 (/opt/ros/humble/share/tf2_geometry_msgs/cmake)
[cmake] -- Found eigen3_cmake_module: 0.1.1 (/opt/ros/humble/share/eigen3_cmake_module/cmake)
[cmake] -- Ensuring Eigen3 include directory is part of orocos-kdl CMake target
[cmake] -- Found ament_lint_auto: 0.12.9 (/opt/ros/humble/share/ament_lint_auto/cmake)
[cmake] -- Added test 'cppcheck' to perform static code analysis on C / C++ code
[cmake] -- Configured cppcheck include dirs: /root/ros2_ws/SYSTEM
[cmake] -- Configured cppcheck exclude dirs and/or files: 
[cmake] -- Added test 'flake8' to check Python code syntax and style conventions
[cmake] -- Added test 'lint_cmake' to check CMake code style
[cmake] -- Added test 'pep257' to check Python code against some of the docstring style conventions in PEP 257
[cmake] -- Added test 'uncrustify' to check C / C++ code style
[cmake] -- Configured uncrustify additional arguments: 
[cmake] -- Added test 'xmllint' to check XML markup files
[cmake] -- Configuring done
[cmake] -- Generating done
[cmake] -- Build files have been written to: /root/ros2_ws/build
