[0.670s] DEBUG:colcon:Command line arguments: ['/usr/bin/colcon', 'build']
[0.670s] DEBUG:colcon:Parsed command line arguments: Namespace(log_base=None, log_level=None, verb_name='build', build_base='build', install_base='install', merge_install=False, symlink_install=False, test_result_base=None, continue_on_error=False, executor='parallel', parallel_workers=12, event_handlers=None, ignore_user_meta=False, metas=['./colcon.meta'], base_paths=['.'], packages_ignore=None, packages_ignore_regex=None, paths=None, packages_up_to=None, packages_up_to_regex=None, packages_above=None, packages_above_and_dependencies=None, packages_above_depth=None, packages_select_by_dep=None, packages_skip_by_dep=None, packages_skip_up_to=None, packages_select_build_failed=False, packages_skip_build_finished=False, packages_select_test_failures=False, packages_skip_test_passed=False, packages_select=None, packages_skip=None, packages_select_regex=None, packages_skip_regex=None, packages_start=None, packages_end=None, allow_overriding=[], cmake_args=None, cmake_target=None, cmake_target_skip_unavailable=False, cmake_clean_cache=False, cmake_clean_first=False, cmake_force_configure=False, ament_cmake_args=None, catkin_cmake_args=None, catkin_skip_building_tests=False, verb_parser=<colcon_defaults.argument_parser.defaults.DefaultArgumentsDecorator object at 0x7fd415312c80>, verb_extension=<colcon_core.verb.build.BuildVerb object at 0x7fd415630340>, main=<bound method BuildVerb.main of <colcon_core.verb.build.BuildVerb object at 0x7fd415630340>>)
[0.704s] Level 1:colcon.colcon_core.package_discovery:discover_packages(colcon_meta) check parameters
[0.704s] Level 1:colcon.colcon_core.package_discovery:discover_packages(recursive) check parameters
[0.704s] Level 1:colcon.colcon_core.package_discovery:discover_packages(ignore) check parameters
[0.704s] Level 1:colcon.colcon_core.package_discovery:discover_packages(path) check parameters
[0.704s] Level 1:colcon.colcon_core.package_discovery:discover_packages(colcon_meta) discover
[0.704s] Level 1:colcon.colcon_core.package_discovery:discover_packages(recursive) discover
[0.704s] INFO:colcon.colcon_core.package_discovery:Crawling recursively for packages in '/root/ros2_ws'
[0.704s] Level 1:colcon.colcon_core.package_identification:_identify(.) by extensions ['ignore', 'ignore_ament_install']
[0.704s] Level 1:colcon.colcon_core.package_identification:_identify(.) by extension 'ignore'
[0.704s] Level 1:colcon.colcon_core.package_identification:_identify(.) by extension 'ignore_ament_install'
[0.704s] Level 1:colcon.colcon_core.package_identification:_identify(.) by extensions ['colcon_pkg']
[0.704s] Level 1:colcon.colcon_core.package_identification:_identify(.) by extension 'colcon_pkg'
[0.704s] Level 1:colcon.colcon_core.package_identification:_identify(.) by extensions ['colcon_meta']
[0.704s] Level 1:colcon.colcon_core.package_identification:_identify(.) by extension 'colcon_meta'
[0.704s] Level 1:colcon.colcon_core.package_identification:_identify(.) by extensions ['ros']
[0.704s] Level 1:colcon.colcon_core.package_identification:_identify(.) by extension 'ros'
[0.714s] DEBUG:colcon.colcon_core.package_identification:Package '.' with type 'ros.ament_cmake' and name 'my_robot_motion_planning'
[0.714s] Level 1:colcon.colcon_core.package_discovery:discover_packages(recursive) using defaults
[0.714s] Level 1:colcon.colcon_core.package_discovery:discover_packages(ignore) discover
[0.714s] Level 1:colcon.colcon_core.package_discovery:discover_packages(ignore) using defaults
[0.714s] Level 1:colcon.colcon_core.package_discovery:discover_packages(path) discover
[0.714s] Level 1:colcon.colcon_core.package_discovery:discover_packages(path) using defaults
[0.775s] Level 1:colcon.colcon_core.package_discovery:discover_packages(prefix_path) check parameters
[0.775s] Level 1:colcon.colcon_core.package_discovery:discover_packages(prefix_path) discover
[0.794s] DEBUG:colcon.colcon_installed_package_information.package_discovery:Found 1 installed packages in /root/ros2_ws/install
[0.804s] DEBUG:colcon.colcon_installed_package_information.package_discovery:Found 409 installed packages in /opt/ros/humble
[0.805s] Level 1:colcon.colcon_core.package_discovery:discover_packages(prefix_path) using defaults
[0.900s] Level 5:colcon.colcon_core.verb:set package 'my_robot_motion_planning' build argument 'cmake_args' from command line to 'None'
[0.900s] Level 5:colcon.colcon_core.verb:set package 'my_robot_motion_planning' build argument 'cmake_target' from command line to 'None'
[0.900s] Level 5:colcon.colcon_core.verb:set package 'my_robot_motion_planning' build argument 'cmake_target_skip_unavailable' from command line to 'False'
[0.900s] Level 5:colcon.colcon_core.verb:set package 'my_robot_motion_planning' build argument 'cmake_clean_cache' from command line to 'False'
[0.900s] Level 5:colcon.colcon_core.verb:set package 'my_robot_motion_planning' build argument 'cmake_clean_first' from command line to 'False'
[0.900s] Level 5:colcon.colcon_core.verb:set package 'my_robot_motion_planning' build argument 'cmake_force_configure' from command line to 'False'
[0.900s] Level 5:colcon.colcon_core.verb:set package 'my_robot_motion_planning' build argument 'ament_cmake_args' from command line to 'None'
[0.900s] Level 5:colcon.colcon_core.verb:set package 'my_robot_motion_planning' build argument 'catkin_cmake_args' from command line to 'None'
[0.900s] Level 5:colcon.colcon_core.verb:set package 'my_robot_motion_planning' build argument 'catkin_skip_building_tests' from command line to 'False'
[0.900s] DEBUG:colcon.colcon_core.verb:Building package 'my_robot_motion_planning' with the following arguments: {'ament_cmake_args': None, 'build_base': '/root/ros2_ws/build/my_robot_motion_planning', 'catkin_cmake_args': None, 'catkin_skip_building_tests': False, 'cmake_args': None, 'cmake_clean_cache': False, 'cmake_clean_first': False, 'cmake_force_configure': False, 'cmake_target': None, 'cmake_target_skip_unavailable': False, 'install_base': '/root/ros2_ws/install/my_robot_motion_planning', 'merge_install': False, 'path': '/root/ros2_ws', 'symlink_install': False, 'test_result_base': None}
[0.909s] INFO:colcon.colcon_core.executor:Executing jobs using 'parallel' executor
[0.920s] DEBUG:colcon.colcon_parallel_executor.executor.parallel:run_until_complete
[0.920s] INFO:colcon.colcon_ros.task.ament_cmake.build:Building ROS package in '/root/ros2_ws' with build type 'ament_cmake'
[0.920s] INFO:colcon.colcon_cmake.task.cmake.build:Building CMake package in '/root/ros2_ws'
[0.934s] INFO:colcon.colcon_core.plugin_system:Skipping extension 'colcon_core.shell.bat': Not used on non-Windows systems
[0.934s] INFO:colcon.colcon_core.shell:Skip shell extension 'powershell' for command environment: Not usable outside of PowerShell
[0.934s] DEBUG:colcon.colcon_core.shell:Skip shell extension 'dsv' for command environment
[0.982s] DEBUG:colcon.colcon_core.event_handler.log_command:Invoking command in '/root/ros2_ws/build/my_robot_motion_planning': CMAKE_PREFIX_PATH=${CMAKE_PREFIX_PATH}:/opt/ros/humble /usr/bin/cmake --build /root/ros2_ws/build/my_robot_motion_planning -- -j12 -l12
[10.516s] DEBUG:colcon.colcon_core.event_handler.log_command:Invoked command in '/root/ros2_ws/build/my_robot_motion_planning' returned '0': CMAKE_PREFIX_PATH=${CMAKE_PREFIX_PATH}:/opt/ros/humble /usr/bin/cmake --build /root/ros2_ws/build/my_robot_motion_planning -- -j12 -l12
[10.545s] DEBUG:colcon.colcon_core.event_handler.log_command:Invoking command in '/root/ros2_ws/build/my_robot_motion_planning': CMAKE_PREFIX_PATH=${CMAKE_PREFIX_PATH}:/opt/ros/humble /usr/bin/cmake --install /root/ros2_ws/build/my_robot_motion_planning
[10.565s] Level 1:colcon.colcon_core.environment:create_environment_scripts_only(my_robot_motion_planning)
[10.565s] DEBUG:colcon.colcon_core.event_handler.log_command:Invoked command in '/root/ros2_ws/build/my_robot_motion_planning' returned '0': CMAKE_PREFIX_PATH=${CMAKE_PREFIX_PATH}:/opt/ros/humble /usr/bin/cmake --install /root/ros2_ws/build/my_robot_motion_planning
[10.580s] Level 1:colcon.colcon_core.environment:checking '/root/ros2_ws/install/my_robot_motion_planning' for CMake module files
[10.581s] Level 1:colcon.colcon_core.environment:checking '/root/ros2_ws/install/my_robot_motion_planning' for CMake config files
[10.581s] Level 1:colcon.colcon_core.shell:create_environment_hook('my_robot_motion_planning', 'cmake_prefix_path')
[10.591s] INFO:colcon.colcon_core.shell:Creating environment hook '/root/ros2_ws/install/my_robot_motion_planning/share/my_robot_motion_planning/hook/cmake_prefix_path.ps1'
[10.592s] INFO:colcon.colcon_core.shell:Creating environment descriptor '/root/ros2_ws/install/my_robot_motion_planning/share/my_robot_motion_planning/hook/cmake_prefix_path.dsv'
[10.592s] INFO:colcon.colcon_core.shell:Creating environment hook '/root/ros2_ws/install/my_robot_motion_planning/share/my_robot_motion_planning/hook/cmake_prefix_path.sh'
[10.593s] Level 1:colcon.colcon_core.environment:checking '/root/ros2_ws/install/my_robot_motion_planning/lib'
[10.593s] Level 1:colcon.colcon_core.environment:checking '/root/ros2_ws/install/my_robot_motion_planning/bin'
[10.593s] Level 1:colcon.colcon_core.environment:checking '/root/ros2_ws/install/my_robot_motion_planning/lib/pkgconfig/my_robot_motion_planning.pc'
[10.593s] Level 1:colcon.colcon_core.environment:checking '/root/ros2_ws/install/my_robot_motion_planning/lib/python3.10/site-packages'
[10.593s] Level 1:colcon.colcon_core.environment:checking '/root/ros2_ws/install/my_robot_motion_planning/bin'
[10.604s] INFO:colcon.colcon_core.shell:Creating package script '/root/ros2_ws/install/my_robot_motion_planning/share/my_robot_motion_planning/package.ps1'
[10.604s] INFO:colcon.colcon_core.shell:Creating package descriptor '/root/ros2_ws/install/my_robot_motion_planning/share/my_robot_motion_planning/package.dsv'
[10.605s] INFO:colcon.colcon_core.shell:Creating package script '/root/ros2_ws/install/my_robot_motion_planning/share/my_robot_motion_planning/package.sh'
[10.605s] INFO:colcon.colcon_core.shell:Creating package script '/root/ros2_ws/install/my_robot_motion_planning/share/my_robot_motion_planning/package.bash'
[10.605s] INFO:colcon.colcon_core.shell:Creating package script '/root/ros2_ws/install/my_robot_motion_planning/share/my_robot_motion_planning/package.zsh'
[10.606s] Level 1:colcon.colcon_core.environment:create_file_with_runtime_dependencies(/root/ros2_ws/install/my_robot_motion_planning/share/colcon-core/packages/my_robot_motion_planning)
[10.641s] Level 1:colcon.colcon_core.environment:create_environment_scripts_only(my_robot_motion_planning)
[10.651s] Level 1:colcon.colcon_core.environment:checking '/root/ros2_ws/install/my_robot_motion_planning' for CMake module files
[10.651s] Level 1:colcon.colcon_core.environment:checking '/root/ros2_ws/install/my_robot_motion_planning' for CMake config files
[10.651s] Level 1:colcon.colcon_core.shell:create_environment_hook('my_robot_motion_planning', 'cmake_prefix_path')
[10.662s] INFO:colcon.colcon_core.shell:Creating environment hook '/root/ros2_ws/install/my_robot_motion_planning/share/my_robot_motion_planning/hook/cmake_prefix_path.ps1'
[10.663s] INFO:colcon.colcon_core.shell:Creating environment descriptor '/root/ros2_ws/install/my_robot_motion_planning/share/my_robot_motion_planning/hook/cmake_prefix_path.dsv'
[10.663s] INFO:colcon.colcon_core.shell:Creating environment hook '/root/ros2_ws/install/my_robot_motion_planning/share/my_robot_motion_planning/hook/cmake_prefix_path.sh'
[10.663s] Level 1:colcon.colcon_core.environment:checking '/root/ros2_ws/install/my_robot_motion_planning/lib'
[10.663s] Level 1:colcon.colcon_core.environment:checking '/root/ros2_ws/install/my_robot_motion_planning/bin'
[10.663s] Level 1:colcon.colcon_core.environment:checking '/root/ros2_ws/install/my_robot_motion_planning/lib/pkgconfig/my_robot_motion_planning.pc'
[10.664s] Level 1:colcon.colcon_core.environment:checking '/root/ros2_ws/install/my_robot_motion_planning/lib/python3.10/site-packages'
[10.664s] Level 1:colcon.colcon_core.environment:checking '/root/ros2_ws/install/my_robot_motion_planning/bin'
[10.674s] INFO:colcon.colcon_core.shell:Creating package script '/root/ros2_ws/install/my_robot_motion_planning/share/my_robot_motion_planning/package.ps1'
[10.675s] INFO:colcon.colcon_core.shell:Creating package descriptor '/root/ros2_ws/install/my_robot_motion_planning/share/my_robot_motion_planning/package.dsv'
[10.675s] INFO:colcon.colcon_core.shell:Creating package script '/root/ros2_ws/install/my_robot_motion_planning/share/my_robot_motion_planning/package.sh'
[10.676s] INFO:colcon.colcon_core.shell:Creating package script '/root/ros2_ws/install/my_robot_motion_planning/share/my_robot_motion_planning/package.bash'
[10.676s] INFO:colcon.colcon_core.shell:Creating package script '/root/ros2_ws/install/my_robot_motion_planning/share/my_robot_motion_planning/package.zsh'
[10.676s] Level 1:colcon.colcon_core.environment:create_file_with_runtime_dependencies(/root/ros2_ws/install/my_robot_motion_planning/share/colcon-core/packages/my_robot_motion_planning)
[10.676s] DEBUG:colcon.colcon_parallel_executor.executor.parallel:closing loop
[10.677s] DEBUG:colcon.colcon_parallel_executor.executor.parallel:loop closed
[10.677s] DEBUG:colcon.colcon_parallel_executor.executor.parallel:run_until_complete finished with '0'
[10.677s] DEBUG:colcon.colcon_core.event_reactor:joining thread
[10.695s] INFO:colcon.colcon_core.plugin_system:Skipping extension 'colcon_notification.desktop_notification.terminal_notifier': Not used on non-Darwin systems
[10.695s] INFO:colcon.colcon_core.plugin_system:Skipping extension 'colcon_notification.desktop_notification.win32': Not used on non-Windows systems
[10.695s] INFO:colcon.colcon_notification.desktop_notification:Sending desktop notification using 'notify2'
[10.705s] DEBUG:colcon.colcon_core.event_reactor:joined thread
[10.717s] INFO:colcon.colcon_core.shell:Creating prefix script '/root/ros2_ws/install/local_setup.ps1'
[10.718s] INFO:colcon.colcon_core.shell:Creating prefix util module '/root/ros2_ws/install/_local_setup_util_ps1.py'
[10.718s] INFO:colcon.colcon_core.shell:Creating prefix chain script '/root/ros2_ws/install/setup.ps1'
[10.730s] INFO:colcon.colcon_core.shell:Creating prefix script '/root/ros2_ws/install/local_setup.sh'
[10.730s] INFO:colcon.colcon_core.shell:Creating prefix util module '/root/ros2_ws/install/_local_setup_util_sh.py'
[10.731s] INFO:colcon.colcon_core.shell:Creating prefix chain script '/root/ros2_ws/install/setup.sh'
[10.740s] INFO:colcon.colcon_core.shell:Creating prefix script '/root/ros2_ws/install/local_setup.bash'
[10.741s] INFO:colcon.colcon_core.shell:Creating prefix chain script '/root/ros2_ws/install/setup.bash'
[10.751s] INFO:colcon.colcon_core.shell:Creating prefix script '/root/ros2_ws/install/local_setup.zsh'
[10.752s] INFO:colcon.colcon_core.shell:Creating prefix chain script '/root/ros2_ws/install/setup.zsh'
