[0.030s] Invoking command in '/root/ros2_ws/build/my_robot_motion_planning': CMAKE_PREFIX_PATH=/opt/ros/humble /usr/bin/cmake --build /root/ros2_ws/build/my_robot_motion_planning -- -j12 -l12
[0.060s] [35m[1mConsolidate compiler generated dependencies of target my_motion_planner[0m
[0.080s] [ 50%] [32mBuilding CXX object CMakeFiles/my_motion_planner.dir/src/mp.cpp.o[0m
[0.414s] In file included from [01m[K/usr/include/c++/11/chrono:42[m[K,
[0.414s]                  from [01m[K/opt/ros/humble/include/tf2/time.h:32[m[K,
[0.414s]                  from [01m[K/usr/include/pthread.h:23[m[K,
[0.414s]                  from [01m[K/usr/include/x86_64-linux-gnu/c++/11/bits/gthr-default.h:35[m[K,
[0.414s]                  from [01m[K/usr/include/x86_64-linux-gnu/c++/11/bits/gthr.h:148[m[K,
[0.414s]                  from [01m[K/usr/include/c++/11/ext/atomicity.h:35[m[K,
[0.414s]                  from [01m[K/usr/include/c++/11/bits/ios_base.h:39[m[K,
[0.414s]                  from [01m[K/usr/include/c++/11/streambuf:41[m[K,
[0.414s]                  from [01m[K/usr/include/c++/11/bits/streambuf_iterator.h:35[m[K,
[0.415s]                  from [01m[K/usr/include/c++/11/iterator:66[m[K,
[0.415s]                  from [01m[K/usr/include/boost/concept_check.hpp:22[m[K,
[0.415s]                  from [01m[K/opt/ros/humble/include/ompl-1.6/ompl/base/State.h:40[m[K,
[0.415s]                  from [01m[K/opt/ros/humble/include/ompl-1.6/ompl/base/SpaceInformation.h:40[m[K,
[0.415s]                  from [01m[K/root/ros2_ws/src/mp.cpp:1[m[K:
[0.415s] [01m[K/usr/include/c++/11/ctime:64:11:[m[K [01;31m[Kerror: [m[K‘[01m[Kclock[m[K’ has not been declared in ‘[01m[K::[m[K’
[0.415s]    64 |   using ::[01;31m[Kclock[m[K;
[0.415s]       |           [01;31m[K^~~~~[m[K
[0.415s] [01m[K/usr/include/c++/11/ctime:65:11:[m[K [01;31m[Kerror: [m[K‘[01m[Kdifftime[m[K’ has not been declared in ‘[01m[K::[m[K’
[0.415s]    65 |   using ::[01;31m[Kdifftime[m[K;
[0.415s]       |           [01;31m[K^~~~~~~~[m[K
[0.415s] [01m[K/usr/include/c++/11/ctime:66:11:[m[K [01;31m[Kerror: [m[K‘[01m[Kmktime[m[K’ has not been declared in ‘[01m[K::[m[K’
[0.415s]    66 |   using ::[01;31m[Kmktime[m[K;
[0.416s]       |           [01;31m[K^~~~~~[m[K
[0.416s] [01m[K/usr/include/c++/11/ctime:67:11:[m[K [01;31m[Kerror: [m[K‘[01m[Ktime[m[K’ has not been declared in ‘[01m[K::[m[K’
[0.416s]    67 |   using ::[01;31m[Ktime[m[K;
[0.416s]       |           [01;31m[K^~~~[m[K
[0.416s] [01m[K/usr/include/c++/11/ctime:68:11:[m[K [01;31m[Kerror: [m[K‘[01m[Kasctime[m[K’ has not been declared in ‘[01m[K::[m[K’
[0.416s]    68 |   using ::[01;31m[Kasctime[m[K;
[0.416s]       |           [01;31m[K^~~~~~~[m[K
[0.416s] [01m[K/usr/include/c++/11/ctime:69:11:[m[K [01;31m[Kerror: [m[K‘[01m[Kctime[m[K’ has not been declared in ‘[01m[K::[m[K’
[0.416s]    69 |   using ::[01;31m[Kctime[m[K;
[0.416s]       |           [01;31m[K^~~~~[m[K
[0.416s] [01m[K/usr/include/c++/11/ctime:70:11:[m[K [01;31m[Kerror: [m[K‘[01m[Kgmtime[m[K’ has not been declared in ‘[01m[K::[m[K’
[0.416s]    70 |   using ::[01;31m[Kgmtime[m[K;
[0.417s]       |           [01;31m[K^~~~~~[m[K
[0.417s] [01m[K/usr/include/c++/11/ctime:71:11:[m[K [01;31m[Kerror: [m[K‘[01m[Klocaltime[m[K’ has not been declared in ‘[01m[K::[m[K’
[0.417s]    71 |   using ::[01;31m[Klocaltime[m[K;
[0.417s]       |           [01;31m[K^~~~~~~~~[m[K
[0.417s] [01m[K/usr/include/c++/11/ctime:72:11:[m[K [01;31m[Kerror: [m[K‘[01m[Kstrftime[m[K’ has not been declared in ‘[01m[K::[m[K’
[0.417s]    72 |   using ::[01;31m[Kstrftime[m[K;
[0.417s]       |           [01;31m[K^~~~~~~~[m[K
[0.417s] [01m[K/usr/include/c++/11/ctime:80:11:[m[K [01;31m[Kerror: [m[K‘[01m[Ktimespec_get[m[K’ has not been declared in ‘[01m[K::[m[K’
[0.417s]    80 |   using ::[01;31m[Ktimespec_get[m[K;
[0.417s]       |           [01;31m[K^~~~~~~~~~~~[m[K
[0.973s] In file included from [01m[K/opt/ros/humble/include/ompl-1.6/ompl/base/PlannerTerminationCondition.h:43[m[K,
[0.973s]                  from [01m[K/opt/ros/humble/include/ompl-1.6/ompl/base/Planner.h:44[m[K,
[0.973s]                  from [01m[K/opt/ros/humble/include/ompl-1.6/ompl/geometric/planners/PlannerIncludes.h:40[m[K,
[0.973s]                  from [01m[K/opt/ros/humble/include/ompl-1.6/ompl/geometric/planners/rrt/RRTConnect.h:41[m[K,
[0.973s]                  from [01m[K/root/ros2_ws/src/mp.cpp:3[m[K:
[0.974s] [01m[K/opt/ros/humble/include/ompl-1.6/ompl/util/Time.h:[m[K In function ‘[01m[Kstd::string ompl::time::as_string(const point&)[m[K’:
[0.974s] [01m[K/opt/ros/humble/include/ompl-1.6/ompl/util/Time.h:82:38:[m[K [01;31m[Kerror: [m[K‘[01m[Klocaltime[m[K’ is not a member of ‘[01m[Kstd[m[K’; did you mean ‘[01m[Klocale[m[K’?
[0.974s]    82 |             ss << std::put_time(std::[01;31m[Klocaltime[m[K(&pt), "%F %T");
[0.974s]       |                                      [01;31m[K^~~~~~~~~[m[K
[0.974s]       |                                      [32m[Klocale[m[K
[1.078s] In file included from [01m[K/usr/local/include/opencv4/opencv2/core/utility.hpp:62[m[K,
[1.078s]                  from [01m[K/usr/local/include/opencv4/opencv2/core.hpp:3392[m[K,
[1.078s]                  from [01m[K/usr/local/include/opencv4/opencv2/opencv.hpp:52[m[K,
[1.078s]                  from [01m[K/root/ros2_ws/src/mp.cpp:5[m[K:
[1.078s] [01m[K/usr/include/c++/11/mutex:[m[K In member function ‘[01m[Kbool std::__timed_mutex_impl<_Derived>::_M_try_lock_until(const std::chrono::time_point<std::chrono::_V2::steady_clock, _Duration>&)[m[K’:
[1.078s] [01m[K/usr/include/c++/11/mutex:185:61:[m[K [01;31m[Kerror: [m[K‘[01m[KCLOCK_MONOTONIC[m[K’ was not declared in this scope
[1.079s]   185 |           return static_cast<_Derived*>(this)->_M_clocklock([01;31m[KCLOCK_MONOTONIC[m[K,
[1.079s]       |                                                             [01;31m[K^~~~~~~~~~~~~~~[m[K
[1.478s] In file included from [01m[K/usr/include/c++/11/future:39[m[K,
[1.478s]                  from [01m[K/opt/ros/humble/include/rclcpp/rclcpp/executors.hpp:18[m[K,
[1.478s]                  from [01m[K/opt/ros/humble/include/rclcpp/rclcpp/rclcpp.hpp:155[m[K,
[1.478s]                  from [01m[K/root/ros2_ws/src/mp.cpp:10[m[K:
[1.478s] [01m[K/usr/include/c++/11/condition_variable:[m[K In member function ‘[01m[Kstd::cv_status std::condition_variable::__wait_until_impl(std::unique_lock<std::mutex>&, const std::chrono::time_point<std::chrono::_V2::steady_clock, _Duration>&)[m[K’:
[1.478s] [01m[K/usr/include/c++/11/condition_variable:201:45:[m[K [01;31m[Kerror: [m[K‘[01m[KCLOCK_MONOTONIC[m[K’ was not declared in this scope
[1.478s]   201 |         _M_cond.wait_until(*__lock.mutex(), [01;31m[KCLOCK_MONOTONIC[m[K, __ts);
[1.478s]       |                                             [01;31m[K^~~~~~~~~~~~~~~[m[K
[1.517s] In file included from [01m[K/usr/include/c++/11/thread:44[m[K,
[1.517s]                  from [01m[K/opt/ros/humble/include/rclcpp/rclcpp/executors/multi_threaded_executor.hpp:22[m[K,
[1.517s]                  from [01m[K/opt/ros/humble/include/rclcpp/rclcpp/executors.hpp:21[m[K,
[1.517s]                  from [01m[K/opt/ros/humble/include/rclcpp/rclcpp/rclcpp.hpp:155[m[K,
[1.517s]                  from [01m[K/root/ros2_ws/src/mp.cpp:10[m[K:
[1.517s] [01m[K/usr/include/c++/11/bits/this_thread_sleep.h:[m[K In function ‘[01m[Kvoid std::this_thread::sleep_for(const std::chrono::duration<_Rep1, _Period1>&)[m[K’:
[1.517s] [01m[K/usr/include/c++/11/bits/this_thread_sleep.h:82:18:[m[K [01;31m[Kerror: [m[K‘[01m[K::nanosleep[m[K’ has not been declared
[1.517s]    82 |         while (::[01;31m[Knanosleep[m[K(&__ts, &__ts) == -1 && errno == EINTR)
[1.517s]       |                  [01;31m[K^~~~~~~~~[m[K
[1.695s] In file included from [01m[K/opt/ros/humble/include/rclcpp/rclcpp/experimental/intra_process_manager.hpp:20[m[K,
[1.695s]                  from [01m[K/opt/ros/humble/include/rclcpp/rclcpp/subscription_base.hpp:34[m[K,
[1.695s]                  from [01m[K/opt/ros/humble/include/rclcpp/rclcpp/callback_group.hpp:29[m[K,
[1.695s]                  from [01m[K/opt/ros/humble/include/rclcpp/rclcpp/any_executable.hpp:20[m[K,
[1.695s]                  from [01m[K/opt/ros/humble/include/rclcpp/rclcpp/memory_strategy.hpp:25[m[K,
[1.695s]                  from [01m[K/opt/ros/humble/include/rclcpp/rclcpp/memory_strategies.hpp:18[m[K,
[1.695s]                  from [01m[K/opt/ros/humble/include/rclcpp/rclcpp/executor_options.hpp:20[m[K,
[1.695s]                  from [01m[K/opt/ros/humble/include/rclcpp/rclcpp/executor.hpp:37[m[K,
[1.695s]                  from [01m[K/opt/ros/humble/include/rclcpp/rclcpp/executors/multi_threaded_executor.hpp:25[m[K,
[1.695s]                  from [01m[K/opt/ros/humble/include/rclcpp/rclcpp/executors.hpp:21[m[K,
[1.695s]                  from [01m[K/opt/ros/humble/include/rclcpp/rclcpp/rclcpp.hpp:155[m[K,
[1.695s]                  from [01m[K/root/ros2_ws/src/mp.cpp:10[m[K:
[1.695s] [01m[K/usr/include/c++/11/shared_mutex:[m[K In member function ‘[01m[Kbool std::shared_timed_mutex::try_lock_until(const std::chrono::time_point<std::chrono::_V2::steady_clock, _Duration>&)[m[K’:
[1.695s] [01m[K/usr/include/c++/11/shared_mutex:546:60:[m[K [01;31m[Kerror: [m[K‘[01m[KCLOCK_MONOTONIC[m[K’ was not declared in this scope
[1.695s]   546 |         int __ret = pthread_rwlock_clockwrlock(&_M_rwlock, [01;31m[KCLOCK_MONOTONIC[m[K,
[1.695s]       |                                                            [01;31m[K^~~~~~~~~~~~~~~[m[K
[1.702s] [01m[K/usr/include/c++/11/shared_mutex:[m[K In member function ‘[01m[Kbool std::shared_timed_mutex::try_lock_shared_until(const std::chrono::time_point<std::chrono::_V2::steady_clock, _Duration>&)[m[K’:
[1.702s] [01m[K/usr/include/c++/11/shared_mutex:633:60:[m[K [01;31m[Kerror: [m[K‘[01m[KCLOCK_MONOTONIC[m[K’ was not declared in this scope
[1.702s]   633 |         int __ret = pthread_rwlock_clockrdlock(&_M_rwlock, [01;31m[KCLOCK_MONOTONIC[m[K,
[1.702s]       |                                                            [01;31m[K^~~~~~~~~~~~~~~[m[K
[2.646s] [01m[K/root/ros2_ws/src/mp.cpp:[m[K In function ‘[01m[Kvoid planWithSimpleSetup(const SharedPtr&, const SharedPtr&)[m[K’:
[2.647s] [01m[K/root/ros2_ws/src/mp.cpp:209:51:[m[K [01;31m[Kerror: [m[Kbase operand of ‘[01m[K->[m[K’ has non-pointer type ‘[01m[Kompl::geometric::PathGeometric[m[K’
[2.647s]   209 |          for (std::size_t i = 0; i < solution_path[01;31m[K->[m[KgetStateCount(); ++i)
[2.647s]       |                                                   [01;31m[K^~[m[K
[2.647s] [01m[K/root/ros2_ws/src/mp.cpp:211:51:[m[K [01;31m[Kerror: [m[Kbase operand of ‘[01m[K->[m[K’ has non-pointer type ‘[01m[Kompl::geometric::PathGeometric[m[K’
[2.647s]   211 |             const ob::State* state = solution_path[01;31m[K->[m[KgetState(i);
[2.647s]       |                                                   [01;31m[K^~[m[K
[3.495s] gmake[2]: *** [CMakeFiles/my_motion_planner.dir/build.make:76: CMakeFiles/my_motion_planner.dir/src/mp.cpp.o] Error 1
[3.495s] gmake[1]: *** [CMakeFiles/Makefile2:137: CMakeFiles/my_motion_planner.dir/all] Error 2
[3.496s] gmake: *** [Makefile:146: all] Error 2
[3.497s] Invoked command in '/root/ros2_ws/build/my_robot_motion_planning' returned '2': CMAKE_PREFIX_PATH=/opt/ros/humble /usr/bin/cmake --build /root/ros2_ws/build/my_robot_motion_planning -- -j12 -l12
