2024-01-06 18:42:21.751 [info] (Client) Pylance async client (2023.12.1) started with python extension (2023.22.1)
2024-01-06 18:42:22.217 [info] [Info  - 18:42:22] (7560) Pylance language server 2023.12.1 (pyright a78e2b10) starting
2024-01-06 18:42:22.217 [info] [Info  - 18:42:22] (7560) Server root directory: /root/.vscode/extensions/ms-python.vscode-pylance-2023.12.1/dist
2024-01-06 18:42:22.218 [info] [Info  - 18:42:22] (7560) Starting service instance "turtlebot3_example"
2024-01-06 18:42:22.243 [info] [Info  - 18:42:22] (7560) Setting pythonPath for service "turtlebot3_example": "/bin/python"
2024-01-06 18:42:22.243 [info] [Info  - 18:42:22] (7560) Setting environmentName for service "turtlebot3_example": "3.10.12 (global)"
2024-01-06 18:42:22.273 [info] [Info  - 18:42:22] (7560) Assuming Python version 3.10
2024-01-06 18:42:22.337 [info] [Info  - 18:42:22] (7560) Found 15 source files
2024-01-06 18:42:38.647 [info] [Info  - 18:42:38] (7560) Found 16 source files
2024-01-06 18:45:00.636 [info] [Info  - 18:45:00] (7560) Found 16 source files
2024-01-06 18:45:02.184 [info] [Info  - 18:45:02] (7560) Found 16 source files
2024-01-06 18:47:39.376 [info] [Info  - 18:47:39] (7560) Found 16 source files
2024-01-06 19:22:58.336 [info] [Info  - 19:22:58] (7560) Found 16 source files
2024-01-06 19:22:58.868 [info] [Info  - 19:22:58] (7560) Found 16 source files
2024-01-06 19:40:50.158 [info] [Info  - 19:40:50] (7560) Found 16 source files
2024-01-06 19:40:50.720 [info] [Info  - 19:40:50] (7560) Found 16 source files
2024-01-06 19:42:27.964 [info] [Info  - 19:42:27] (7560) Found 16 source files
2024-01-06 19:42:28.476 [info] [Info  - 19:42:28] (7560) Found 16 source files
2024-01-06 19:43:50.664 [info] [Info  - 19:43:50] (7560) Found 16 source files
2024-01-06 19:43:51.181 [info] [Info  - 19:43:51] (7560) Found 16 source files
2024-01-06 19:51:22.088 [info] [Info  - 19:51:22] (7560) Found 16 source files
2024-01-06 19:51:22.607 [info] [Info  - 19:51:22] (7560) Found 16 source files
2024-01-06 19:56:22.715 [info] [Info  - 19:56:22] (7560) Found 16 source files
2024-01-06 19:56:23.235 [info] [Info  - 19:56:23] (7560) Found 16 source files
2024-01-06 19:56:23.781 [info] [Info  - 19:56:23] (7560) Found 16 source files
2024-01-06 19:58:46.531 [info] [Info  - 19:58:46] (7560) Found 16 source files
2024-01-06 19:58:47.984 [info] [Info  - 19:58:47] (7560) Found 16 source files
2024-01-06 19:58:48.393 [info] [Info  - 19:58:48] (7560) Found 16 source files
2024-01-06 19:58:53.471 [info] [Info  - 19:58:53] (7560) Found 16 source files
2024-01-06 19:58:53.880 [info] [Info  - 19:58:53] (7560) Found 16 source files
2024-01-06 20:03:12.732 [info] [Info  - 20:03:12] (7560) Found 16 source files
2024-01-06 20:03:13.238 [info] [Info  - 20:03:13] (7560) Found 16 source files
2024-01-06 20:04:39.067 [info] [Info  - 20:04:39] (7560) Found 16 source files
2024-01-06 20:19:17.717 [info] [Info  - 20:19:17] (7560) Found 16 source files
2024-01-06 20:19:18.470 [info] [Info  - 20:19:18] (7560) Found 16 source files
2024-01-06 20:19:39.684 [info] [Info  - 20:19:39] (7560) Found 16 source files
2024-01-06 20:19:40.196 [info] [Info  - 20:19:40] (7560) Found 16 source files
2024-01-06 20:20:00.350 [info] [Info  - 20:20:00] (7560) Found 17 source files
2024-01-06 20:21:32.116 [info] [Info  - 20:21:32] (7560) Found 17 source files
2024-01-06 20:21:32.648 [info] [Info  - 20:21:32] (7560) Found 17 source files
