In file included from [01m[K/usr/include/c++/11/ctime:42[m[K,
                 from [01m[K/usr/include/c++/11/chrono:42[m[K,
                 from [01m[K/usr/include/c++/11/bits/fs_fwd.h:37[m[K,
                 from [01m[K/usr/include/c++/11/filesystem:44[m[K,
                 from [01m[K/root/Downloads/navigation2-main/nav2_map_server/test/component/test_map_saver_publisher.cpp:15[m[K:
[01m[K/opt/ros/humble/include/tf2/time.h:40:23:[m[K [01;31m[Kerror: [m[K‘[01m[Kchrono[m[K’ in namespace ‘[01m[Kstd[m[K’ does not name a type
   40 | using Duration = std::[01;31m[Kchrono[m[K::nanoseconds;
      |                       [01;31m[K^~~~~~[m[K
[01m[K/opt/ros/humble/include/tf2/time.h:41:24:[m[K [01;31m[Kerror: [m[K‘[01m[Kchrono[m[K’ in namespace ‘[01m[Kstd[m[K’ does not name a type
   41 | using TimePoint = std::[01;31m[Kchrono[m[K::time_point<std::chrono::system_clock, Duration>;
      |                        [01;31m[K^~~~~~[m[K
[01m[K/opt/ros/humble/include/tf2/time.h:43:24:[m[K [01;31m[Kerror: [m[K‘[01m[Kchrono[m[K’ in namespace ‘[01m[Kstd[m[K’ does not name a type
   43 | using IDuration = std::[01;31m[Kchrono[m[K::duration<int, std::nano>;
      |                        [01;31m[K^~~~~~[m[K
[01m[K/opt/ros/humble/include/tf2/time.h:45:14:[m[K [01;31m[Kerror: [m[K‘[01m[KTimePoint[m[K’ does not name a type
   45 | static const [01;31m[KTimePoint[m[K TimePointZero = TimePoint(IDuration::zero());
      |              [01;31m[K^~~~~~~~~[m[K
[01m[K/opt/ros/humble/include/tf2/time.h:48:1:[m[K [01;31m[Kerror: [m[K‘[01m[KTimePoint[m[K’ does not name a type
   48 | [01;31m[KTimePoint[m[K get_now();
      | [01;31m[K^~~~~~~~~[m[K
[01m[K/opt/ros/humble/include/tf2/time.h:51:1:[m[K [01;31m[Kerror: [m[K‘[01m[KDuration[m[K’ does not name a type
   51 | [01;31m[KDuration[m[K durationFromSec(double t_sec);
      | [01;31m[K^~~~~~~~[m[K
[01m[K/opt/ros/humble/include/tf2/time.h:54:1:[m[K [01;31m[Kerror: [m[K‘[01m[KTimePoint[m[K’ does not name a type
   54 | [01;31m[KTimePoint[m[K timeFromSec(double t_sec);
      | [01;31m[K^~~~~~~~~[m[K
[01m[K/opt/ros/humble/include/tf2/time.h:57:33:[m[K [01;31m[Kerror: [m[K‘[01m[KDuration[m[K’ in namespace ‘[01m[Ktf2[m[K’ does not name a type
   57 | double durationToSec(const tf2::[01;31m[KDuration[m[K & input);
      |                                 [01;31m[K^~~~~~~~[m[K
[01m[K/opt/ros/humble/include/tf2/time.h:60:24:[m[K [01;31m[Kerror: [m[K‘[01m[KTimePoint[m[K’ does not name a type
   60 | double timeToSec(const [01;31m[KTimePoint[m[K & timepoint);
      |                        [01;31m[K^~~~~~~~~[m[K
[01m[K/opt/ros/humble/include/tf2/time.h:63:36:[m[K [01;31m[Kerror: [m[K‘[01m[KTimePoint[m[K’ does not name a type
   63 | std::string displayTimePoint(const [01;31m[KTimePoint[m[K & stamp);
      |                                    [01;31m[K^~~~~~~~~[m[K
In file included from [01m[K/usr/include/c++/11/ctime:42[m[K,
                 from [01m[K/usr/include/c++/11/chrono:42[m[K,
                 from [01m[K/usr/include/c++/11/mutex:39[m[K,
                 from [01m[K/usr/include/c++/11/future:38[m[K,
                 from [01m[K/opt/ros/humble/include/rclcpp/rclcpp/executors.hpp:18[m[K,
                 from [01m[K/opt/ros/humble/include/rclcpp/rclcpp/rclcpp.hpp:155[m[K,
                 from [01m[K/root/Downloads/navigation2-main/nav2_map_server/include/nav2_map_server/map_saver.hpp:22[m[K,
                 from [01m[K/root/Downloads/navigation2-main/nav2_map_server/src/map_saver/map_saver.cpp:32[m[K:
[01m[K/opt/ros/humble/include/tf2/time.h:40:23:[m[K [01;31m[Kerror: [m[K‘[01m[Kchrono[m[K’ in namespace ‘[01m[Kstd[m[K’ does not name a type
   40 | using Duration = std::[01;31m[Kchrono[m[K::nanoseconds;
      |                       [01;31m[K^~~~~~[m[K
[01m[K/opt/ros/humble/include/tf2/time.h:41:24:[m[K [01;31m[Kerror: [m[K‘[01m[Kchrono[m[K’ in namespace ‘[01m[Kstd[m[K’ does not name a type
   41 | using TimePoint = std::[01;31m[Kchrono[m[K::time_point<std::chrono::system_clock, Duration>;
      |                        [01;31m[K^~~~~~[m[K
[01m[K/opt/ros/humble/include/tf2/time.h:43:24:[m[K [01;31m[Kerror: [m[K‘[01m[Kchrono[m[K’ in namespace ‘[01m[Kstd[m[K’ does not name a type
   43 | using IDuration = std::[01;31m[Kchrono[m[K::duration<int, std::nano>;
      |                        [01;31m[K^~~~~~[m[K
[01m[K/opt/ros/humble/include/tf2/time.h:45:14:[m[K [01;31m[Kerror: [m[K‘[01m[KTimePoint[m[K’ does not name a type
   45 | static const [01;31m[KTimePoint[m[K TimePointZero = TimePoint(IDuration::zero());
      |              [01;31m[K^~~~~~~~~[m[K
In file included from [01m[K/usr/include/c++/11/ctime:42[m[K,
                 from [01m[K/usr/include/c++/11/chrono:42[m[K,
                 from [01m[K/usr/include/c++/11/mutex:39[m[K,
                 from [01m[K/usr/include/c++/11/future:38[m[K,
                 from [01m[K/opt/ros/humble/include/rclcpp/rclcpp/executors.hpp:18[m[K,
                 from [01m[K/opt/ros/humble/include/rclcpp/rclcpp/rclcpp.hpp:155[m[K,
                 from [01m[K/root/Downloads/navigation2-main/nav2_map_server/include/nav2_map_server/costmap_filter_info_server.hpp:20[m[K,
                 from [01m[K/root/Downloads/navigation2-main/nav2_map_server/src/costmap_filter_info/costmap_filter_info_server.cpp:18[m[K:
[01m[K/opt/ros/humble/include/tf2/time.h:40:23:[m[K [01;31m[Kerror: [m[K‘[01m[Kchrono[m[K’ in namespace ‘[01m[Kstd[m[K’ does not name a type
   40 | using Duration = std::[01;31m[Kchrono[m[K::nanoseconds;
      |                       [01;31m[K^~~~~~[m[K
[01m[K/opt/ros/humble/include/tf2/time.h:41:24:[m[K [01;31m[Kerror: [m[K‘[01m[Kchrono[m[K’ in namespace ‘[01m[Kstd[m[K’ does not name a type
   41 | using TimePoint = std::[01;31m[Kchrono[m[K::time_point<std::chrono::system_clock, Duration>;
      |                        [01;31m[K^~~~~~[m[K
[01m[K/opt/ros/humble/include/tf2/time.h:48:1:[m[K [01;31m[Kerror: [m[K‘[01m[KTimePoint[m[K’ does not name a type
   48 | [01;31m[KTimePoint[m[K get_now();
      | [01;31m[K^~~~~~~~~[m[K
[01m[K/opt/ros/humble/include/tf2/time.h:43:24:[m[K [01;31m[Kerror: [m[K‘[01m[Kchrono[m[K’ in namespace ‘[01m[Kstd[m[K’ does not name a type
   43 | using IDuration = std::[01;31m[Kchrono[m[K::duration<int, std::nano>;
      |                        [01;31m[K^~~~~~[m[K
[01m[K/opt/ros/humble/include/tf2/time.h:51:1:[m[K [01;31m[Kerror: [m[K‘[01m[KDuration[m[K’ does not name a type
   51 | [01;31m[KDuration[m[K durationFromSec(double t_sec);
      | [01;31m[K^~~~~~~~[m[K
[01m[K/opt/ros/humble/include/tf2/time.h:45:14:[m[K [01;31m[Kerror: [m[K‘[01m[KTimePoint[m[K’ does not name a type
   45 | static const [01;31m[KTimePoint[m[K TimePointZero = TimePoint(IDuration::zero());
      |              [01;31m[K^~~~~~~~~[m[K
[01m[K/opt/ros/humble/include/tf2/time.h:54:1:[m[K [01;31m[Kerror: [m[K‘[01m[KTimePoint[m[K’ does not name a type
   54 | [01;31m[KTimePoint[m[K timeFromSec(double t_sec);
      | [01;31m[K^~~~~~~~~[m[K
[01m[K/opt/ros/humble/include/tf2/time.h:57:33:[m[K [01;31m[Kerror: [m[K‘[01m[KDuration[m[K’ in namespace ‘[01m[Ktf2[m[K’ does not name a type
   57 | double durationToSec(const tf2::[01;31m[KDuration[m[K & input);
      |                                 [01;31m[K^~~~~~~~[m[K
[01m[K/opt/ros/humble/include/tf2/time.h:48:1:[m[K [01;31m[Kerror: [m[K‘[01m[KTimePoint[m[K’ does not name a type
   48 | [01;31m[KTimePoint[m[K get_now();
      | [01;31m[K^~~~~~~~~[m[K
[01m[K/opt/ros/humble/include/tf2/time.h:60:24:[m[K [01;31m[Kerror: [m[K‘[01m[KTimePoint[m[K’ does not name a type
   60 | double timeToSec(const [01;31m[KTimePoint[m[K & timepoint);
      |                        [01;31m[K^~~~~~~~~[m[K
[01m[K/opt/ros/humble/include/tf2/time.h:51:1:[m[K [01;31m[Kerror: [m[K‘[01m[KDuration[m[K’ does not name a type
   51 | [01;31m[KDuration[m[K durationFromSec(double t_sec);
      | [01;31m[K^~~~~~~~[m[K
[01m[K/opt/ros/humble/include/tf2/time.h:63:36:[m[K [01;31m[Kerror: [m[K‘[01m[KTimePoint[m[K’ does not name a type
   63 | std::string displayTimePoint(const [01;31m[KTimePoint[m[K & stamp);
      |                                    [01;31m[K^~~~~~~~~[m[K
[01m[K/opt/ros/humble/include/tf2/time.h:54:1:[m[K [01;31m[Kerror: [m[K‘[01m[KTimePoint[m[K’ does not name a type
   54 | [01;31m[KTimePoint[m[K timeFromSec(double t_sec);
      | [01;31m[K^~~~~~~~~[m[K
[01m[K/opt/ros/humble/include/tf2/time.h:57:33:[m[K [01;31m[Kerror: [m[K‘[01m[KDuration[m[K’ in namespace ‘[01m[Ktf2[m[K’ does not name a type
   57 | double durationToSec(const tf2::[01;31m[KDuration[m[K & input);
      |                                 [01;31m[K^~~~~~~~[m[K
[01m[K/opt/ros/humble/include/tf2/time.h:60:24:[m[K [01;31m[Kerror: [m[K‘[01m[KTimePoint[m[K’ does not name a type
   60 | double timeToSec(const [01;31m[KTimePoint[m[K & timepoint);
      |                        [01;31m[K^~~~~~~~~[m[K
[01m[K/opt/ros/humble/include/tf2/time.h:63:36:[m[K [01;31m[Kerror: [m[K‘[01m[KTimePoint[m[K’ does not name a type
   63 | std::string displayTimePoint(const [01;31m[KTimePoint[m[K & stamp);
      |                                    [01;31m[K^~~~~~~~~[m[K
In file included from [01m[K/usr/include/c++/11/ctime:42[m[K,
                 from [01m[K/usr/include/c++/11/chrono:42[m[K,
                 from [01m[K/usr/include/c++/11/mutex:39[m[K,
                 from [01m[K/usr/include/c++/11/future:38[m[K,
                 from [01m[K/opt/ros/humble/include/rclcpp/rclcpp/executors.hpp:18[m[K,
                 from [01m[K/opt/ros/humble/include/rclcpp/rclcpp/rclcpp.hpp:155[m[K,
                 from [01m[K/root/Downloads/navigation2-main/nav2_map_server/include/nav2_map_server/map_server.hpp:22[m[K,
                 from [01m[K/root/Downloads/navigation2-main/nav2_map_server/src/map_server/map_server.cpp:47[m[K:
[01m[K/opt/ros/humble/include/tf2/time.h:40:23:[m[K [01;31m[Kerror: [m[K‘[01m[Kchrono[m[K’ in namespace ‘[01m[Kstd[m[K’ does not name a type
   40 | using Duration = std::[01;31m[Kchrono[m[K::nanoseconds;
      |                       [01;31m[K^~~~~~[m[K
[01m[K/opt/ros/humble/include/tf2/time.h:41:24:[m[K [01;31m[Kerror: [m[K‘[01m[Kchrono[m[K’ in namespace ‘[01m[Kstd[m[K’ does not name a type
   41 | using TimePoint = std::[01;31m[Kchrono[m[K::time_point<std::chrono::system_clock, Duration>;
      |                        [01;31m[K^~~~~~[m[K
[01m[K/opt/ros/humble/include/tf2/time.h:43:24:[m[K [01;31m[Kerror: [m[K‘[01m[Kchrono[m[K’ in namespace ‘[01m[Kstd[m[K’ does not name a type
   43 | using IDuration = std::[01;31m[Kchrono[m[K::duration<int, std::nano>;
      |                        [01;31m[K^~~~~~[m[K
[01m[K/opt/ros/humble/include/tf2/time.h:45:14:[m[K [01;31m[Kerror: [m[K‘[01m[KTimePoint[m[K’ does not name a type
   45 | static const [01;31m[KTimePoint[m[K TimePointZero = TimePoint(IDuration::zero());
      |              [01;31m[K^~~~~~~~~[m[K
[01m[K/opt/ros/humble/include/tf2/time.h:48:1:[m[K [01;31m[Kerror: [m[K‘[01m[KTimePoint[m[K’ does not name a type
   48 | [01;31m[KTimePoint[m[K get_now();
      | [01;31m[K^~~~~~~~~[m[K
[01m[K/opt/ros/humble/include/tf2/time.h:51:1:[m[K [01;31m[Kerror: [m[K‘[01m[KDuration[m[K’ does not name a type
   51 | [01;31m[KDuration[m[K durationFromSec(double t_sec);
      | [01;31m[K^~~~~~~~[m[K
[01m[K/opt/ros/humble/include/tf2/time.h:54:1:[m[K [01;31m[Kerror: [m[K‘[01m[KTimePoint[m[K’ does not name a type
   54 | [01;31m[KTimePoint[m[K timeFromSec(double t_sec);
      | [01;31m[K^~~~~~~~~[m[K
[01m[K/opt/ros/humble/include/tf2/time.h:57:33:[m[K [01;31m[Kerror: [m[K‘[01m[KDuration[m[K’ in namespace ‘[01m[Ktf2[m[K’ does not name a type
   57 | double durationToSec(const tf2::[01;31m[KDuration[m[K & input);
      |                                 [01;31m[K^~~~~~~~[m[K
[01m[K/opt/ros/humble/include/tf2/time.h:60:24:[m[K [01;31m[Kerror: [m[K‘[01m[KTimePoint[m[K’ does not name a type
   60 | double timeToSec(const [01;31m[KTimePoint[m[K & timepoint);
      |                        [01;31m[K^~~~~~~~~[m[K
[01m[K/opt/ros/humble/include/tf2/time.h:63:36:[m[K [01;31m[Kerror: [m[K‘[01m[KTimePoint[m[K’ does not name a type
   63 | std::string displayTimePoint(const [01;31m[KTimePoint[m[K & stamp);
      |                                    [01;31m[K^~~~~~~~~[m[K
gmake[2]: *** [test/component/CMakeFiles/test_map_saver_publisher.dir/build.make:76: test/component/CMakeFiles/test_map_saver_publisher.dir/test_map_saver_publisher.cpp.o] Error 1
gmake[1]: *** [CMakeFiles/Makefile2:566: test/component/CMakeFiles/test_map_saver_publisher.dir/all] Error 2
gmake[1]: *** Waiting for unfinished jobs....
gmake[2]: *** [CMakeFiles/map_server_core.dir/build.make:104: CMakeFiles/map_server_core.dir/src/costmap_filter_info/costmap_filter_info_server.cpp.o] Error 1
gmake[2]: *** Waiting for unfinished jobs....
gmake[2]: *** [CMakeFiles/map_server_core.dir/build.make:76: CMakeFiles/map_server_core.dir/src/map_server/map_server.cpp.o] Error 1
gmake[2]: *** [CMakeFiles/map_server_core.dir/build.make:90: CMakeFiles/map_server_core.dir/src/map_saver/map_saver.cpp.o] Error 1
gmake[1]: *** [CMakeFiles/Makefile2:373: CMakeFiles/map_server_core.dir/all] Error 2
gmake: *** [Makefile:146: all] Error 2
