2024-01-06 18:42:44.181 [info] Extension host with pid 7783 started
2024-01-06 18:42:44.214 [info] ExtensionService#_doActivateExtension vscode.git-base, startup: true, activationEvent: '*', root cause: vscode.git
2024-01-06 18:42:44.218 [info] ExtensionService#_doActivateExtension vscode.git, startup: true, activationEvent: '*'
2024-01-06 18:42:44.235 [info] ExtensionService#_doActivateExtension vscode.github, startup: true, activationEvent: '*'
2024-01-06 18:42:44.271 [info] Eager extensions activated
2024-01-06 18:42:44.291 [info] ExtensionService#_doActivateExtension vscode.debug-auto-launch, startup: false, activationEvent: 'onStartupFinished'
2024-01-06 18:42:44.292 [info] ExtensionService#_doActivateExtension vscode.merge-conflict, startup: false, activationEvent: 'onStartupFinished'
2024-01-06 18:42:44.297 [info] ExtensionService#_doActivateExtension usernamehw.remove-empty-lines, startup: false, activationEvent: 'onStartupFinished'
2024-01-06 18:42:45.517 [info] Extension host terminating: renderer closed the MessagePort
2024-01-06 18:42:45.545 [error] ProxyResolver#addCertificatesV1 Canceled: Canceled
	at new g (/snap/code/148/usr/share/code/resources/app/out/vs/workbench/api/node/extensionHostProcess.js:141:110274)
	at l.U (/snap/code/148/usr/share/code/resources/app/out/vs/workbench/api/node/extensionHostProcess.js:150:10866)
	at P.<computed>.j.charCodeAt.P.<computed> (/snap/code/148/usr/share/code/resources/app/out/vs/workbench/api/node/extensionHostProcess.js:150:8317)
	at A.loadCertificates (/snap/code/148/usr/share/code/resources/app/out/vs/workbench/api/node/extensionHostProcess.js:151:39023)
	at Object.loadAdditionalCertificates (/snap/code/148/usr/share/code/resources/app/out/vs/workbench/api/node/extensionHostProcess.js:133:34240)
	at /snap/code/148/usr/share/code/resources/app/node_modules.asar/@vscode/proxy-agent/out/index.js:475:53
	at Generator.next (<anonymous>)
	at /snap/code/148/usr/share/code/resources/app/node_modules.asar/@vscode/proxy-agent/out/index.js:35:71
	at new Promise (<anonymous>)
	at __awaiter (/snap/code/148/usr/share/code/resources/app/node_modules.asar/@vscode/proxy-agent/out/index.js:31:12)
	at /snap/code/148/usr/share/code/resources/app/node_modules.asar/@vscode/proxy-agent/out/index.js:474:43
	at /snap/code/148/usr/share/code/resources/app/node_modules.asar/@vscode/proxy-agent/out/index.js:476:16
	at Generator.next (<anonymous>)
	at /snap/code/148/usr/share/code/resources/app/node_modules.asar/@vscode/proxy-agent/out/index.js:35:71
	at new Promise (<anonymous>)
	at __awaiter (/snap/code/148/usr/share/code/resources/app/node_modules.asar/@vscode/proxy-agent/out/index.js:31:12)
	at getOrLoadAdditionalCertificates (/snap/code/148/usr/share/code/resources/app/node_modules.asar/@vscode/proxy-agent/out/index.js:472:12)
	at addCertificatesV1 (/snap/code/148/usr/share/code/resources/app/node_modules.asar/@vscode/proxy-agent/out/index.js:456:9)
	at resolveProxy (/snap/code/148/usr/share/code/resources/app/node_modules.asar/@vscode/proxy-agent/out/index.js:112:9)
	at /snap/code/148/usr/share/code/resources/app/node_modules.asar/@vscode/proxy-agent/out/index.js:303:77
	at new Promise (<anonymous>)
	at _PacProxyAgent.resolveP [as resolver] (/snap/code/148/usr/share/code/resources/app/node_modules.asar/@vscode/proxy-agent/out/index.js:303:54)
	at _PacProxyAgent.<anonymous> (/snap/code/148/usr/share/code/resources/app/node_modules.asar/@vscode/proxy-agent/out/agent.js:70:37)
	at Generator.next (<anonymous>)
	at /snap/code/148/usr/share/code/resources/app/node_modules.asar/@vscode/proxy-agent/out/agent.js:8:71
	at new Promise (<anonymous>)
	at __awaiter (/snap/code/148/usr/share/code/resources/app/node_modules.asar/@vscode/proxy-agent/out/agent.js:4:12)
	at _PacProxyAgent.connect (/snap/code/148/usr/share/code/resources/app/node_modules.asar/@vscode/proxy-agent/out/agent.js:52:16)
	at /snap/code/148/usr/share/code/resources/app/node_modules.asar/agent-base/dist/index.js:73:30
2024-01-06 18:42:45.545 [info] Extension host with pid 7783 exiting with code 0
